<!DOCTYPE html PUBLIC "-//W3C//DTD XHTML 1.1//EN" "https://www.w3.org/TR/xhtml11/DTD/xhtml11.dtd">
<html xmlns="https://www.w3.org/1999/xhtml">
<head>
<meta http-equiv="content-type" content="text/html; charset=UTF-8"/>
<title>TestNG Report</title>
<style type="text/css">table {margin-bottom:10px;border-collapse:collapse;empty-cells:show}th,td {border:1px solid #009;padding:.25em .5em}th {vertical-align:bottom}td {vertical-align:top}table a {font-weight:bold}.stripe td {background-color: #E6EBF9}.num {text-align:right}.passedodd td {background-color: #3F3}.passedeven td {background-color: #0A0}.skippedodd td {background-color: #DDD}.skippedeven td {background-color: #CCC}.failedodd td,.attn {background-color: #F33}.failedeven td,.stripe .attn {background-color: #D00}.stacktrace {white-space:pre;font-family:monospace}.totop {font-size:85%;text-align:center;border-bottom:2px solid #000}.invisible {display:none}</style>
</head>
<body>
<table>
<tr><th>Test</th><th># Passed</th><th># Skipped</th><th># Retried</th><th># Failed</th><th>Time (ms)</th><th>Included Groups</th><th>Excluded Groups</th></tr>
<tr><th colspan="8">Suite</th></tr>
<tr><td><a href="#t0">Test</a></td><td class="num">51</td><td class="num">0</td><td class="num">0</td><td class="num attn">15</td><td class="num">191,947</td><td></td><td></td></tr>
</table>
<table id='summary'><thead><tr><th>Class</th><th>Method</th><th>Start</th><th>Time (ms)</th></tr></thead><tbody><tr><th colspan="4">Suite</th></tr></tbody><tbody id="t0"><tr><th colspan="4">Test &#8212; failed</th></tr><tr class="failedeven"><td rowspan="8">testCases.DS_IntroductionTests</td><td><a href="#m0">DS_PythonEditor_InValidCodes</a></td><td rowspan="1">1727818510725</td><td rowspan="1">93</td></tr><tr class="failedeven"><td><a href="#m1">DS_PythonEditor_ValidCodes</a></td><td rowspan="1">1727818631117</td><td rowspan="1">2</td></tr><tr class="failedeven"><td><a href="#m2">DS_PythonEditor_WithoutCodes</a></td><td rowspan="1">1727818510912</td><td rowspan="1">12</td></tr><tr class="failedeven"><td><a href="#m3">DS_TimeComplexity_SignOutBtn</a></td><td rowspan="1">1727818510929</td><td rowspan="1">6</td></tr><tr class="failedeven"><td><a href="#m4">Test_DS_TimeComplexityLink</a></td><td rowspan="1">1727818510939</td><td rowspan="1">4</td></tr><tr class="failedeven"><td><a href="#m5">Test_DS_TimeComplexity_Practice_Questions_link</a></td><td rowspan="1">1727818548878</td><td rowspan="1">12</td></tr><tr class="failedeven"><td><a href="#m6">Test_DS_TryHere</a></td><td rowspan="1">1727818605411</td><td rowspan="1">4</td></tr><tr class="failedeven"><td><a href="#m7">Test_LeftPanel_TimeComplexity</a></td><td rowspan="1">1727818510948</td><td rowspan="1">4</td></tr><tr class="failedodd"><td rowspan="2">testCases.HomePageTests</td><td><a href="#m8">clickNumpyNinjaLinkFromHomePagesAfterSignIn</a></td><td rowspan="1">1727818685819</td><td rowspan="1">11499</td></tr><tr class="failedodd"><td><a href="#m9">clickNumpyNinjaLinkFromHomePagesBeforeSignIn</a></td><td rowspan="1">1727818673197</td><td rowspan="1">10698</td></tr><tr class="failedeven"><td rowspan="4">testCases.RegisterPageTest</td><td><a href="#m10">checkRegisterWithImproperPassword</a></td><td rowspan="4">1727818661379</td><td rowspan="4">1196</td></tr><tr class="failedeven"><td><a href="#m11">checkRegisterWithImproperPassword</a></td></tr><tr class="failedeven"><td><a href="#m12">checkRegisterWithImproperPassword</a></td></tr><tr class="failedeven"><td><a href="#m13">checkRegisterWithImproperPassword</a></td></tr><tr class="failedodd"><td rowspan="1">testCases.SignInPagetest</td><td><a href="#m14">checkUsernameDisplayAfterLogin</a></td><td rowspan="1">1727818586079</td><td rowspan="1">1314</td></tr><tr><th colspan="4">Test &#8212; passed</th></tr><tr class="passedeven"><td rowspan="2">testCases.GetStartedPageTest</td><td><a href="#m15">CopyrightNumpyNinja2021Display</a></td><td rowspan="1">1727818550481</td><td rowspan="1">50</td></tr><tr class="passedeven"><td><a href="#m16">TestGetStartedButton</a></td><td rowspan="1">1727818513014</td><td rowspan="1">395</td></tr><tr class="passedodd"><td rowspan="35">testCases.HomePageTests</td><td><a href="#m17">clickGetStartedButtonAfterSignIn</a></td><td rowspan="7">1727818579612</td><td rowspan="7">1756</td></tr><tr class="passedodd"><td><a href="#m18">clickGetStartedButtonAfterSignIn</a></td></tr><tr class="passedodd"><td><a href="#m19">clickGetStartedButtonAfterSignIn</a></td></tr><tr class="passedodd"><td><a href="#m20">clickGetStartedButtonAfterSignIn</a></td></tr><tr class="passedodd"><td><a href="#m21">clickGetStartedButtonAfterSignIn</a></td></tr><tr class="passedodd"><td><a href="#m22">clickGetStartedButtonAfterSignIn</a></td></tr><tr class="passedodd"><td><a href="#m23">clickGetStartedButtonAfterSignIn</a></td></tr><tr class="passedodd"><td><a href="#m24">clickGetStartedButtonWithoutSignIn</a></td><td rowspan="7">1727818533204</td><td rowspan="7">684</td></tr><tr class="passedodd"><td><a href="#m25">clickGetStartedButtonWithoutSignIn</a></td></tr><tr class="passedodd"><td><a href="#m26">clickGetStartedButtonWithoutSignIn</a></td></tr><tr class="passedodd"><td><a href="#m27">clickGetStartedButtonWithoutSignIn</a></td></tr><tr class="passedodd"><td><a href="#m28">clickGetStartedButtonWithoutSignIn</a></td></tr><tr class="passedodd"><td><a href="#m29">clickGetStartedButtonWithoutSignIn</a></td></tr><tr class="passedodd"><td><a href="#m30">clickGetStartedButtonWithoutSignIn</a></td></tr><tr class="passedodd"><td><a href="#m31">clickNumpyNinjaLinkFromRegisterPage</a></td><td rowspan="1">1727818701742</td><td rowspan="1">725</td></tr><tr class="passedodd"><td><a href="#m32">clickNumpyNinjaLinkFromSignInPage</a></td><td rowspan="1">1727818699372</td><td rowspan="1">786</td></tr><tr class="passedodd"><td><a href="#m33">clickNumpyNinjaLinkFromTopicPagesAfterSignIn</a></td><td rowspan="7">1727818643690</td><td rowspan="7">1859</td></tr><tr class="passedodd"><td><a href="#m34">clickNumpyNinjaLinkFromTopicPagesAfterSignIn</a></td></tr><tr class="passedodd"><td><a href="#m35">clickNumpyNinjaLinkFromTopicPagesAfterSignIn</a></td></tr><tr class="passedodd"><td><a href="#m36">clickNumpyNinjaLinkFromTopicPagesAfterSignIn</a></td></tr><tr class="passedodd"><td><a href="#m37">clickNumpyNinjaLinkFromTopicPagesAfterSignIn</a></td></tr><tr class="passedodd"><td><a href="#m38">clickNumpyNinjaLinkFromTopicPagesAfterSignIn</a></td></tr><tr class="passedodd"><td><a href="#m39">clickNumpyNinjaLinkFromTopicPagesAfterSignIn</a></td></tr><tr class="passedodd"><td><a href="#m40">selectDataStructureDropdownTopicAfterSignIn</a></td><td rowspan="6">1727818609436</td><td rowspan="6">1893</td></tr><tr class="passedodd"><td><a href="#m41">selectDataStructureDropdownTopicAfterSignIn</a></td></tr><tr class="passedodd"><td><a href="#m42">selectDataStructureDropdownTopicAfterSignIn</a></td></tr><tr class="passedodd"><td><a href="#m43">selectDataStructureDropdownTopicAfterSignIn</a></td></tr><tr class="passedodd"><td><a href="#m44">selectDataStructureDropdownTopicAfterSignIn</a></td></tr><tr class="passedodd"><td><a href="#m45">selectDataStructureDropdownTopicAfterSignIn</a></td></tr><tr class="passedodd"><td><a href="#m46">selectDataStructureDropdownTopicWithoutSignIn</a></td><td rowspan="6">1727818599066</td><td rowspan="6">729</td></tr><tr class="passedodd"><td><a href="#m47">selectDataStructureDropdownTopicWithoutSignIn</a></td></tr><tr class="passedodd"><td><a href="#m48">selectDataStructureDropdownTopicWithoutSignIn</a></td></tr><tr class="passedodd"><td><a href="#m49">selectDataStructureDropdownTopicWithoutSignIn</a></td></tr><tr class="passedodd"><td><a href="#m50">selectDataStructureDropdownTopicWithoutSignIn</a></td></tr><tr class="passedodd"><td><a href="#m51">selectDataStructureDropdownTopicWithoutSignIn</a></td></tr><tr class="passedeven"><td rowspan="5">testCases.RegisterPageTest</td><td><a href="#m52">RegisterNewAccount</a></td><td rowspan="1">1727818547365</td><td rowspan="1">1319</td></tr><tr class="passedeven"><td><a href="#m53">RegisterNewUserWithExistingPwd</a></td><td rowspan="1">1727818603935</td><td rowspan="1">1267</td></tr><tr class="passedeven"><td><a href="#m54">checkMovingToLoginPageFromRegisterPage</a></td><td rowspan="1">1727818630177</td><td rowspan="1">789</td></tr><tr class="passedeven"><td><a href="#m55">checkRegisterWithImproperPassword</a></td><td rowspan="1">1727818658510</td><td rowspan="1">1253</td></tr><tr class="passedeven"><td><a href="#m56">checkUsernameLinkDisplayAtHomePageAfterRegister</a></td><td rowspan="1">1727818583051</td><td rowspan="1">1261</td></tr><tr class="passedodd"><td rowspan="9">testCases.SignInPagetest</td><td><a href="#m57">checkMovingToRegisterPageFromLoginPage</a></td><td rowspan="1">1727818606986</td><td rowspan="1">752</td></tr><tr class="passedodd"><td><a href="#m58">checkValidAndInvalidLoginTest</a></td><td rowspan="5">1727818527908</td><td rowspan="5">1055</td></tr><tr class="passedodd"><td><a href="#m59">checkValidAndInvalidLoginTest</a></td></tr><tr class="passedodd"><td><a href="#m60">checkValidAndInvalidLoginTest</a></td></tr><tr class="passedodd"><td><a href="#m61">checkValidAndInvalidLoginTest</a></td></tr><tr class="passedodd"><td><a href="#m62">checkValidAndInvalidLoginTest</a></td></tr><tr class="passedodd"><td><a href="#m63">testLoginWithoutUsername</a></td><td rowspan="3">1727818552202</td><td rowspan="3">790</td></tr><tr class="passedodd"><td><a href="#m64">testLoginWithoutUsername</a></td></tr><tr class="passedodd"><td><a href="#m65">testLoginWithoutUsername</a></td></tr></tbody>
</table>
<h2>Test</h2><h3 id="m0">testCases.DS_IntroductionTests#DS_PythonEditor_InValidCodes</h3><table class="result"><tr><th>Exception</th></tr><tr><td><div class="stacktrace">java.lang.NullPointerException: Cannot invoke &quot;org.openqa.selenium.SearchContext.findElement(org.openqa.selenium.By)&quot; because &quot;this.searchContext&quot; is null
	at org.openqa.selenium.support.pagefactory.DefaultElementLocator.findElement(DefaultElementLocator.java:68)
	at org.openqa.selenium.support.pagefactory.internal.LocatingElementHandler.invoke(LocatingElementHandler.java:38)
	at jdk.proxy2/jdk.proxy2.$Proxy22.click(Unknown Source)
	at pageObject.GetStartedPage.clickGetStartedSP(GetStartedPage.java:25)
	at pageObject.HomePage.Login_HomePage(HomePage.java:120)
	at testCases.DS_IntroductionTests.DS_PythonEditor_InValidCodes(DS_IntroductionTests.java:100)
	at java.base/java.util.ArrayList.forEach(ArrayList.java:1597)
... Removed 25 stack frames</div></td></tr></table><p class="totop"><a href="#summary">back to summary</a></p>
<h3 id="m1">testCases.DS_IntroductionTests#DS_PythonEditor_ValidCodes</h3><table class="result"><tr><th>Exception</th></tr><tr><td><div class="stacktrace">org.openqa.selenium.NoSuchSessionException: Session ID is null. Using WebDriver after calling quit()?
Build info: version: &apos;4.20.0&apos;, revision: &apos;866c76ca80&apos;
System info: os.name: &apos;Windows 11&apos;, os.arch: &apos;amd64&apos;, os.version: &apos;10.0&apos;, java.version: &apos;22&apos;
Driver info: org.openqa.selenium.chrome.ChromeDriver
Command: [null, findElement {value=//button[normalize-space()=&apos;Get Started&apos;], using=xpath}]
Capabilities {acceptInsecureCerts: false, browserName: chrome, browserVersion: 129.0.6668.60, chrome: {chromedriverVersion: 129.0.6668.70 (df87d5cf12b1..., userDataDir: C:\Users\rushi\AppData\Loca...}, fedcm:accounts: true, goog:chromeOptions: {debuggerAddress: localhost:58639}, networkConnectionEnabled: false, pageLoadStrategy: normal, platformName: windows, proxy: Proxy(), se:cdp: ws://localhost:58639/devtoo..., se:cdpVersion: 129.0.6668.60, setWindowRect: true, strictFileInteractability: false, timeouts: {implicit: 0, pageLoad: 300000, script: 30000}, unhandledPromptBehavior: dismiss and notify, webauthn:extension:credBlob: true, webauthn:extension:largeBlob: true, webauthn:extension:minPinLength: true, webauthn:extension:prf: true, webauthn:virtualAuthenticators: true}
	at org.openqa.selenium.remote.HttpCommandExecutor.execute(HttpCommandExecutor.java:151)
	at org.openqa.selenium.remote.service.DriverCommandExecutor.invokeExecute(DriverCommandExecutor.java:216)
	at org.openqa.selenium.remote.service.DriverCommandExecutor.execute(DriverCommandExecutor.java:174)
	at org.openqa.selenium.remote.RemoteWebDriver.execute(RemoteWebDriver.java:518)
	at org.openqa.selenium.remote.ElementLocation$ElementFinder$2.findElement(ElementLocation.java:165)
	at org.openqa.selenium.remote.ElementLocation.findElement(ElementLocation.java:59)
	at org.openqa.selenium.remote.RemoteWebDriver.findElement(RemoteWebDriver.java:355)
	at org.openqa.selenium.remote.RemoteWebDriver.findElement(RemoteWebDriver.java:349)
	at org.openqa.selenium.support.ThreadGuard$WebDriverInvocationHandler.invokeUnderlying(ThreadGuard.java:99)
	at org.openqa.selenium.support.ThreadGuard$WebDriverInvocationHandler.invoke(ThreadGuard.java:91)
	at jdk.proxy2/jdk.proxy2.$Proxy25.findElement(Unknown Source)
	at org.openqa.selenium.support.pagefactory.DefaultElementLocator.findElement(DefaultElementLocator.java:68)
	at org.openqa.selenium.support.pagefactory.internal.LocatingElementHandler.invoke(LocatingElementHandler.java:38)
	at jdk.proxy2/jdk.proxy2.$Proxy22.click(Unknown Source)
	at pageObject.GetStartedPage.clickGetStartedSP(GetStartedPage.java:25)
	at pageObject.HomePage.Login_HomePage(HomePage.java:120)
	at testCases.DS_IntroductionTests.DS_PythonEditor_ValidCodes(DS_IntroductionTests.java:79)
	at java.base/java.util.ArrayList.forEach(ArrayList.java:1597)
... Removed 27 stack frames</div></td></tr></table><p class="totop"><a href="#summary">back to summary</a></p>
<h3 id="m2">testCases.DS_IntroductionTests#DS_PythonEditor_WithoutCodes</h3><table class="result"><tr><th>Exception</th></tr><tr><td><div class="stacktrace">java.lang.NullPointerException: Cannot invoke &quot;org.openqa.selenium.SearchContext.findElement(org.openqa.selenium.By)&quot; because &quot;this.searchContext&quot; is null
	at org.openqa.selenium.support.pagefactory.DefaultElementLocator.findElement(DefaultElementLocator.java:68)
	at org.openqa.selenium.support.pagefactory.internal.LocatingElementHandler.invoke(LocatingElementHandler.java:38)
	at jdk.proxy2/jdk.proxy2.$Proxy22.click(Unknown Source)
	at pageObject.GetStartedPage.clickGetStartedSP(GetStartedPage.java:25)
	at pageObject.HomePage.Login_HomePage(HomePage.java:120)
	at testCases.DS_IntroductionTests.DS_PythonEditor_WithoutCodes(DS_IntroductionTests.java:130)
	at java.base/java.util.ArrayList.forEach(ArrayList.java:1597)
... Removed 25 stack frames</div></td></tr></table><p class="totop"><a href="#summary">back to summary</a></p>
<h3 id="m3">testCases.DS_IntroductionTests#DS_TimeComplexity_SignOutBtn</h3><table class="result"><tr><th>Exception</th></tr><tr><td><div class="stacktrace">java.lang.NullPointerException: Cannot invoke &quot;org.openqa.selenium.SearchContext.findElement(org.openqa.selenium.By)&quot; because &quot;this.searchContext&quot; is null
	at org.openqa.selenium.support.pagefactory.DefaultElementLocator.findElement(DefaultElementLocator.java:68)
	at org.openqa.selenium.support.pagefactory.internal.LocatingElementHandler.invoke(LocatingElementHandler.java:38)
	at jdk.proxy2/jdk.proxy2.$Proxy22.click(Unknown Source)
	at pageObject.GetStartedPage.clickGetStartedSP(GetStartedPage.java:25)
	at pageObject.HomePage.Login_HomePage(HomePage.java:120)
	at testCases.DS_IntroductionTests.DS_TimeComplexity_SignOutBtn(DS_IntroductionTests.java:115)
	at java.base/java.util.ArrayList.forEach(ArrayList.java:1597)
... Removed 25 stack frames</div></td></tr></table><p class="totop"><a href="#summary">back to summary</a></p>
<h3 id="m4">testCases.DS_IntroductionTests#Test_DS_TimeComplexityLink</h3><table class="result"><tr><th>Exception</th></tr><tr><td><div class="stacktrace">java.lang.NullPointerException: Cannot invoke &quot;org.openqa.selenium.SearchContext.findElement(org.openqa.selenium.By)&quot; because &quot;this.searchContext&quot; is null
	at org.openqa.selenium.support.pagefactory.DefaultElementLocator.findElement(DefaultElementLocator.java:68)
	at org.openqa.selenium.support.pagefactory.internal.LocatingElementHandler.invoke(LocatingElementHandler.java:38)
	at jdk.proxy2/jdk.proxy2.$Proxy22.click(Unknown Source)
	at pageObject.GetStartedPage.clickGetStartedSP(GetStartedPage.java:25)
	at pageObject.HomePage.Login_HomePage(HomePage.java:120)
	at testCases.DS_IntroductionTests.Test_DS_TimeComplexityLink(DS_IntroductionTests.java:18)
	at java.base/java.util.ArrayList.forEach(ArrayList.java:1597)
... Removed 25 stack frames</div></td></tr></table><p class="totop"><a href="#summary">back to summary</a></p>
<h3 id="m5">testCases.DS_IntroductionTests#Test_DS_TimeComplexity_Practice_Questions_link</h3><table class="result"><tr><th>Exception</th></tr><tr><td><div class="stacktrace">org.openqa.selenium.NoSuchSessionException: Session ID is null. Using WebDriver after calling quit()?
Build info: version: &apos;4.20.0&apos;, revision: &apos;866c76ca80&apos;
System info: os.name: &apos;Windows 11&apos;, os.arch: &apos;amd64&apos;, os.version: &apos;10.0&apos;, java.version: &apos;22&apos;
Driver info: org.openqa.selenium.chrome.ChromeDriver
Command: [null, findElement {value=//button[normalize-space()=&apos;Get Started&apos;], using=xpath}]
Capabilities {acceptInsecureCerts: false, browserName: chrome, browserVersion: 129.0.6668.60, chrome: {chromedriverVersion: 129.0.6668.70 (df87d5cf12b1..., userDataDir: C:\Users\rushi\AppData\Loca...}, fedcm:accounts: true, goog:chromeOptions: {debuggerAddress: localhost:57981}, networkConnectionEnabled: false, pageLoadStrategy: normal, platformName: windows, proxy: Proxy(), se:cdp: ws://localhost:57981/devtoo..., se:cdpVersion: 129.0.6668.60, setWindowRect: true, strictFileInteractability: false, timeouts: {implicit: 0, pageLoad: 300000, script: 30000}, unhandledPromptBehavior: dismiss and notify, webauthn:extension:credBlob: true, webauthn:extension:largeBlob: true, webauthn:extension:minPinLength: true, webauthn:extension:prf: true, webauthn:virtualAuthenticators: true}
	at org.openqa.selenium.remote.HttpCommandExecutor.execute(HttpCommandExecutor.java:151)
	at org.openqa.selenium.remote.service.DriverCommandExecutor.invokeExecute(DriverCommandExecutor.java:216)
	at org.openqa.selenium.remote.service.DriverCommandExecutor.execute(DriverCommandExecutor.java:174)
	at org.openqa.selenium.remote.RemoteWebDriver.execute(RemoteWebDriver.java:518)
	at org.openqa.selenium.remote.ElementLocation$ElementFinder$2.findElement(ElementLocation.java:165)
	at org.openqa.selenium.remote.ElementLocation.findElement(ElementLocation.java:59)
	at org.openqa.selenium.remote.RemoteWebDriver.findElement(RemoteWebDriver.java:355)
	at org.openqa.selenium.remote.RemoteWebDriver.findElement(RemoteWebDriver.java:349)
	at org.openqa.selenium.support.ThreadGuard$WebDriverInvocationHandler.invokeUnderlying(ThreadGuard.java:99)
	at org.openqa.selenium.support.ThreadGuard$WebDriverInvocationHandler.invoke(ThreadGuard.java:91)
	at jdk.proxy2/jdk.proxy2.$Proxy25.findElement(Unknown Source)
	at org.openqa.selenium.support.pagefactory.DefaultElementLocator.findElement(DefaultElementLocator.java:68)
	at org.openqa.selenium.support.pagefactory.internal.LocatingElementHandler.invoke(LocatingElementHandler.java:38)
	at jdk.proxy2/jdk.proxy2.$Proxy22.click(Unknown Source)
	at pageObject.GetStartedPage.clickGetStartedSP(GetStartedPage.java:25)
	at pageObject.HomePage.Login_HomePage(HomePage.java:120)
	at testCases.DS_IntroductionTests.Test_DS_TimeComplexity_Practice_Questions_link(DS_IntroductionTests.java:34)
	at java.base/java.util.ArrayList.forEach(ArrayList.java:1597)
... Removed 27 stack frames</div></td></tr></table><p class="totop"><a href="#summary">back to summary</a></p>
<h3 id="m6">testCases.DS_IntroductionTests#Test_DS_TryHere</h3><table class="result"><tr><th>Exception</th></tr><tr><td><div class="stacktrace">org.openqa.selenium.NoSuchSessionException: Session ID is null. Using WebDriver after calling quit()?
Build info: version: &apos;4.20.0&apos;, revision: &apos;866c76ca80&apos;
System info: os.name: &apos;Windows 11&apos;, os.arch: &apos;amd64&apos;, os.version: &apos;10.0&apos;, java.version: &apos;22&apos;
Driver info: org.openqa.selenium.chrome.ChromeDriver
Command: [null, findElement {value=//button[normalize-space()=&apos;Get Started&apos;], using=xpath}]
Capabilities {acceptInsecureCerts: false, browserName: chrome, browserVersion: 129.0.6668.60, chrome: {chromedriverVersion: 129.0.6668.70 (df87d5cf12b1..., userDataDir: C:\Users\rushi\AppData\Loca...}, fedcm:accounts: true, goog:chromeOptions: {debuggerAddress: localhost:58447}, networkConnectionEnabled: false, pageLoadStrategy: normal, platformName: windows, proxy: Proxy(), se:cdp: ws://localhost:58447/devtoo..., se:cdpVersion: 129.0.6668.60, setWindowRect: true, strictFileInteractability: false, timeouts: {implicit: 0, pageLoad: 300000, script: 30000}, unhandledPromptBehavior: dismiss and notify, webauthn:extension:credBlob: true, webauthn:extension:largeBlob: true, webauthn:extension:minPinLength: true, webauthn:extension:prf: true, webauthn:virtualAuthenticators: true}
	at org.openqa.selenium.remote.HttpCommandExecutor.execute(HttpCommandExecutor.java:151)
	at org.openqa.selenium.remote.service.DriverCommandExecutor.invokeExecute(DriverCommandExecutor.java:216)
	at org.openqa.selenium.remote.service.DriverCommandExecutor.execute(DriverCommandExecutor.java:174)
	at org.openqa.selenium.remote.RemoteWebDriver.execute(RemoteWebDriver.java:518)
	at org.openqa.selenium.remote.ElementLocation$ElementFinder$2.findElement(ElementLocation.java:165)
	at org.openqa.selenium.remote.ElementLocation.findElement(ElementLocation.java:59)
	at org.openqa.selenium.remote.RemoteWebDriver.findElement(RemoteWebDriver.java:355)
	at org.openqa.selenium.remote.RemoteWebDriver.findElement(RemoteWebDriver.java:349)
	at org.openqa.selenium.support.ThreadGuard$WebDriverInvocationHandler.invokeUnderlying(ThreadGuard.java:99)
	at org.openqa.selenium.support.ThreadGuard$WebDriverInvocationHandler.invoke(ThreadGuard.java:91)
	at jdk.proxy2/jdk.proxy2.$Proxy25.findElement(Unknown Source)
	at org.openqa.selenium.support.pagefactory.DefaultElementLocator.findElement(DefaultElementLocator.java:68)
	at org.openqa.selenium.support.pagefactory.internal.LocatingElementHandler.invoke(LocatingElementHandler.java:38)
	at jdk.proxy2/jdk.proxy2.$Proxy22.click(Unknown Source)
	at pageObject.GetStartedPage.clickGetStartedSP(GetStartedPage.java:25)
	at pageObject.HomePage.Login_HomePage(HomePage.java:120)
	at testCases.DS_IntroductionTests.Test_DS_TryHere(DS_IntroductionTests.java:64)
	at java.base/java.util.ArrayList.forEach(ArrayList.java:1597)
... Removed 27 stack frames</div></td></tr></table><p class="totop"><a href="#summary">back to summary</a></p>
<h3 id="m7">testCases.DS_IntroductionTests#Test_LeftPanel_TimeComplexity</h3><table class="result"><tr><th>Exception</th></tr><tr><td><div class="stacktrace">java.lang.NullPointerException: Cannot invoke &quot;org.openqa.selenium.SearchContext.findElement(org.openqa.selenium.By)&quot; because &quot;this.searchContext&quot; is null
	at org.openqa.selenium.support.pagefactory.DefaultElementLocator.findElement(DefaultElementLocator.java:68)
	at org.openqa.selenium.support.pagefactory.internal.LocatingElementHandler.invoke(LocatingElementHandler.java:38)
	at jdk.proxy2/jdk.proxy2.$Proxy22.click(Unknown Source)
	at pageObject.GetStartedPage.clickGetStartedSP(GetStartedPage.java:25)
	at pageObject.HomePage.Login_HomePage(HomePage.java:120)
	at testCases.DS_IntroductionTests.Test_LeftPanel_TimeComplexity(DS_IntroductionTests.java:50)
	at java.base/java.util.ArrayList.forEach(ArrayList.java:1597)
... Removed 25 stack frames</div></td></tr></table><p class="totop"><a href="#summary">back to summary</a></p>
<h3 id="m8">testCases.HomePageTests#clickNumpyNinjaLinkFromHomePagesAfterSignIn</h3><table class="result"><tr><th>Exception</th></tr><tr><td><div class="stacktrace">org.openqa.selenium.NoSuchElementException: no such element: Unable to locate element: {&quot;method&quot;:&quot;xpath&quot;,&quot;selector&quot;:&quot;//p[normalize-space()=&apos;Copyright@NumpyNinja2021&apos;]&quot;}
  (Session info: chrome=129.0.6668.60)
For documentation on this error, please visit: https://www.selenium.dev/documentation/webdriver/troubleshooting/errors#no-such-element-exception
Build info: version: &apos;4.20.0&apos;, revision: &apos;866c76ca80&apos;
System info: os.name: &apos;Windows 11&apos;, os.arch: &apos;amd64&apos;, os.version: &apos;10.0&apos;, java.version: &apos;22&apos;
Driver info: org.openqa.selenium.chrome.ChromeDriver
Command: [1096fef6ac4ad18d7d0634b9a2603655, findElement {value=//p[normalize-space()=&apos;Copyright@NumpyNinja2021&apos;], using=xpath}]
Capabilities {acceptInsecureCerts: false, browserName: chrome, browserVersion: 129.0.6668.60, chrome: {chromedriverVersion: 129.0.6668.70 (df87d5cf12b1..., userDataDir: C:\Users\rushi\AppData\Loca...}, fedcm:accounts: true, goog:chromeOptions: {debuggerAddress: localhost:58981}, networkConnectionEnabled: false, pageLoadStrategy: normal, platformName: windows, proxy: Proxy(), se:cdp: ws://localhost:58981/devtoo..., se:cdpVersion: 129.0.6668.60, setWindowRect: true, strictFileInteractability: false, timeouts: {implicit: 0, pageLoad: 300000, script: 30000}, unhandledPromptBehavior: dismiss and notify, webauthn:extension:credBlob: true, webauthn:extension:largeBlob: true, webauthn:extension:minPinLength: true, webauthn:extension:prf: true, webauthn:virtualAuthenticators: true}
Session ID: 1096fef6ac4ad18d7d0634b9a2603655
	at org.openqa.selenium.remote.ErrorCodec.decode(ErrorCodec.java:167)
	at org.openqa.selenium.remote.codec.w3c.W3CHttpResponseCodec.decode(W3CHttpResponseCodec.java:138)
	at org.openqa.selenium.remote.codec.w3c.W3CHttpResponseCodec.decode(W3CHttpResponseCodec.java:50)
	at org.openqa.selenium.remote.HttpCommandExecutor.execute(HttpCommandExecutor.java:190)
	at org.openqa.selenium.remote.service.DriverCommandExecutor.invokeExecute(DriverCommandExecutor.java:216)
	at org.openqa.selenium.remote.service.DriverCommandExecutor.execute(DriverCommandExecutor.java:174)
	at org.openqa.selenium.remote.RemoteWebDriver.execute(RemoteWebDriver.java:518)
	at org.openqa.selenium.remote.ElementLocation$ElementFinder$2.findElement(ElementLocation.java:165)
	at org.openqa.selenium.remote.ElementLocation.findElement(ElementLocation.java:59)
	at org.openqa.selenium.remote.RemoteWebDriver.findElement(RemoteWebDriver.java:355)
	at org.openqa.selenium.remote.RemoteWebDriver.findElement(RemoteWebDriver.java:349)
	at org.openqa.selenium.support.ThreadGuard$WebDriverInvocationHandler.invokeUnderlying(ThreadGuard.java:99)
	at org.openqa.selenium.support.ThreadGuard$WebDriverInvocationHandler.invoke(ThreadGuard.java:91)
	at jdk.proxy2/jdk.proxy2.$Proxy25.findElement(Unknown Source)
	at org.openqa.selenium.support.pagefactory.DefaultElementLocator.findElement(DefaultElementLocator.java:68)
	at org.openqa.selenium.support.pagefactory.internal.LocatingElementHandler.invoke(LocatingElementHandler.java:38)
	at jdk.proxy2/jdk.proxy2.$Proxy22.isDisplayed(Unknown Source)
	at pageObject.GetStartedPage.checkStartPageDisplay(GetStartedPage.java:34)
	at testCases.HomePageTests.clickNumpyNinjaLinkFromHomePagesAfterSignIn(HomePageTests.java:101)
	at java.base/java.util.ArrayList.forEach(ArrayList.java:1597)
... Removed 30 stack frames</div></td></tr></table><p class="totop"><a href="#summary">back to summary</a></p>
<h3 id="m9">testCases.HomePageTests#clickNumpyNinjaLinkFromHomePagesBeforeSignIn</h3><table class="result"><tr><th>Exception</th></tr><tr><td><div class="stacktrace">org.openqa.selenium.NoSuchElementException: no such element: Unable to locate element: {&quot;method&quot;:&quot;xpath&quot;,&quot;selector&quot;:&quot;//p[normalize-space()=&apos;Copyright@NumpyNinja2021&apos;]&quot;}
  (Session info: chrome=129.0.6668.60)
For documentation on this error, please visit: https://www.selenium.dev/documentation/webdriver/troubleshooting/errors#no-such-element-exception
Build info: version: &apos;4.20.0&apos;, revision: &apos;866c76ca80&apos;
System info: os.name: &apos;Windows 11&apos;, os.arch: &apos;amd64&apos;, os.version: &apos;10.0&apos;, java.version: &apos;22&apos;
Driver info: org.openqa.selenium.chrome.ChromeDriver
Command: [be9e2eaba9dfed6dd3411a1c3b0d76a4, findElement {value=//p[normalize-space()=&apos;Copyright@NumpyNinja2021&apos;], using=xpath}]
Capabilities {acceptInsecureCerts: false, browserName: chrome, browserVersion: 129.0.6668.60, chrome: {chromedriverVersion: 129.0.6668.70 (df87d5cf12b1..., userDataDir: C:\Users\rushi\AppData\Loca...}, fedcm:accounts: true, goog:chromeOptions: {debuggerAddress: localhost:58956}, networkConnectionEnabled: false, pageLoadStrategy: normal, platformName: windows, proxy: Proxy(), se:cdp: ws://localhost:58956/devtoo..., se:cdpVersion: 129.0.6668.60, setWindowRect: true, strictFileInteractability: false, timeouts: {implicit: 0, pageLoad: 300000, script: 30000}, unhandledPromptBehavior: dismiss and notify, webauthn:extension:credBlob: true, webauthn:extension:largeBlob: true, webauthn:extension:minPinLength: true, webauthn:extension:prf: true, webauthn:virtualAuthenticators: true}
Session ID: be9e2eaba9dfed6dd3411a1c3b0d76a4
	at org.openqa.selenium.remote.ErrorCodec.decode(ErrorCodec.java:167)
	at org.openqa.selenium.remote.codec.w3c.W3CHttpResponseCodec.decode(W3CHttpResponseCodec.java:138)
	at org.openqa.selenium.remote.codec.w3c.W3CHttpResponseCodec.decode(W3CHttpResponseCodec.java:50)
	at org.openqa.selenium.remote.HttpCommandExecutor.execute(HttpCommandExecutor.java:190)
	at org.openqa.selenium.remote.service.DriverCommandExecutor.invokeExecute(DriverCommandExecutor.java:216)
	at org.openqa.selenium.remote.service.DriverCommandExecutor.execute(DriverCommandExecutor.java:174)
	at org.openqa.selenium.remote.RemoteWebDriver.execute(RemoteWebDriver.java:518)
	at org.openqa.selenium.remote.ElementLocation$ElementFinder$2.findElement(ElementLocation.java:165)
	at org.openqa.selenium.remote.ElementLocation.findElement(ElementLocation.java:59)
	at org.openqa.selenium.remote.RemoteWebDriver.findElement(RemoteWebDriver.java:355)
	at org.openqa.selenium.remote.RemoteWebDriver.findElement(RemoteWebDriver.java:349)
	at org.openqa.selenium.support.ThreadGuard$WebDriverInvocationHandler.invokeUnderlying(ThreadGuard.java:99)
	at org.openqa.selenium.support.ThreadGuard$WebDriverInvocationHandler.invoke(ThreadGuard.java:91)
	at jdk.proxy2/jdk.proxy2.$Proxy25.findElement(Unknown Source)
	at org.openqa.selenium.support.pagefactory.DefaultElementLocator.findElement(DefaultElementLocator.java:68)
	at org.openqa.selenium.support.pagefactory.internal.LocatingElementHandler.invoke(LocatingElementHandler.java:38)
	at jdk.proxy2/jdk.proxy2.$Proxy22.isDisplayed(Unknown Source)
	at pageObject.GetStartedPage.copyrightDisplay(GetStartedPage.java:29)
	at testCases.HomePageTests.clickNumpyNinjaLinkFromHomePagesBeforeSignIn(HomePageTests.java:89)
	at java.base/java.util.ArrayList.forEach(ArrayList.java:1597)
... Removed 30 stack frames</div></td></tr></table><p class="totop"><a href="#summary">back to summary</a></p>
<h3 id="m10">testCases.RegisterPageTest#checkRegisterWithImproperPassword</h3><table class="result"><tr class="param"><th>Parameter #1</th><th>Parameter #2</th><th>Parameter #3</th><th>Parameter #4</th></tr><tr class="param stripe"><td>Testing</td><td>existingUser@143</td><td>existingUser@143</td><td>NotpwdMismatch</td></tr><tr><th colspan="4">Exception</th></tr><tr><td colspan="4"><div class="stacktrace">java.lang.AssertionError: expected [true] but found [false]
	at testCases.RegisterPageTest.checkRegisterWithImproperPassword(RegisterPageTest.java:119)
	at java.base/java.util.ArrayList.forEach(ArrayList.java:1597)
... Removed 29 stack frames</div></td></tr></table><p class="totop"><a href="#summary">back to summary</a></p>
<h3 id="m11">testCases.RegisterPageTest#checkRegisterWithImproperPassword</h3><table class="result"><tr class="param"><th>Parameter #1</th><th>Parameter #2</th><th>Parameter #3</th><th>Parameter #4</th></tr><tr class="param stripe"><td>commomPassword</td><td>Password123</td><td>Password123</td><td>NotpwdMismatch</td></tr><tr><th colspan="4">Exception</th></tr><tr><td colspan="4"><div class="stacktrace">java.lang.AssertionError: expected [true] but found [false]
	at testCases.RegisterPageTest.checkRegisterWithImproperPassword(RegisterPageTest.java:119)
	at java.base/java.util.ArrayList.forEach(ArrayList.java:1597)
... Removed 29 stack frames</div></td></tr></table><p class="totop"><a href="#summary">back to summary</a></p>
<h3 id="m12">testCases.RegisterPageTest#checkRegisterWithImproperPassword</h3><table class="result"><tr class="param"><th>Parameter #1</th><th>Parameter #2</th><th>Parameter #3</th><th>Parameter #4</th></tr><tr class="param stripe"><td>LessCharPassword</td><td>trial45</td><td>trial45</td><td>NotpwdMismatch</td></tr><tr><th colspan="4">Exception</th></tr><tr><td colspan="4"><div class="stacktrace">java.lang.AssertionError: expected [true] but found [false]
	at testCases.RegisterPageTest.checkRegisterWithImproperPassword(RegisterPageTest.java:119)
	at java.base/java.util.ArrayList.forEach(ArrayList.java:1597)
... Removed 29 stack frames</div></td></tr></table><p class="totop"><a href="#summary">back to summary</a></p>
<h3 id="m13">testCases.RegisterPageTest#checkRegisterWithImproperPassword</h3><table class="result"><tr class="param"><th>Parameter #1</th><th>Parameter #2</th><th>Parameter #3</th><th>Parameter #4</th></tr><tr class="param stripe"><td>entireNumbers</td><td>12345678</td><td>12345678</td><td>NotpwdMismatch</td></tr><tr><th colspan="4">Exception</th></tr><tr><td colspan="4"><div class="stacktrace">java.lang.AssertionError: expected [true] but found [false]
	at testCases.RegisterPageTest.checkRegisterWithImproperPassword(RegisterPageTest.java:119)
	at java.base/java.util.ArrayList.forEach(ArrayList.java:1597)
... Removed 29 stack frames</div></td></tr></table><p class="totop"><a href="#summary">back to summary</a></p>
<h3 id="m14">testCases.SignInPagetest#checkUsernameDisplayAfterLogin</h3><table class="result"><tr><th>Exception</th></tr><tr><td><div class="stacktrace">java.lang.AssertionError: expected [true] but found [false]
	at testCases.SignInPagetest.checkUsernameDisplayAfterLogin(SignInPagetest.java:96)
	at java.base/java.util.ArrayList.forEach(ArrayList.java:1597)
... Removed 29 stack frames</div></td></tr></table><p class="totop"><a href="#summary">back to summary</a></p>
<h3 id="m15">testCases.GetStartedPageTest#CopyrightNumpyNinja2021Display</h3><table class="result"><tr><th class="invisible"/></tr></table><p class="totop"><a href="#summary">back to summary</a></p>
<h3 id="m16">testCases.GetStartedPageTest#TestGetStartedButton</h3><table class="result"><tr><th class="invisible"/></tr></table><p class="totop"><a href="#summary">back to summary</a></p>
<h3 id="m17">testCases.HomePageTests#clickGetStartedButtonAfterSignIn</h3><table class="result"><tr class="param"><th>Parameter #1</th></tr><tr class="param stripe"><td>Graph</td></tr></table><p class="totop"><a href="#summary">back to summary</a></p>
<h3 id="m18">testCases.HomePageTests#clickGetStartedButtonAfterSignIn</h3><table class="result"><tr class="param"><th>Parameter #1</th></tr><tr class="param stripe"><td>DataStructure</td></tr></table><p class="totop"><a href="#summary">back to summary</a></p>
<h3 id="m19">testCases.HomePageTests#clickGetStartedButtonAfterSignIn</h3><table class="result"><tr class="param"><th>Parameter #1</th></tr><tr class="param stripe"><td>LinkedList</td></tr></table><p class="totop"><a href="#summary">back to summary</a></p>
<h3 id="m20">testCases.HomePageTests#clickGetStartedButtonAfterSignIn</h3><table class="result"><tr class="param"><th>Parameter #1</th></tr><tr class="param stripe"><td>Tree</td></tr></table><p class="totop"><a href="#summary">back to summary</a></p>
<h3 id="m21">testCases.HomePageTests#clickGetStartedButtonAfterSignIn</h3><table class="result"><tr class="param"><th>Parameter #1</th></tr><tr class="param stripe"><td>Stack</td></tr></table><p class="totop"><a href="#summary">back to summary</a></p>
<h3 id="m22">testCases.HomePageTests#clickGetStartedButtonAfterSignIn</h3><table class="result"><tr class="param"><th>Parameter #1</th></tr><tr class="param stripe"><td>Array</td></tr></table><p class="totop"><a href="#summary">back to summary</a></p>
<h3 id="m23">testCases.HomePageTests#clickGetStartedButtonAfterSignIn</h3><table class="result"><tr class="param"><th>Parameter #1</th></tr><tr class="param stripe"><td>Queue</td></tr></table><p class="totop"><a href="#summary">back to summary</a></p>
<h3 id="m24">testCases.HomePageTests#clickGetStartedButtonWithoutSignIn</h3><table class="result"><tr class="param"><th>Parameter #1</th></tr><tr class="param stripe"><td>Array</td></tr></table><p class="totop"><a href="#summary">back to summary</a></p>
<h3 id="m25">testCases.HomePageTests#clickGetStartedButtonWithoutSignIn</h3><table class="result"><tr class="param"><th>Parameter #1</th></tr><tr class="param stripe"><td>Queue</td></tr></table><p class="totop"><a href="#summary">back to summary</a></p>
<h3 id="m26">testCases.HomePageTests#clickGetStartedButtonWithoutSignIn</h3><table class="result"><tr class="param"><th>Parameter #1</th></tr><tr class="param stripe"><td>Graph</td></tr></table><p class="totop"><a href="#summary">back to summary</a></p>
<h3 id="m27">testCases.HomePageTests#clickGetStartedButtonWithoutSignIn</h3><table class="result"><tr class="param"><th>Parameter #1</th></tr><tr class="param stripe"><td>DataStructure</td></tr></table><p class="totop"><a href="#summary">back to summary</a></p>
<h3 id="m28">testCases.HomePageTests#clickGetStartedButtonWithoutSignIn</h3><table class="result"><tr class="param"><th>Parameter #1</th></tr><tr class="param stripe"><td>Stack</td></tr></table><p class="totop"><a href="#summary">back to summary</a></p>
<h3 id="m29">testCases.HomePageTests#clickGetStartedButtonWithoutSignIn</h3><table class="result"><tr class="param"><th>Parameter #1</th></tr><tr class="param stripe"><td>Tree</td></tr></table><p class="totop"><a href="#summary">back to summary</a></p>
<h3 id="m30">testCases.HomePageTests#clickGetStartedButtonWithoutSignIn</h3><table class="result"><tr class="param"><th>Parameter #1</th></tr><tr class="param stripe"><td>LinkedList</td></tr></table><p class="totop"><a href="#summary">back to summary</a></p>
<h3 id="m31">testCases.HomePageTests#clickNumpyNinjaLinkFromRegisterPage</h3><table class="result"><tr><th class="invisible"/></tr></table><p class="totop"><a href="#summary">back to summary</a></p>
<h3 id="m32">testCases.HomePageTests#clickNumpyNinjaLinkFromSignInPage</h3><table class="result"><tr><th class="invisible"/></tr></table><p class="totop"><a href="#summary">back to summary</a></p>
<h3 id="m33">testCases.HomePageTests#clickNumpyNinjaLinkFromTopicPagesAfterSignIn</h3><table class="result"><tr class="param"><th>Parameter #1</th></tr><tr class="param stripe"><td>Stack</td></tr></table><p class="totop"><a href="#summary">back to summary</a></p>
<h3 id="m34">testCases.HomePageTests#clickNumpyNinjaLinkFromTopicPagesAfterSignIn</h3><table class="result"><tr class="param"><th>Parameter #1</th></tr><tr class="param stripe"><td>LinkedList</td></tr></table><p class="totop"><a href="#summary">back to summary</a></p>
<h3 id="m35">testCases.HomePageTests#clickNumpyNinjaLinkFromTopicPagesAfterSignIn</h3><table class="result"><tr class="param"><th>Parameter #1</th></tr><tr class="param stripe"><td>DataStructure</td></tr></table><p class="totop"><a href="#summary">back to summary</a></p>
<h3 id="m36">testCases.HomePageTests#clickNumpyNinjaLinkFromTopicPagesAfterSignIn</h3><table class="result"><tr class="param"><th>Parameter #1</th></tr><tr class="param stripe"><td>Array</td></tr></table><p class="totop"><a href="#summary">back to summary</a></p>
<h3 id="m37">testCases.HomePageTests#clickNumpyNinjaLinkFromTopicPagesAfterSignIn</h3><table class="result"><tr class="param"><th>Parameter #1</th></tr><tr class="param stripe"><td>Queue</td></tr></table><p class="totop"><a href="#summary">back to summary</a></p>
<h3 id="m38">testCases.HomePageTests#clickNumpyNinjaLinkFromTopicPagesAfterSignIn</h3><table class="result"><tr class="param"><th>Parameter #1</th></tr><tr class="param stripe"><td>Graph</td></tr></table><p class="totop"><a href="#summary">back to summary</a></p>
<h3 id="m39">testCases.HomePageTests#clickNumpyNinjaLinkFromTopicPagesAfterSignIn</h3><table class="result"><tr class="param"><th>Parameter #1</th></tr><tr class="param stripe"><td>Tree</td></tr></table><p class="totop"><a href="#summary">back to summary</a></p>
<h3 id="m40">testCases.HomePageTests#selectDataStructureDropdownTopicAfterSignIn</h3><table class="result"><tr class="param"><th>Parameter #1</th></tr><tr class="param stripe"><td>Array</td></tr></table><p class="totop"><a href="#summary">back to summary</a></p>
<h3 id="m41">testCases.HomePageTests#selectDataStructureDropdownTopicAfterSignIn</h3><table class="result"><tr class="param"><th>Parameter #1</th></tr><tr class="param stripe"><td>Queue</td></tr></table><p class="totop"><a href="#summary">back to summary</a></p>
<h3 id="m42">testCases.HomePageTests#selectDataStructureDropdownTopicAfterSignIn</h3><table class="result"><tr class="param"><th>Parameter #1</th></tr><tr class="param stripe"><td>Graph</td></tr></table><p class="totop"><a href="#summary">back to summary</a></p>
<h3 id="m43">testCases.HomePageTests#selectDataStructureDropdownTopicAfterSignIn</h3><table class="result"><tr class="param"><th>Parameter #1</th></tr><tr class="param stripe"><td>Stack</td></tr></table><p class="totop"><a href="#summary">back to summary</a></p>
<h3 id="m44">testCases.HomePageTests#selectDataStructureDropdownTopicAfterSignIn</h3><table class="result"><tr class="param"><th>Parameter #1</th></tr><tr class="param stripe"><td>LinkedList</td></tr></table><p class="totop"><a href="#summary">back to summary</a></p>
<h3 id="m45">testCases.HomePageTests#selectDataStructureDropdownTopicAfterSignIn</h3><table class="result"><tr class="param"><th>Parameter #1</th></tr><tr class="param stripe"><td>Tree</td></tr></table><p class="totop"><a href="#summary">back to summary</a></p>
<h3 id="m46">testCases.HomePageTests#selectDataStructureDropdownTopicWithoutSignIn</h3><table class="result"><tr class="param"><th>Parameter #1</th></tr><tr class="param stripe"><td>Tree</td></tr></table><p class="totop"><a href="#summary">back to summary</a></p>
<h3 id="m47">testCases.HomePageTests#selectDataStructureDropdownTopicWithoutSignIn</h3><table class="result"><tr class="param"><th>Parameter #1</th></tr><tr class="param stripe"><td>Array</td></tr></table><p class="totop"><a href="#summary">back to summary</a></p>
<h3 id="m48">testCases.HomePageTests#selectDataStructureDropdownTopicWithoutSignIn</h3><table class="result"><tr class="param"><th>Parameter #1</th></tr><tr class="param stripe"><td>LinkedList</td></tr></table><p class="totop"><a href="#summary">back to summary</a></p>
<h3 id="m49">testCases.HomePageTests#selectDataStructureDropdownTopicWithoutSignIn</h3><table class="result"><tr class="param"><th>Parameter #1</th></tr><tr class="param stripe"><td>Stack</td></tr></table><p class="totop"><a href="#summary">back to summary</a></p>
<h3 id="m50">testCases.HomePageTests#selectDataStructureDropdownTopicWithoutSignIn</h3><table class="result"><tr class="param"><th>Parameter #1</th></tr><tr class="param stripe"><td>Queue</td></tr></table><p class="totop"><a href="#summary">back to summary</a></p>
<h3 id="m51">testCases.HomePageTests#selectDataStructureDropdownTopicWithoutSignIn</h3><table class="result"><tr class="param"><th>Parameter #1</th></tr><tr class="param stripe"><td>Graph</td></tr></table><p class="totop"><a href="#summary">back to summary</a></p>
<h3 id="m52">testCases.RegisterPageTest#RegisterNewAccount</h3><table class="result"><tr><th class="invisible"/></tr></table><p class="totop"><a href="#summary">back to summary</a></p>
<h3 id="m53">testCases.RegisterPageTest#RegisterNewUserWithExistingPwd</h3><table class="result"><tr><th class="invisible"/></tr></table><p class="totop"><a href="#summary">back to summary</a></p>
<h3 id="m54">testCases.RegisterPageTest#checkMovingToLoginPageFromRegisterPage</h3><table class="result"><tr><th class="invisible"/></tr></table><p class="totop"><a href="#summary">back to summary</a></p>
<h3 id="m55">testCases.RegisterPageTest#checkRegisterWithImproperPassword</h3><table class="result"><tr class="param"><th>Parameter #1</th><th>Parameter #2</th><th>Parameter #3</th><th>Parameter #4</th></tr><tr class="param stripe"><td>DiffPwdTrial</td><td>Password@143</td><td>Pdfgjjjjhjd@143</td><td>pwdMismatch</td></tr></table><p class="totop"><a href="#summary">back to summary</a></p>
<h3 id="m56">testCases.RegisterPageTest#checkUsernameLinkDisplayAtHomePageAfterRegister</h3><table class="result"><tr><th class="invisible"/></tr></table><p class="totop"><a href="#summary">back to summary</a></p>
<h3 id="m57">testCases.SignInPagetest#checkMovingToRegisterPageFromLoginPage</h3><table class="result"><tr><th class="invisible"/></tr></table><p class="totop"><a href="#summary">back to summary</a></p>
<h3 id="m58">testCases.SignInPagetest#checkValidAndInvalidLoginTest</h3><table class="result"><tr class="param"><th>Parameter #1</th><th>Parameter #2</th><th>Parameter #3</th></tr><tr class="param stripe"><td>userninja</td><td>ninja</td><td>Invalid</td></tr></table><p class="totop"><a href="#summary">back to summary</a></p>
<h3 id="m59">testCases.SignInPagetest#checkValidAndInvalidLoginTest</h3><table class="result"><tr class="param"><th>Parameter #1</th><th>Parameter #2</th><th>Parameter #3</th></tr><tr class="param stripe"><td>ninja</td><td>num</td><td>Invalid</td></tr></table><p class="totop"><a href="#summary">back to summary</a></p>
<h3 id="m60">testCases.SignInPagetest#checkValidAndInvalidLoginTest</h3><table class="result"><tr class="param"><th>Parameter #1</th><th>Parameter #2</th><th>Parameter #3</th></tr><tr class="param stripe"><td>ninjan</td><td>password</td><td>Invalid</td></tr></table><p class="totop"><a href="#summary">back to summary</a></p>
<h3 id="m61">testCases.SignInPagetest#checkValidAndInvalidLoginTest</h3><table class="result"><tr class="param"><th>Parameter #1</th><th>Parameter #2</th><th>Parameter #3</th></tr><tr class="param stripe"><td>numpy</td><td>Pass</td><td>Invalid</td></tr></table><p class="totop"><a href="#summary">back to summary</a></p>
<h3 id="m62">testCases.SignInPagetest#checkValidAndInvalidLoginTest</h3><table class="result"><tr class="param"><th>Parameter #1</th><th>Parameter #2</th><th>Parameter #3</th></tr><tr class="param stripe"><td>TestPro</td><td>ajm@123$</td><td>Valid</td></tr></table><p class="totop"><a href="#summary">back to summary</a></p>
<h3 id="m63">testCases.SignInPagetest#testLoginWithoutUsername</h3><table class="result"><tr class="param"><th>Parameter #1</th><th>Parameter #2</th></tr><tr class="param stripe"><td>TestPro</td><td></td></tr></table><p class="totop"><a href="#summary">back to summary</a></p>
<h3 id="m64">testCases.SignInPagetest#testLoginWithoutUsername</h3><table class="result"><tr class="param"><th>Parameter #1</th><th>Parameter #2</th></tr><tr class="param stripe"><td></td><td></td></tr></table><p class="totop"><a href="#summary">back to summary</a></p>
<h3 id="m65">testCases.SignInPagetest#testLoginWithoutUsername</h3><table class="result"><tr class="param"><th>Parameter #1</th><th>Parameter #2</th></tr><tr class="param stripe"><td></td><td>ajm@123$</td></tr></table><p class="totop"><a href="#summary">back to summary</a></p>
</body>
</html>
