<!DOCTYPE html>

<html>
  <head>
  <meta charset='utf-8'>
  <title>TestNG reports</title>

    <link type="text/css" href="testng-reports1.css" rel="stylesheet" id="ultra" />
    <link type="text/css" href="testng-reports.css" rel="stylesheet" id="retro" disabled="false"/>
    <script type="text/javascript" src="jquery-3.6.0.min.js"></script>
    <script type="text/javascript" src="testng-reports.js"></script>
    <script type="text/javascript" src="https://www.google.com/jsapi"></script>
    <script type='text/javascript'>
      google.load('visualization', '1', {packages:['table']});
      google.setOnLoadCallback(drawTable);
      var suiteTableInitFunctions = new Array();
      var suiteTableData = new Array();
    </script>
    <!--
      <script type="text/javascript" src="jquery-ui/js/jquery-ui-1.8.16.custom.min.js"></script>
     -->
  </head>

  <body>    <div class="top-banner-root">
      <span class="top-banner-title-font">Test results</span>
      <button id="button" class="button">Switch Retro Theme</button> <!-- button -->
      <br/>
      <span class="top-banner-font-1">1 suite, 8 failed tests</span>
    </div> <!-- top-banner-root -->
    <div class="navigator-root">
      <div class="navigator-suite-header">
        <span>All suites</span>
        <a href="#" title="Collapse/expand all the suites" class="collapse-all-link">
          <img src="collapseall.gif" class="collapse-all-icon">
          </img> <!-- collapse-all-icon -->
        </a> <!-- collapse-all-link -->
      </div> <!-- navigator-suite-header -->
      <div class="suite">
        <div class="rounded-window">
          <div class="suite-header light-rounded-window-top">
            <a href="#" panel-name="suite-Suite" class="navigator-link">
              <span class="suite-name border-failed">Suite</span>
            </a> <!-- navigator-link -->
          </div> <!-- suite-header light-rounded-window-top -->
          <div class="navigator-suite-content">
            <div class="suite-section-title">
              <span>Info</span>
            </div> <!-- suite-section-title -->
            <div class="suite-section-content">
              <ul>
                <li>
                  <a href="#" panel-name="test-xml-Suite" class="navigator-link ">
                    <span>C:\Users\kotha\eclipse-workspace\TestNG\testng.xml</span>
                  </a> <!-- navigator-link  -->
                </li>
                <li>
                  <a href="#" panel-name="testlist-Suite" class="navigator-link ">
                    <span class="test-stats">1 test</span>
                  </a> <!-- navigator-link  -->
                </li>
                <li>
                  <a href="#" panel-name="group-Suite" class="navigator-link ">
                    <span>2 groups</span>
                  </a> <!-- navigator-link  -->
                </li>
                <li>
                  <a href="#" panel-name="times-Suite" class="navigator-link ">
                    <span>Times</span>
                  </a> <!-- navigator-link  -->
                </li>
                <li>
                  <a href="#" panel-name="reporter-Suite" class="navigator-link ">
                    <span>Reporter output</span>
                  </a> <!-- navigator-link  -->
                </li>
                <li>
                  <a href="#" panel-name="ignored-methods-Suite" class="navigator-link ">
                    <span>Ignored methods</span>
                  </a> <!-- navigator-link  -->
                </li>
                <li>
                  <a href="#" panel-name="chronological-Suite" class="navigator-link ">
                    <span>Chronological view</span>
                  </a> <!-- navigator-link  -->
                </li>
              </ul>
            </div> <!-- suite-section-content -->
            <div class="result-section">
              <div class="suite-section-title">
                <span>Results</span>
              </div> <!-- suite-section-title -->
              <div class="suite-section-content">
                <ul>
                  <li>
                    <span class="method-stats">22 methods, 8 failed,   14 passed</span>
                  </li>
                  <li>
                    <span class="method-list-title failed">Failed methods</span>
                    <span class="show-or-hide-methods failed">
                      <a href="#" panel-name="suite-Suite" class="hide-methods failed suite-Suite"> (hide)</a> <!-- hide-methods failed suite-Suite -->
                      <a href="#" panel-name="suite-Suite" class="show-methods failed suite-Suite"> (show)</a> <!-- show-methods failed suite-Suite -->
                    </span>
                    <div class="method-list-content failed suite-Suite">
                      <span>
                        <img src="failed.png" width="3%"/>
                        <a href="#" panel-name="suite-Suite" title="testCases.DS_IntroductionTests" class="method navigator-link" hash-for-method="DS_PythonEditor_InValidCodes">DS_PythonEditor_InValidCodes</a> <!-- method navigator-link -->
                      </span>
                      <br/>
                      <span>
                        <img src="failed.png" width="3%"/>
                        <a href="#" panel-name="suite-Suite" title="testCases.DS_IntroductionTests" class="method navigator-link" hash-for-method="DS_PythonEditor_ValidCodes">DS_PythonEditor_ValidCodes</a> <!-- method navigator-link -->
                      </span>
                      <br/>
                      <span>
                        <img src="failed.png" width="3%"/>
                        <a href="#" panel-name="suite-Suite" title="testCases.DS_IntroductionTests" class="method navigator-link" hash-for-method="DS_PythonEditor_WithoutCodes">DS_PythonEditor_WithoutCodes</a> <!-- method navigator-link -->
                      </span>
                      <br/>
                      <span>
                        <img src="failed.png" width="3%"/>
                        <a href="#" panel-name="suite-Suite" title="testCases.DS_IntroductionTests" class="method navigator-link" hash-for-method="DS_TimeComplexity_SignOutBtn">DS_TimeComplexity_SignOutBtn</a> <!-- method navigator-link -->
                      </span>
                      <br/>
                      <span>
                        <img src="failed.png" width="3%"/>
                        <a href="#" panel-name="suite-Suite" title="testCases.DS_IntroductionTests" class="method navigator-link" hash-for-method="Test_DS_TimeComplexityLink">Test_DS_TimeComplexityLink</a> <!-- method navigator-link -->
                      </span>
                      <br/>
                      <span>
                        <img src="failed.png" width="3%"/>
                        <a href="#" panel-name="suite-Suite" title="testCases.DS_IntroductionTests" class="method navigator-link" hash-for-method="Test_DS_TimeComplexity_Practice_Questions_link">Test_DS_TimeComplexity_Practice_Questions_link</a> <!-- method navigator-link -->
                      </span>
                      <br/>
                      <span>
                        <img src="failed.png" width="3%"/>
                        <a href="#" panel-name="suite-Suite" title="testCases.DS_IntroductionTests" class="method navigator-link" hash-for-method="Test_DS_TryHere">Test_DS_TryHere</a> <!-- method navigator-link -->
                      </span>
                      <br/>
                      <span>
                        <img src="failed.png" width="3%"/>
                        <a href="#" panel-name="suite-Suite" title="testCases.DS_IntroductionTests" class="method navigator-link" hash-for-method="Test_LeftPanel_TimeComplexity">Test_LeftPanel_TimeComplexity</a> <!-- method navigator-link -->
                      </span>
                      <br/>
                    </div> <!-- method-list-content failed suite-Suite -->
                  </li>
                  <li>
                    <span class="method-list-title passed">Passed methods</span>
                    <span class="show-or-hide-methods passed">
                      <a href="#" panel-name="suite-Suite" class="hide-methods passed suite-Suite"> (hide)</a> <!-- hide-methods passed suite-Suite -->
                      <a href="#" panel-name="suite-Suite" class="show-methods passed suite-Suite"> (show)</a> <!-- show-methods passed suite-Suite -->
                    </span>
                    <div class="method-list-content passed suite-Suite">
                      <span>
                        <img src="passed.png" width="3%"/>
                        <a href="#" panel-name="suite-Suite" title="testCases.RegisterPageTest" class="method navigator-link" hash-for-method="RegisterNewAccount">RegisterNewAccount</a> <!-- method navigator-link -->
                      </span>
                      <br/>
                      <span>
                        <img src="passed.png" width="3%"/>
                        <a href="#" panel-name="suite-Suite" title="testCases.GetStartedPageTest" class="method navigator-link" hash-for-method="TestGetStartedButton">TestGetStartedButton</a> <!-- method navigator-link -->
                      </span>
                      <br/>
                      <span>
                        <img src="passed.png" width="3%"/>
                        <a href="#" panel-name="suite-Suite" title="testCases.SignInPagetest" class="method navigator-link" hash-for-method="checkValidAndInvalidLoginTest(numnin, aj@234, Invalid)">checkValidAndInvalidLoginTest(numnin, aj@234, Invalid)</a> <!-- method navigator-link -->
                      </span>
                      <br/>
                      <span>
                        <img src="passed.png" width="3%"/>
                        <a href="#" panel-name="suite-Suite" title="testCases.SignInPagetest" class="method navigator-link" hash-for-method="checkValidAndInvalidLoginTest(numpy, ninja, Invalid)">checkValidAndInvalidLoginTest(numpy, ninja, Invalid)</a> <!-- method navigator-link -->
                      </span>
                      <br/>
                      <span>
                        <img src="passed.png" width="3%"/>
                        <a href="#" panel-name="suite-Suite" title="testCases.SignInPagetest" class="method navigator-link" hash-for-method="checkValidAndInvalidLoginTest(ninja, Password, Invalid)">checkValidAndInvalidLoginTest(ninja, Password, Invalid)</a> <!-- method navigator-link -->
                      </span>
                      <br/>
                      <span>
                        <img src="passed.png" width="3%"/>
                        <a href="#" panel-name="suite-Suite" title="testCases.SignInPagetest" class="method navigator-link" hash-for-method="checkValidAndInvalidLoginTest(TestPro, ajm@123$, Valid)">checkValidAndInvalidLoginTest(TestPro, ajm@123$, Valid)</a> <!-- method navigator-link -->
                      </span>
                      <br/>
                      <span>
                        <img src="passed.png" width="3%"/>
                        <a href="#" panel-name="suite-Suite" title="testCases.SignInPagetest" class="method navigator-link" hash-for-method="checkValidAndInvalidLoginTest(ninjanumpy, prot@34, Invalid)">checkValidAndInvalidLoginTest(ninjanumpy, prot@34, Invalid)</a> <!-- method navigator-link -->
                      </span>
                      <br/>
                      <span>
                        <img src="passed.png" width="3%"/>
                        <a href="#" panel-name="suite-Suite" title="testCases.HomePageTests" class="method navigator-link" hash-for-method="clickGetStartedButtonWithoutSignIn(DataStructure)">clickGetStartedButtonWithoutSignIn(DataStructure)</a> <!-- method navigator-link -->
                      </span>
                      <br/>
                      <span>
                        <img src="passed.png" width="3%"/>
                        <a href="#" panel-name="suite-Suite" title="testCases.HomePageTests" class="method navigator-link" hash-for-method="clickGetStartedButtonWithoutSignIn(Tree)">clickGetStartedButtonWithoutSignIn(Tree)</a> <!-- method navigator-link -->
                      </span>
                      <br/>
                      <span>
                        <img src="passed.png" width="3%"/>
                        <a href="#" panel-name="suite-Suite" title="testCases.HomePageTests" class="method navigator-link" hash-for-method="clickGetStartedButtonWithoutSignIn(Stack)">clickGetStartedButtonWithoutSignIn(Stack)</a> <!-- method navigator-link -->
                      </span>
                      <br/>
                      <span>
                        <img src="passed.png" width="3%"/>
                        <a href="#" panel-name="suite-Suite" title="testCases.HomePageTests" class="method navigator-link" hash-for-method="clickGetStartedButtonWithoutSignIn(Queue)">clickGetStartedButtonWithoutSignIn(Queue)</a> <!-- method navigator-link -->
                      </span>
                      <br/>
                      <span>
                        <img src="passed.png" width="3%"/>
                        <a href="#" panel-name="suite-Suite" title="testCases.HomePageTests" class="method navigator-link" hash-for-method="clickGetStartedButtonWithoutSignIn(Graph)">clickGetStartedButtonWithoutSignIn(Graph)</a> <!-- method navigator-link -->
                      </span>
                      <br/>
                      <span>
                        <img src="passed.png" width="3%"/>
                        <a href="#" panel-name="suite-Suite" title="testCases.HomePageTests" class="method navigator-link" hash-for-method="clickGetStartedButtonWithoutSignIn(Array)">clickGetStartedButtonWithoutSignIn(Array)</a> <!-- method navigator-link -->
                      </span>
                      <br/>
                      <span>
                        <img src="passed.png" width="3%"/>
                        <a href="#" panel-name="suite-Suite" title="testCases.HomePageTests" class="method navigator-link" hash-for-method="clickGetStartedButtonWithoutSignIn(LinkedList)">clickGetStartedButtonWithoutSignIn(LinkedList)</a> <!-- method navigator-link -->
                      </span>
                      <br/>
                    </div> <!-- method-list-content passed suite-Suite -->
                  </li>
                </ul>
              </div> <!-- suite-section-content -->
            </div> <!-- result-section -->
          </div> <!-- navigator-suite-content -->
        </div> <!-- rounded-window -->
      </div> <!-- suite -->
    </div> <!-- navigator-root -->
    <div class="wrapper">
      <div class="main-panel-root">
        <div panel-name="suite-Suite" class="panel Suite">
          <div class="suite-Suite-class-failed">
            <div class="main-panel-header rounded-window-top">
              <img src="failed.png"/>
              <span class="class-name">testCases.DS_IntroductionTests</span>
            </div> <!-- main-panel-header rounded-window-top -->
            <div class="main-panel-content rounded-window-bottom">
              <div class="method">
                <div class="method-content">
                  <a name="DS_PythonEditor_InValidCodes">
                  </a> <!-- DS_PythonEditor_InValidCodes -->
                  <span class="method-name">DS_PythonEditor_InValidCodes</span>
                  <div class="stack-trace">java.lang.NullPointerException: Cannot invoke &quot;org.openqa.selenium.SearchContext.findElement(org.openqa.selenium.By)&quot; because &quot;this.searchContext&quot; is null
	at org.openqa.selenium.support.pagefactory.DefaultElementLocator.findElement(DefaultElementLocator.java:68)
	at org.openqa.selenium.support.pagefactory.internal.LocatingElementHandler.invoke(LocatingElementHandler.java:38)
	at jdk.proxy2/jdk.proxy2.$Proxy23.click(Unknown Source)
	at pageObject.GetStartedPage.clickGetStartedSP(GetStartedPage.java:18)
	at pageObject.HomePage.Login_HomePage(HomePage.java:65)
	at testCases.DS_IntroductionTests.DS_PythonEditor_InValidCodes(DS_IntroductionTests.java:94)
	at java.base/java.util.concurrent.Executors$RunnableAdapter.call(Executors.java:572)
	at java.base/java.util.concurrent.FutureTask.run(FutureTask.java:317)
	at java.base/java.util.concurrent.ThreadPoolExecutor.runWorker(ThreadPoolExecutor.java:1144)
	at java.base/java.util.concurrent.ThreadPoolExecutor$Worker.run(ThreadPoolExecutor.java:642)
	at java.base/java.lang.Thread.run(Thread.java:1570)
... Removed 11 stack frames
</div> <!-- stack-trace -->
                </div> <!-- method-content -->
              </div> <!-- method -->
              <div class="method">
                <div class="method-content">
                  <a name="DS_PythonEditor_ValidCodes">
                  </a> <!-- DS_PythonEditor_ValidCodes -->
                  <span class="method-name">DS_PythonEditor_ValidCodes</span>
                  <div class="stack-trace">java.lang.NullPointerException: Cannot invoke &quot;org.openqa.selenium.SearchContext.findElement(org.openqa.selenium.By)&quot; because &quot;this.searchContext&quot; is null
	at org.openqa.selenium.support.pagefactory.DefaultElementLocator.findElement(DefaultElementLocator.java:68)
	at org.openqa.selenium.support.pagefactory.internal.LocatingElementHandler.invoke(LocatingElementHandler.java:38)
	at jdk.proxy2/jdk.proxy2.$Proxy23.click(Unknown Source)
	at pageObject.GetStartedPage.clickGetStartedSP(GetStartedPage.java:18)
	at pageObject.HomePage.Login_HomePage(HomePage.java:65)
	at testCases.DS_IntroductionTests.DS_PythonEditor_ValidCodes(DS_IntroductionTests.java:73)
	at java.base/java.util.concurrent.Executors$RunnableAdapter.call(Executors.java:572)
	at java.base/java.util.concurrent.FutureTask.run(FutureTask.java:317)
	at java.base/java.util.concurrent.ThreadPoolExecutor.runWorker(ThreadPoolExecutor.java:1144)
	at java.base/java.util.concurrent.ThreadPoolExecutor$Worker.run(ThreadPoolExecutor.java:642)
	at java.base/java.lang.Thread.run(Thread.java:1570)
... Removed 11 stack frames
</div> <!-- stack-trace -->
                </div> <!-- method-content -->
              </div> <!-- method -->
              <div class="method">
                <div class="method-content">
                  <a name="DS_PythonEditor_WithoutCodes">
                  </a> <!-- DS_PythonEditor_WithoutCodes -->
                  <span class="method-name">DS_PythonEditor_WithoutCodes</span>
                  <div class="stack-trace">java.lang.NullPointerException: Cannot invoke &quot;org.openqa.selenium.SearchContext.findElement(org.openqa.selenium.By)&quot; because &quot;this.searchContext&quot; is null
	at org.openqa.selenium.support.pagefactory.DefaultElementLocator.findElement(DefaultElementLocator.java:68)
	at org.openqa.selenium.support.pagefactory.internal.LocatingElementHandler.invoke(LocatingElementHandler.java:38)
	at jdk.proxy2/jdk.proxy2.$Proxy23.click(Unknown Source)
	at pageObject.GetStartedPage.clickGetStartedSP(GetStartedPage.java:18)
	at pageObject.HomePage.Login_HomePage(HomePage.java:65)
	at testCases.DS_IntroductionTests.DS_PythonEditor_WithoutCodes(DS_IntroductionTests.java:124)
	at java.base/java.util.concurrent.Executors$RunnableAdapter.call(Executors.java:572)
	at java.base/java.util.concurrent.FutureTask.run(FutureTask.java:317)
	at java.base/java.util.concurrent.ThreadPoolExecutor.runWorker(ThreadPoolExecutor.java:1144)
	at java.base/java.util.concurrent.ThreadPoolExecutor$Worker.run(ThreadPoolExecutor.java:642)
	at java.base/java.lang.Thread.run(Thread.java:1570)
... Removed 11 stack frames
</div> <!-- stack-trace -->
                </div> <!-- method-content -->
              </div> <!-- method -->
              <div class="method">
                <div class="method-content">
                  <a name="DS_TimeComplexity_SignOutBtn">
                  </a> <!-- DS_TimeComplexity_SignOutBtn -->
                  <span class="method-name">DS_TimeComplexity_SignOutBtn</span>
                  <div class="stack-trace">java.lang.NullPointerException: Cannot invoke &quot;org.openqa.selenium.SearchContext.findElement(org.openqa.selenium.By)&quot; because &quot;this.searchContext&quot; is null
	at org.openqa.selenium.support.pagefactory.DefaultElementLocator.findElement(DefaultElementLocator.java:68)
	at org.openqa.selenium.support.pagefactory.internal.LocatingElementHandler.invoke(LocatingElementHandler.java:38)
	at jdk.proxy2/jdk.proxy2.$Proxy23.click(Unknown Source)
	at pageObject.GetStartedPage.clickGetStartedSP(GetStartedPage.java:18)
	at pageObject.HomePage.Login_HomePage(HomePage.java:65)
	at testCases.DS_IntroductionTests.DS_TimeComplexity_SignOutBtn(DS_IntroductionTests.java:109)
	at java.base/java.util.concurrent.Executors$RunnableAdapter.call(Executors.java:572)
	at java.base/java.util.concurrent.FutureTask.run(FutureTask.java:317)
	at java.base/java.util.concurrent.ThreadPoolExecutor.runWorker(ThreadPoolExecutor.java:1144)
	at java.base/java.util.concurrent.ThreadPoolExecutor$Worker.run(ThreadPoolExecutor.java:642)
	at java.base/java.lang.Thread.run(Thread.java:1570)
... Removed 11 stack frames
</div> <!-- stack-trace -->
                </div> <!-- method-content -->
              </div> <!-- method -->
              <div class="method">
                <div class="method-content">
                  <a name="Test_DS_TimeComplexityLink">
                  </a> <!-- Test_DS_TimeComplexityLink -->
                  <span class="method-name">Test_DS_TimeComplexityLink</span>
                  <div class="stack-trace">java.lang.NullPointerException: Cannot invoke &quot;org.openqa.selenium.SearchContext.findElement(org.openqa.selenium.By)&quot; because &quot;this.searchContext&quot; is null
	at org.openqa.selenium.support.pagefactory.DefaultElementLocator.findElement(DefaultElementLocator.java:68)
	at org.openqa.selenium.support.pagefactory.internal.LocatingElementHandler.invoke(LocatingElementHandler.java:38)
	at jdk.proxy2/jdk.proxy2.$Proxy23.click(Unknown Source)
	at pageObject.GetStartedPage.clickGetStartedSP(GetStartedPage.java:18)
	at pageObject.HomePage.Login_HomePage(HomePage.java:65)
	at testCases.DS_IntroductionTests.Test_DS_TimeComplexityLink(DS_IntroductionTests.java:18)
	at java.base/java.util.concurrent.Executors$RunnableAdapter.call(Executors.java:572)
	at java.base/java.util.concurrent.FutureTask.run(FutureTask.java:317)
	at java.base/java.util.concurrent.ThreadPoolExecutor.runWorker(ThreadPoolExecutor.java:1144)
	at java.base/java.util.concurrent.ThreadPoolExecutor$Worker.run(ThreadPoolExecutor.java:642)
	at java.base/java.lang.Thread.run(Thread.java:1570)
... Removed 11 stack frames
</div> <!-- stack-trace -->
                </div> <!-- method-content -->
              </div> <!-- method -->
              <div class="method">
                <div class="method-content">
                  <a name="Test_DS_TimeComplexity_Practice_Questions_link">
                  </a> <!-- Test_DS_TimeComplexity_Practice_Questions_link -->
                  <span class="method-name">Test_DS_TimeComplexity_Practice_Questions_link</span>
                  <div class="stack-trace">java.lang.NullPointerException: Cannot invoke &quot;org.openqa.selenium.SearchContext.findElement(org.openqa.selenium.By)&quot; because &quot;this.searchContext&quot; is null
	at org.openqa.selenium.support.pagefactory.DefaultElementLocator.findElement(DefaultElementLocator.java:68)
	at org.openqa.selenium.support.pagefactory.internal.LocatingElementHandler.invoke(LocatingElementHandler.java:38)
	at jdk.proxy2/jdk.proxy2.$Proxy23.click(Unknown Source)
	at pageObject.GetStartedPage.clickGetStartedSP(GetStartedPage.java:18)
	at pageObject.HomePage.Login_HomePage(HomePage.java:65)
	at testCases.DS_IntroductionTests.Test_DS_TimeComplexity_Practice_Questions_link(DS_IntroductionTests.java:34)
	at java.base/java.util.concurrent.Executors$RunnableAdapter.call(Executors.java:572)
	at java.base/java.util.concurrent.FutureTask.run(FutureTask.java:317)
	at java.base/java.util.concurrent.ThreadPoolExecutor.runWorker(ThreadPoolExecutor.java:1144)
	at java.base/java.util.concurrent.ThreadPoolExecutor$Worker.run(ThreadPoolExecutor.java:642)
	at java.base/java.lang.Thread.run(Thread.java:1570)
... Removed 11 stack frames
</div> <!-- stack-trace -->
                </div> <!-- method-content -->
              </div> <!-- method -->
              <div class="method">
                <div class="method-content">
                  <a name="Test_DS_TryHere">
                  </a> <!-- Test_DS_TryHere -->
                  <span class="method-name">Test_DS_TryHere</span>
                  <div class="stack-trace">java.lang.NullPointerException: Cannot invoke &quot;org.openqa.selenium.SearchContext.findElement(org.openqa.selenium.By)&quot; because &quot;this.searchContext&quot; is null
	at org.openqa.selenium.support.pagefactory.DefaultElementLocator.findElement(DefaultElementLocator.java:68)
	at org.openqa.selenium.support.pagefactory.internal.LocatingElementHandler.invoke(LocatingElementHandler.java:38)
	at jdk.proxy2/jdk.proxy2.$Proxy23.click(Unknown Source)
	at pageObject.GetStartedPage.clickGetStartedSP(GetStartedPage.java:18)
	at pageObject.HomePage.Login_HomePage(HomePage.java:65)
	at testCases.DS_IntroductionTests.Test_DS_TryHere(DS_IntroductionTests.java:60)
	at java.base/java.util.concurrent.Executors$RunnableAdapter.call(Executors.java:572)
	at java.base/java.util.concurrent.FutureTask.run(FutureTask.java:317)
	at java.base/java.util.concurrent.ThreadPoolExecutor.runWorker(ThreadPoolExecutor.java:1144)
	at java.base/java.util.concurrent.ThreadPoolExecutor$Worker.run(ThreadPoolExecutor.java:642)
	at java.base/java.lang.Thread.run(Thread.java:1570)
... Removed 11 stack frames
</div> <!-- stack-trace -->
                </div> <!-- method-content -->
              </div> <!-- method -->
              <div class="method">
                <div class="method-content">
                  <a name="Test_LeftPanel_TimeComplexity">
                  </a> <!-- Test_LeftPanel_TimeComplexity -->
                  <span class="method-name">Test_LeftPanel_TimeComplexity</span>
                  <div class="stack-trace">java.lang.NullPointerException: Cannot invoke &quot;org.openqa.selenium.SearchContext.findElement(org.openqa.selenium.By)&quot; because &quot;this.searchContext&quot; is null
	at org.openqa.selenium.support.pagefactory.DefaultElementLocator.findElement(DefaultElementLocator.java:68)
	at org.openqa.selenium.support.pagefactory.internal.LocatingElementHandler.invoke(LocatingElementHandler.java:38)
	at jdk.proxy2/jdk.proxy2.$Proxy23.click(Unknown Source)
	at pageObject.GetStartedPage.clickGetStartedSP(GetStartedPage.java:18)
	at pageObject.HomePage.Login_HomePage(HomePage.java:65)
	at testCases.DS_IntroductionTests.Test_LeftPanel_TimeComplexity(DS_IntroductionTests.java:47)
	at java.base/java.util.concurrent.Executors$RunnableAdapter.call(Executors.java:572)
	at java.base/java.util.concurrent.FutureTask.run(FutureTask.java:317)
	at java.base/java.util.concurrent.ThreadPoolExecutor.runWorker(ThreadPoolExecutor.java:1144)
	at java.base/java.util.concurrent.ThreadPoolExecutor$Worker.run(ThreadPoolExecutor.java:642)
	at java.base/java.lang.Thread.run(Thread.java:1570)
... Removed 11 stack frames
</div> <!-- stack-trace -->
                </div> <!-- method-content -->
              </div> <!-- method -->
            </div> <!-- main-panel-content rounded-window-bottom -->
          </div> <!-- suite-Suite-class-failed -->
          <div class="suite-Suite-class-passed">
            <div class="main-panel-header rounded-window-top">
              <img src="passed.png"/>
              <span class="class-name">testCases.GetStartedPageTest</span>
            </div> <!-- main-panel-header rounded-window-top -->
            <div class="main-panel-content rounded-window-bottom">
              <div class="method">
                <div class="method-content">
                  <a name="TestGetStartedButton">
                  </a> <!-- TestGetStartedButton -->
                  <span class="method-name">TestGetStartedButton</span>
                </div> <!-- method-content -->
              </div> <!-- method -->
            </div> <!-- main-panel-content rounded-window-bottom -->
          </div> <!-- suite-Suite-class-passed -->
          <div class="suite-Suite-class-passed">
            <div class="main-panel-header rounded-window-top">
              <img src="passed.png"/>
              <span class="class-name">testCases.RegisterPageTest</span>
            </div> <!-- main-panel-header rounded-window-top -->
            <div class="main-panel-content rounded-window-bottom">
              <div class="method">
                <div class="method-content">
                  <a name="RegisterNewAccount">
                  </a> <!-- RegisterNewAccount -->
                  <span class="method-name">RegisterNewAccount</span>
                </div> <!-- method-content -->
              </div> <!-- method -->
            </div> <!-- main-panel-content rounded-window-bottom -->
          </div> <!-- suite-Suite-class-passed -->
          <div class="suite-Suite-class-passed">
            <div class="main-panel-header rounded-window-top">
              <img src="passed.png"/>
              <span class="class-name">testCases.HomePageTests</span>
            </div> <!-- main-panel-header rounded-window-top -->
            <div class="main-panel-content rounded-window-bottom">
              <div class="method">
                <div class="method-content">
                  <a name="clickGetStartedButtonWithoutSignIn(DataStructure)">
                  </a> <!-- clickGetStartedButtonWithoutSignIn(DataStructure) -->
                  <span class="method-name">clickGetStartedButtonWithoutSignIn</span>
                  <span class="parameters">(DataStructure)</span>
                </div> <!-- method-content -->
              </div> <!-- method -->
              <div class="method">
                <div class="method-content">
                  <a name="clickGetStartedButtonWithoutSignIn(Tree)">
                  </a> <!-- clickGetStartedButtonWithoutSignIn(Tree) -->
                  <span class="method-name">clickGetStartedButtonWithoutSignIn</span>
                  <span class="parameters">(Tree)</span>
                </div> <!-- method-content -->
              </div> <!-- method -->
              <div class="method">
                <div class="method-content">
                  <a name="clickGetStartedButtonWithoutSignIn(Stack)">
                  </a> <!-- clickGetStartedButtonWithoutSignIn(Stack) -->
                  <span class="method-name">clickGetStartedButtonWithoutSignIn</span>
                  <span class="parameters">(Stack)</span>
                </div> <!-- method-content -->
              </div> <!-- method -->
              <div class="method">
                <div class="method-content">
                  <a name="clickGetStartedButtonWithoutSignIn(Queue)">
                  </a> <!-- clickGetStartedButtonWithoutSignIn(Queue) -->
                  <span class="method-name">clickGetStartedButtonWithoutSignIn</span>
                  <span class="parameters">(Queue)</span>
                </div> <!-- method-content -->
              </div> <!-- method -->
              <div class="method">
                <div class="method-content">
                  <a name="clickGetStartedButtonWithoutSignIn(Graph)">
                  </a> <!-- clickGetStartedButtonWithoutSignIn(Graph) -->
                  <span class="method-name">clickGetStartedButtonWithoutSignIn</span>
                  <span class="parameters">(Graph)</span>
                </div> <!-- method-content -->
              </div> <!-- method -->
              <div class="method">
                <div class="method-content">
                  <a name="clickGetStartedButtonWithoutSignIn(Array)">
                  </a> <!-- clickGetStartedButtonWithoutSignIn(Array) -->
                  <span class="method-name">clickGetStartedButtonWithoutSignIn</span>
                  <span class="parameters">(Array)</span>
                </div> <!-- method-content -->
              </div> <!-- method -->
              <div class="method">
                <div class="method-content">
                  <a name="clickGetStartedButtonWithoutSignIn(LinkedList)">
                  </a> <!-- clickGetStartedButtonWithoutSignIn(LinkedList) -->
                  <span class="method-name">clickGetStartedButtonWithoutSignIn</span>
                  <span class="parameters">(LinkedList)</span>
                </div> <!-- method-content -->
              </div> <!-- method -->
            </div> <!-- main-panel-content rounded-window-bottom -->
          </div> <!-- suite-Suite-class-passed -->
          <div class="suite-Suite-class-passed">
            <div class="main-panel-header rounded-window-top">
              <img src="passed.png"/>
              <span class="class-name">testCases.SignInPagetest</span>
            </div> <!-- main-panel-header rounded-window-top -->
            <div class="main-panel-content rounded-window-bottom">
              <div class="method">
                <div class="method-content">
                  <a name="checkValidAndInvalidLoginTest(numnin, aj@234, Invalid)">
                  </a> <!-- checkValidAndInvalidLoginTest(numnin, aj@234, Invalid) -->
                  <span class="method-name">checkValidAndInvalidLoginTest</span>
                  <span class="parameters">(numnin,aj@234,Invalid)</span>
                </div> <!-- method-content -->
              </div> <!-- method -->
              <div class="method">
                <div class="method-content">
                  <a name="checkValidAndInvalidLoginTest(numpy, ninja, Invalid)">
                  </a> <!-- checkValidAndInvalidLoginTest(numpy, ninja, Invalid) -->
                  <span class="method-name">checkValidAndInvalidLoginTest</span>
                  <span class="parameters">(numpy,ninja,Invalid)</span>
                </div> <!-- method-content -->
              </div> <!-- method -->
              <div class="method">
                <div class="method-content">
                  <a name="checkValidAndInvalidLoginTest(ninja, Password, Invalid)">
                  </a> <!-- checkValidAndInvalidLoginTest(ninja, Password, Invalid) -->
                  <span class="method-name">checkValidAndInvalidLoginTest</span>
                  <span class="parameters">(ninja,Password,Invalid)</span>
                </div> <!-- method-content -->
              </div> <!-- method -->
              <div class="method">
                <div class="method-content">
                  <a name="checkValidAndInvalidLoginTest(TestPro, ajm@123$, Valid)">
                  </a> <!-- checkValidAndInvalidLoginTest(TestPro, ajm@123$, Valid) -->
                  <span class="method-name">checkValidAndInvalidLoginTest</span>
                  <span class="parameters">(TestPro,ajm@123$,Valid)</span>
                </div> <!-- method-content -->
              </div> <!-- method -->
              <div class="method">
                <div class="method-content">
                  <a name="checkValidAndInvalidLoginTest(ninjanumpy, prot@34, Invalid)">
                  </a> <!-- checkValidAndInvalidLoginTest(ninjanumpy, prot@34, Invalid) -->
                  <span class="method-name">checkValidAndInvalidLoginTest</span>
                  <span class="parameters">(ninjanumpy,prot@34,Invalid)</span>
                </div> <!-- method-content -->
              </div> <!-- method -->
            </div> <!-- main-panel-content rounded-window-bottom -->
          </div> <!-- suite-Suite-class-passed -->
        </div> <!-- panel Suite -->
        <div panel-name="test-xml-Suite" class="panel">
          <div class="main-panel-header rounded-window-top">
            <span class="header-content">C:\Users\kotha\eclipse-workspace\TestNG\testng.xml</span>
          </div> <!-- main-panel-header rounded-window-top -->
          <div class="main-panel-content rounded-window-bottom">
            <pre>
&lt;?xml version=&quot;1.0&quot; encoding=&quot;UTF-8&quot;?&gt;
&lt;!DOCTYPE suite SYSTEM &quot;https://testng.org/testng-1.0.dtd&quot;&gt;
&lt;suite parallel=&quot;methods&quot; name=&quot;Suite&quot; guice-stage=&quot;DEVELOPMENT&quot;&gt;
  &lt;test thread-count=&quot;5&quot; parallel=&quot;methods&quot; name=&quot;Test&quot;&gt;
    &lt;parameter name=&quot;browser&quot; value=&quot;chrome&quot;/&gt;
    &lt;classes&gt;
      &lt;class name=&quot;testCases.GetStartedPageTest&quot;/&gt;
      &lt;class name=&quot;testCases.SignInPagetest&quot;/&gt;
      &lt;class name=&quot;testCases.HomePageTests&quot;/&gt;
      &lt;class name=&quot;testCases.RegisterPageTest&quot;/&gt;
      &lt;class name=&quot;testCases.DS_IntroductionTests&quot;/&gt;
    &lt;/classes&gt;
  &lt;/test&gt; &lt;!-- Test --&gt;
&lt;/suite&gt; &lt;!-- Suite --&gt;
            </pre>
          </div> <!-- main-panel-content rounded-window-bottom -->
        </div> <!-- panel -->
        <div panel-name="testlist-Suite" class="panel">
          <div class="main-panel-header rounded-window-top">
            <span class="header-content">Tests for Suite</span>
          </div> <!-- main-panel-header rounded-window-top -->
          <div class="main-panel-content rounded-window-bottom">
            <ul>
              <li>
                <span class="test-name">Test (5 classes)</span>
              </li>
            </ul>
          </div> <!-- main-panel-content rounded-window-bottom -->
        </div> <!-- panel -->
        <div panel-name="group-Suite" class="panel">
          <div class="main-panel-header rounded-window-top">
            <span class="header-content">Groups for Suite</span>
          </div> <!-- main-panel-header rounded-window-top -->
          <div class="main-panel-content rounded-window-bottom">
            <div class="test-group">
              <span class="test-group-name">regression</span>
              <br/>
              <div class="method-in-group">
                <span class="method-in-group-name">RegisterNewAccount</span>
                <br/>
              </div> <!-- method-in-group -->
              <div class="method-in-group">
                <span class="method-in-group-name">TestGetStartedButton</span>
                <br/>
              </div> <!-- method-in-group -->
              <div class="method-in-group">
                <span class="method-in-group-name">checkValidAndInvalidLoginTest</span>
                <br/>
              </div> <!-- method-in-group -->
              <div class="method-in-group">
                <span class="method-in-group-name">clickGetStartedButtonWithoutSignIn</span>
                <br/>
              </div> <!-- method-in-group -->
            </div> <!-- test-group -->
            <div class="test-group">
              <span class="test-group-name">smoke</span>
              <br/>
              <div class="method-in-group">
                <span class="method-in-group-name">RegisterNewAccount</span>
                <br/>
              </div> <!-- method-in-group -->
              <div class="method-in-group">
                <span class="method-in-group-name">TestGetStartedButton</span>
                <br/>
              </div> <!-- method-in-group -->
              <div class="method-in-group">
                <span class="method-in-group-name">clickGetStartedButtonWithoutSignIn</span>
                <br/>
              </div> <!-- method-in-group -->
            </div> <!-- test-group -->
          </div> <!-- main-panel-content rounded-window-bottom -->
        </div> <!-- panel -->
        <div panel-name="times-Suite" class="panel">
          <div class="main-panel-header rounded-window-top">
            <span class="header-content">Times for Suite</span>
          </div> <!-- main-panel-header rounded-window-top -->
          <div class="main-panel-content rounded-window-bottom">
            <div class="times-div">
              <script type="text/javascript">
suiteTableInitFunctions.push('tableData_Suite');
function tableData_Suite() {
var data = new google.visualization.DataTable();
data.addColumn('number', 'Number');
data.addColumn('string', 'Method');
data.addColumn('string', 'Class');
data.addColumn('number', 'Time (ms)');
data.addRows(22);
data.setCell(0, 0, 0)
data.setCell(0, 1, 'RegisterNewAccount')
data.setCell(0, 2, 'testCases.RegisterPageTest')
data.setCell(0, 3, 3499);
data.setCell(1, 0, 1)
data.setCell(1, 1, 'checkValidAndInvalidLoginTest')
data.setCell(1, 2, 'testCases.SignInPagetest')
data.setCell(1, 3, 3448);
data.setCell(2, 0, 2)
data.setCell(2, 1, 'checkValidAndInvalidLoginTest')
data.setCell(2, 2, 'testCases.SignInPagetest')
data.setCell(2, 3, 2737);
data.setCell(3, 0, 3)
data.setCell(3, 1, 'checkValidAndInvalidLoginTest')
data.setCell(3, 2, 'testCases.SignInPagetest')
data.setCell(3, 3, 2539);
data.setCell(4, 0, 4)
data.setCell(4, 1, 'checkValidAndInvalidLoginTest')
data.setCell(4, 2, 'testCases.SignInPagetest')
data.setCell(4, 3, 2424);
data.setCell(5, 0, 5)
data.setCell(5, 1, 'checkValidAndInvalidLoginTest')
data.setCell(5, 2, 'testCases.SignInPagetest')
data.setCell(5, 3, 2272);
data.setCell(6, 0, 6)
data.setCell(6, 1, 'clickGetStartedButtonWithoutSignIn')
data.setCell(6, 2, 'testCases.HomePageTests')
data.setCell(6, 3, 1463);
data.setCell(7, 0, 7)
data.setCell(7, 1, 'clickGetStartedButtonWithoutSignIn')
data.setCell(7, 2, 'testCases.HomePageTests')
data.setCell(7, 3, 1444);
data.setCell(8, 0, 8)
data.setCell(8, 1, 'clickGetStartedButtonWithoutSignIn')
data.setCell(8, 2, 'testCases.HomePageTests')
data.setCell(8, 3, 1372);
data.setCell(9, 0, 9)
data.setCell(9, 1, 'clickGetStartedButtonWithoutSignIn')
data.setCell(9, 2, 'testCases.HomePageTests')
data.setCell(9, 3, 1352);
data.setCell(10, 0, 10)
data.setCell(10, 1, 'clickGetStartedButtonWithoutSignIn')
data.setCell(10, 2, 'testCases.HomePageTests')
data.setCell(10, 3, 1348);
data.setCell(11, 0, 11)
data.setCell(11, 1, 'clickGetStartedButtonWithoutSignIn')
data.setCell(11, 2, 'testCases.HomePageTests')
data.setCell(11, 3, 1318);
data.setCell(12, 0, 12)
data.setCell(12, 1, 'clickGetStartedButtonWithoutSignIn')
data.setCell(12, 2, 'testCases.HomePageTests')
data.setCell(12, 3, 1134);
data.setCell(13, 0, 13)
data.setCell(13, 1, 'TestGetStartedButton')
data.setCell(13, 2, 'testCases.GetStartedPageTest')
data.setCell(13, 3, 880);
data.setCell(14, 0, 14)
data.setCell(14, 1, 'DS_PythonEditor_WithoutCodes')
data.setCell(14, 2, 'testCases.DS_IntroductionTests')
data.setCell(14, 3, 287);
data.setCell(15, 0, 15)
data.setCell(15, 1, 'Test_LeftPanel_TimeComplexity')
data.setCell(15, 2, 'testCases.DS_IntroductionTests')
data.setCell(15, 3, 287);
data.setCell(16, 0, 16)
data.setCell(16, 1, 'DS_PythonEditor_InValidCodes')
data.setCell(16, 2, 'testCases.DS_IntroductionTests')
data.setCell(16, 3, 287);
data.setCell(17, 0, 17)
data.setCell(17, 1, 'Test_DS_TimeComplexityLink')
data.setCell(17, 2, 'testCases.DS_IntroductionTests')
data.setCell(17, 3, 287);
data.setCell(18, 0, 18)
data.setCell(18, 1, 'DS_TimeComplexity_SignOutBtn')
data.setCell(18, 2, 'testCases.DS_IntroductionTests')
data.setCell(18, 3, 287);
data.setCell(19, 0, 19)
data.setCell(19, 1, 'Test_DS_TryHere')
data.setCell(19, 2, 'testCases.DS_IntroductionTests')
data.setCell(19, 3, 37);
data.setCell(20, 0, 20)
data.setCell(20, 1, 'Test_DS_TimeComplexity_Practice_Questions_link')
data.setCell(20, 2, 'testCases.DS_IntroductionTests')
data.setCell(20, 3, 29);
data.setCell(21, 0, 21)
data.setCell(21, 1, 'DS_PythonEditor_ValidCodes')
data.setCell(21, 2, 'testCases.DS_IntroductionTests')
data.setCell(21, 3, 12);
window.suiteTableData['Suite']= { tableData: data, tableDiv: 'times-div-Suite'}
return data;
}
              </script>
              <span class="suite-total-time">Total running time: 28 seconds</span>
              <div id="times-div-Suite">
              </div> <!-- times-div-Suite -->
            </div> <!-- times-div -->
          </div> <!-- main-panel-content rounded-window-bottom -->
        </div> <!-- panel -->
        <div panel-name="reporter-Suite" class="panel">
          <div class="main-panel-header rounded-window-top">
            <span class="header-content">Reporter output for Suite</span>
          </div> <!-- main-panel-header rounded-window-top -->
          <div class="main-panel-content rounded-window-bottom">
          </div> <!-- main-panel-content rounded-window-bottom -->
        </div> <!-- panel -->
        <div panel-name="ignored-methods-Suite" class="panel">
          <div class="main-panel-header rounded-window-top">
            <span class="header-content">0 ignored methods</span>
          </div> <!-- main-panel-header rounded-window-top -->
          <div class="main-panel-content rounded-window-bottom">
          </div> <!-- main-panel-content rounded-window-bottom -->
        </div> <!-- panel -->
        <div panel-name="chronological-Suite" class="panel">
          <div class="main-panel-header rounded-window-top">
            <span class="header-content">Methods in chronological order</span>
          </div> <!-- main-panel-header rounded-window-top -->
          <div class="main-panel-content rounded-window-bottom">
            <div class="chronological-class">
              <div class="chronological-class-name">testCases.DS_IntroductionTests</div> <!-- chronological-class-name -->
              <div class="test-method">
                <img src="failed.png">
                </img>
                <span class="method-name">DS_TimeComplexity_SignOutBtn</span>
                <span class="method-start">0 ms</span>
              </div> <!-- test-method -->
              <div class="test-method">
                <img src="failed.png">
                </img>
                <span class="method-name">Test_LeftPanel_TimeComplexity</span>
                <span class="method-start">0 ms</span>
              </div> <!-- test-method -->
              <div class="test-method">
                <img src="failed.png">
                </img>
                <span class="method-name">DS_PythonEditor_InValidCodes</span>
                <span class="method-start">0 ms</span>
              </div> <!-- test-method -->
              <div class="test-method">
                <img src="failed.png">
                </img>
                <span class="method-name">DS_PythonEditor_WithoutCodes</span>
                <span class="method-start">0 ms</span>
              </div> <!-- test-method -->
              <div class="test-method">
                <img src="failed.png">
                </img>
                <span class="method-name">Test_DS_TimeComplexityLink</span>
                <span class="method-start">0 ms</span>
              </div> <!-- test-method -->
            </div> <!-- chronological-class -->
            <div class="chronological-class">
              <div class="chronological-class-name">testCases.GetStartedPageTest</div> <!-- chronological-class-name -->
              <div class="configuration-method before">
                <span class="method-name">setup(chrome)</span>
                <span class="method-start">568 ms</span>
              </div> <!-- configuration-method before -->
            </div> <!-- chronological-class -->
            <div class="chronological-class">
              <div class="chronological-class-name">testCases.RegisterPageTest</div> <!-- chronological-class-name -->
              <div class="configuration-method before">
                <span class="method-name">setup(chrome)</span>
                <span class="method-start">571 ms</span>
              </div> <!-- configuration-method before -->
            </div> <!-- chronological-class -->
            <div class="chronological-class">
              <div class="chronological-class-name">testCases.DS_IntroductionTests</div> <!-- chronological-class-name -->
              <div class="test-method">
                <img src="failed.png">
                </img>
                <span class="method-name">Test_DS_TimeComplexity_Practice_Questions_link</span>
                <span class="method-start">573 ms</span>
              </div> <!-- test-method -->
              <div class="test-method">
                <img src="failed.png">
                </img>
                <span class="method-name">Test_DS_TryHere</span>
                <span class="method-start">615 ms</span>
              </div> <!-- test-method -->
              <div class="test-method">
                <img src="failed.png">
                </img>
                <span class="method-name">DS_PythonEditor_ValidCodes</span>
                <span class="method-start">667 ms</span>
              </div> <!-- test-method -->
            </div> <!-- chronological-class -->
            <div class="chronological-class">
              <div class="chronological-class-name">testCases.HomePageTests</div> <!-- chronological-class-name -->
              <div class="configuration-method before">
                <span class="method-name">setup(chrome)</span>
                <span class="method-start">3339 ms</span>
              </div> <!-- configuration-method before -->
            </div> <!-- chronological-class -->
            <div class="chronological-class">
              <div class="chronological-class-name">testCases.SignInPagetest</div> <!-- chronological-class-name -->
              <div class="configuration-method before">
                <span class="method-name">setup(chrome)</span>
                <span class="method-start">4024 ms</span>
              </div> <!-- configuration-method before -->
            </div> <!-- chronological-class -->
            <div class="chronological-class">
              <div class="chronological-class-name">testCases.RegisterPageTest</div> <!-- chronological-class-name -->
              <div class="test-method">
                <span class="method-name">RegisterNewAccount</span>
                <span class="method-start">10882 ms</span>
              </div> <!-- test-method -->
            </div> <!-- chronological-class -->
            <div class="chronological-class">
              <div class="chronological-class-name">testCases.SignInPagetest</div> <!-- chronological-class-name -->
              <div class="test-method">
                <span class="method-name">checkValidAndInvalidLoginTest(TestPro, ajm@123$, Valid)</span>
                <span class="method-start">11298 ms</span>
              </div> <!-- test-method -->
            </div> <!-- chronological-class -->
            <div class="chronological-class">
              <div class="chronological-class-name">testCases.RegisterPageTest</div> <!-- chronological-class-name -->
              <div class="configuration-method after">
                <span class="method-name">tearDown([TestResult name=RegisterNewAccount status=SUCCESS method=RegisterPageTest.RegisterNewAccount()[pri:...)</span>
                <span class="method-start">14396 ms</span>
              </div> <!-- configuration-method after -->
            </div> <!-- chronological-class -->
            <div class="chronological-class">
              <div class="chronological-class-name">testCases.SignInPagetest</div> <!-- chronological-class-name -->
              <div class="configuration-method after">
                <span class="method-name">tearDown([TestResult name=checkValidAndInvalidLoginTest status=SUCCESS method=SignInPagetest.checkValidAndInv...)</span>
                <span class="method-start">14752 ms</span>
              </div> <!-- configuration-method after -->
            </div> <!-- chronological-class -->
            <div class="chronological-class">
              <div class="chronological-class-name">testCases.GetStartedPageTest</div> <!-- chronological-class-name -->
              <div class="test-method">
                <span class="method-name">TestGetStartedButton</span>
                <span class="method-start">15780 ms</span>
              </div> <!-- test-method -->
              <div class="configuration-method after">
                <span class="method-name">tearDown([TestResult name=TestGetStartedButton status=SUCCESS method=GetStartedPageTest.TestGetStartedButton(...)</span>
                <span class="method-start">16666 ms</span>
              </div> <!-- configuration-method after -->
            </div> <!-- chronological-class -->
            <div class="chronological-class">
              <div class="chronological-class-name">testCases.HomePageTests</div> <!-- chronological-class-name -->
              <div class="test-method">
                <span class="method-name">clickGetStartedButtonWithoutSignIn(DataStructure)</span>
                <span class="method-start">18439 ms</span>
              </div> <!-- test-method -->
              <div class="configuration-method after">
                <span class="method-name">tearDown([TestResult name=clickGetStartedButtonWithoutSignIn status=SUCCESS method=HomePageTests.clickGetStar...)</span>
                <span class="method-start">19796 ms</span>
              </div> <!-- configuration-method after -->
              <div class="configuration-method before">
                <span class="method-name">setup(chrome)</span>
                <span class="method-start">21038 ms</span>
              </div> <!-- configuration-method before -->
            </div> <!-- chronological-class -->
            <div class="chronological-class">
              <div class="chronological-class-name">testCases.SignInPagetest</div> <!-- chronological-class-name -->
              <div class="configuration-method before">
                <span class="method-name">setup(chrome)</span>
                <span class="method-start">21109 ms</span>
              </div> <!-- configuration-method before -->
              <div class="test-method">
                <span class="method-name">checkValidAndInvalidLoginTest(numpy, ninja, Invalid)</span>
                <span class="method-start">25926 ms</span>
              </div> <!-- test-method -->
            </div> <!-- chronological-class -->
            <div class="chronological-class">
              <div class="chronological-class-name">testCases.HomePageTests</div> <!-- chronological-class-name -->
              <div class="test-method">
                <span class="method-name">clickGetStartedButtonWithoutSignIn(Array)</span>
                <span class="method-start">27959 ms</span>
              </div> <!-- test-method -->
            </div> <!-- chronological-class -->
            <div class="chronological-class">
              <div class="chronological-class-name">testCases.SignInPagetest</div> <!-- chronological-class-name -->
              <div class="configuration-method after">
                <span class="method-name">tearDown([TestResult name=checkValidAndInvalidLoginTest status=SUCCESS method=SignInPagetest.checkValidAndInv...)</span>
                <span class="method-start">28204 ms</span>
              </div> <!-- configuration-method after -->
            </div> <!-- chronological-class -->
            <div class="chronological-class">
              <div class="chronological-class-name">testCases.HomePageTests</div> <!-- chronological-class-name -->
              <div class="configuration-method after">
                <span class="method-name">tearDown([TestResult name=clickGetStartedButtonWithoutSignIn status=SUCCESS method=HomePageTests.clickGetStar...)</span>
                <span class="method-start">29337 ms</span>
              </div> <!-- configuration-method after -->
            </div> <!-- chronological-class -->
            <div class="chronological-class">
              <div class="chronological-class-name">testCases.SignInPagetest</div> <!-- chronological-class-name -->
              <div class="configuration-method before">
                <span class="method-name">setup(chrome)</span>
                <span class="method-start">29595 ms</span>
              </div> <!-- configuration-method before -->
            </div> <!-- chronological-class -->
            <div class="chronological-class">
              <div class="chronological-class-name">testCases.HomePageTests</div> <!-- chronological-class-name -->
              <div class="configuration-method before">
                <span class="method-name">setup(chrome)</span>
                <span class="method-start">30558 ms</span>
              </div> <!-- configuration-method before -->
            </div> <!-- chronological-class -->
            <div class="chronological-class">
              <div class="chronological-class-name">testCases.SignInPagetest</div> <!-- chronological-class-name -->
              <div class="test-method">
                <span class="method-name">checkValidAndInvalidLoginTest(ninja, Password, Invalid)</span>
                <span class="method-start">34050 ms</span>
              </div> <!-- test-method -->
            </div> <!-- chronological-class -->
            <div class="chronological-class">
              <div class="chronological-class-name">testCases.HomePageTests</div> <!-- chronological-class-name -->
              <div class="test-method">
                <span class="method-name">clickGetStartedButtonWithoutSignIn(LinkedList)</span>
                <span class="method-start">35881 ms</span>
              </div> <!-- test-method -->
            </div> <!-- chronological-class -->
            <div class="chronological-class">
              <div class="chronological-class-name">testCases.SignInPagetest</div> <!-- chronological-class-name -->
              <div class="configuration-method after">
                <span class="method-name">tearDown([TestResult name=checkValidAndInvalidLoginTest status=SUCCESS method=SignInPagetest.checkValidAndInv...)</span>
                <span class="method-start">36478 ms</span>
              </div> <!-- configuration-method after -->
            </div> <!-- chronological-class -->
            <div class="chronological-class">
              <div class="chronological-class-name">testCases.HomePageTests</div> <!-- chronological-class-name -->
              <div class="configuration-method after">
                <span class="method-name">tearDown([TestResult name=clickGetStartedButtonWithoutSignIn status=SUCCESS method=HomePageTests.clickGetStar...)</span>
                <span class="method-start">37333 ms</span>
              </div> <!-- configuration-method after -->
            </div> <!-- chronological-class -->
            <div class="chronological-class">
              <div class="chronological-class-name">testCases.SignInPagetest</div> <!-- chronological-class-name -->
              <div class="configuration-method before">
                <span class="method-name">setup(chrome)</span>
                <span class="method-start">38550 ms</span>
              </div> <!-- configuration-method before -->
            </div> <!-- chronological-class -->
            <div class="chronological-class">
              <div class="chronological-class-name">testCases.HomePageTests</div> <!-- chronological-class-name -->
              <div class="configuration-method before">
                <span class="method-name">setup(chrome)</span>
                <span class="method-start">38597 ms</span>
              </div> <!-- configuration-method before -->
              <div class="test-method">
                <span class="method-name">clickGetStartedButtonWithoutSignIn(Stack)</span>
                <span class="method-start">43721 ms</span>
              </div> <!-- test-method -->
            </div> <!-- chronological-class -->
            <div class="chronological-class">
              <div class="chronological-class-name">testCases.SignInPagetest</div> <!-- chronological-class-name -->
              <div class="test-method">
                <span class="method-name">checkValidAndInvalidLoginTest(numnin, aj@234, Invalid)</span>
                <span class="method-start">44657 ms</span>
              </div> <!-- test-method -->
            </div> <!-- chronological-class -->
            <div class="chronological-class">
              <div class="chronological-class-name">testCases.HomePageTests</div> <!-- chronological-class-name -->
              <div class="configuration-method after">
                <span class="method-name">tearDown([TestResult name=clickGetStartedButtonWithoutSignIn status=SUCCESS method=HomePageTests.clickGetStar...)</span>
                <span class="method-start">45079 ms</span>
              </div> <!-- configuration-method after -->
              <div class="configuration-method before">
                <span class="method-name">setup(chrome)</span>
                <span class="method-start">46670 ms</span>
              </div> <!-- configuration-method before -->
            </div> <!-- chronological-class -->
            <div class="chronological-class">
              <div class="chronological-class-name">testCases.SignInPagetest</div> <!-- chronological-class-name -->
              <div class="configuration-method after">
                <span class="method-name">tearDown([TestResult name=checkValidAndInvalidLoginTest status=SUCCESS method=SignInPagetest.checkValidAndInv...)</span>
                <span class="method-start">47398 ms</span>
              </div> <!-- configuration-method after -->
              <div class="configuration-method before">
                <span class="method-name">setup(chrome)</span>
                <span class="method-start">53929 ms</span>
              </div> <!-- configuration-method before -->
              <div class="test-method">
                <span class="method-name">checkValidAndInvalidLoginTest(ninjanumpy, prot@34, Invalid)</span>
                <span class="method-start">67143 ms</span>
              </div> <!-- test-method -->
              <div class="configuration-method after">
                <span class="method-name">tearDown([TestResult name=checkValidAndInvalidLoginTest status=SUCCESS method=SignInPagetest.checkValidAndInv...)</span>
                <span class="method-start">69692 ms</span>
              </div> <!-- configuration-method after -->
            </div> <!-- chronological-class -->
            <div class="chronological-class">
              <div class="chronological-class-name">testCases.HomePageTests</div> <!-- chronological-class-name -->
              <div class="test-method">
                <span class="method-name">clickGetStartedButtonWithoutSignIn(Queue)</span>
                <span class="method-start">77712 ms</span>
              </div> <!-- test-method -->
              <div class="configuration-method after">
                <span class="method-name">tearDown([TestResult name=clickGetStartedButtonWithoutSignIn status=SUCCESS method=HomePageTests.clickGetStar...)</span>
                <span class="method-start">79034 ms</span>
              </div> <!-- configuration-method after -->
              <div class="configuration-method before">
                <span class="method-name">setup(chrome)</span>
                <span class="method-start">79683 ms</span>
              </div> <!-- configuration-method before -->
              <div class="test-method">
                <span class="method-name">clickGetStartedButtonWithoutSignIn(Tree)</span>
                <span class="method-start">82590 ms</span>
              </div> <!-- test-method -->
              <div class="configuration-method after">
                <span class="method-name">tearDown([TestResult name=clickGetStartedButtonWithoutSignIn status=SUCCESS method=HomePageTests.clickGetStar...)</span>
                <span class="method-start">84058 ms</span>
              </div> <!-- configuration-method after -->
              <div class="configuration-method before">
                <span class="method-name">setup(chrome)</span>
                <span class="method-start">84447 ms</span>
              </div> <!-- configuration-method before -->
              <div class="test-method">
                <span class="method-name">clickGetStartedButtonWithoutSignIn(Graph)</span>
                <span class="method-start">87178 ms</span>
              </div> <!-- test-method -->
              <div class="configuration-method after">
                <span class="method-name">tearDown([TestResult name=clickGetStartedButtonWithoutSignIn status=SUCCESS method=HomePageTests.clickGetStar...)</span>
                <span class="method-start">88315 ms</span>
              </div> <!-- configuration-method after -->
          </div> <!-- main-panel-content rounded-window-bottom -->
        </div> <!-- panel -->
      </div> <!-- main-panel-root -->
    </div> <!-- wrapper -->
  </body>
<script type="text/javascript" src="testng-reports2.js"></script>
</html>
