<?xml version="1.0" encoding="UTF-8"?>
<testng-results ignored="0" total="66" passed="51" failed="15" skipped="0">
  <reporter-output>
  </reporter-output>
  <suite started-at="2024-10-01T16:35:10 CDT" name="Suite" finished-at="2024-10-01T16:38:22 CDT" duration-ms="191947">
    <groups>
      <group name="NumpyNinja">
        <method signature="HomePageTests.clickNumpyNinjaLinkFromHomePagesBeforeSignIn()[pri:6, instance:testCases.HomePageTests@4d63b624]" name="clickNumpyNinjaLinkFromHomePagesBeforeSignIn" class="testCases.HomePageTests"/>
        <method signature="HomePageTests.clickNumpyNinjaLinkFromHomePagesAfterSignIn()[pri:7, instance:testCases.HomePageTests@4d63b624]" name="clickNumpyNinjaLinkFromHomePagesAfterSignIn" class="testCases.HomePageTests"/>
      </group> <!-- NumpyNinja -->
      <group name="Register">
        <method signature="RegisterPageTest.checkRegisterWithImproperPassword(java.lang.String,java.lang.String,java.lang.String,java.lang.String)[pri:5, instance:testCases.RegisterPageTest@466cf502]" name="checkRegisterWithImproperPassword" class="testCases.RegisterPageTest"/>
      </group> <!-- Register -->
      <group name="regression">
        <method signature="GetStartedPageTest.TestGetStartedButton()[pri:1, instance:testCases.GetStartedPageTest@578524c3]" name="TestGetStartedButton" class="testCases.GetStartedPageTest"/>
        <method signature="HomePageTests.clickGetStartedButtonWithoutSignIn(java.lang.String)[pri:1, instance:testCases.HomePageTests@4d63b624]" name="clickGetStartedButtonWithoutSignIn" class="testCases.HomePageTests"/>
        <method signature="RegisterPageTest.RegisterNewAccount()[pri:1, instance:testCases.RegisterPageTest@466cf502]" name="RegisterNewAccount" class="testCases.RegisterPageTest"/>
        <method signature="SignInPagetest.checkValidAndInvalidLoginTest(java.lang.String,java.lang.String,java.lang.String)[pri:1, instance:testCases.SignInPagetest@245a26e1]" name="checkValidAndInvalidLoginTest" class="testCases.SignInPagetest"/>
        <method signature="HomePageTests.clickGetStartedButtonAfterSignIn(java.lang.String)[pri:2, instance:testCases.HomePageTests@4d63b624]" name="clickGetStartedButtonAfterSignIn" class="testCases.HomePageTests"/>
        <method signature="SignInPagetest.testLoginWithoutUsername(java.lang.String,java.lang.String)[pri:2, instance:testCases.SignInPagetest@245a26e1]" name="testLoginWithoutUsername" class="testCases.SignInPagetest"/>
        <method signature="HomePageTests.selectDataStructureDropdownTopicWithoutSignIn(java.lang.String)[pri:3, instance:testCases.HomePageTests@4d63b624]" name="selectDataStructureDropdownTopicWithoutSignIn" class="testCases.HomePageTests"/>
        <method signature="HomePageTests.selectDataStructureDropdownTopicAfterSignIn(java.lang.String)[pri:4, instance:testCases.HomePageTests@4d63b624]" name="selectDataStructureDropdownTopicAfterSignIn" class="testCases.HomePageTests"/>
        <method signature="RegisterPageTest.checkMovingToLoginPageFromRegisterPage()[pri:4, instance:testCases.RegisterPageTest@466cf502]" name="checkMovingToLoginPageFromRegisterPage" class="testCases.RegisterPageTest"/>
        <method signature="SignInPagetest.checkMovingToRegisterPageFromLoginPage()[pri:4, instance:testCases.SignInPagetest@245a26e1]" name="checkMovingToRegisterPageFromLoginPage" class="testCases.SignInPagetest"/>
        <method signature="RegisterPageTest.checkRegisterWithImproperPassword(java.lang.String,java.lang.String,java.lang.String,java.lang.String)[pri:5, instance:testCases.RegisterPageTest@466cf502]" name="checkRegisterWithImproperPassword" class="testCases.RegisterPageTest"/>
        <method signature="HomePageTests.clickNumpyNinjaLinkFromHomePagesBeforeSignIn()[pri:6, instance:testCases.HomePageTests@4d63b624]" name="clickNumpyNinjaLinkFromHomePagesBeforeSignIn" class="testCases.HomePageTests"/>
        <method signature="HomePageTests.clickNumpyNinjaLinkFromHomePagesAfterSignIn()[pri:7, instance:testCases.HomePageTests@4d63b624]" name="clickNumpyNinjaLinkFromHomePagesAfterSignIn" class="testCases.HomePageTests"/>
        <method signature="HomePageTests.clickNumpyNinjaLinkFromSignInPage()[pri:8, instance:testCases.HomePageTests@4d63b624]" name="clickNumpyNinjaLinkFromSignInPage" class="testCases.HomePageTests"/>
        <method signature="HomePageTests.clickNumpyNinjaLinkFromRegisterPage()[pri:9, instance:testCases.HomePageTests@4d63b624]" name="clickNumpyNinjaLinkFromRegisterPage" class="testCases.HomePageTests"/>
      </group> <!-- regression -->
      <group name="smoke">
        <method signature="GetStartedPageTest.TestGetStartedButton()[pri:1, instance:testCases.GetStartedPageTest@578524c3]" name="TestGetStartedButton" class="testCases.GetStartedPageTest"/>
        <method signature="HomePageTests.clickGetStartedButtonWithoutSignIn(java.lang.String)[pri:1, instance:testCases.HomePageTests@4d63b624]" name="clickGetStartedButtonWithoutSignIn" class="testCases.HomePageTests"/>
        <method signature="RegisterPageTest.RegisterNewAccount()[pri:1, instance:testCases.RegisterPageTest@466cf502]" name="RegisterNewAccount" class="testCases.RegisterPageTest"/>
        <method signature="GetStartedPageTest.CopyrightNumpyNinja2021Display()[pri:2, instance:testCases.GetStartedPageTest@578524c3]" name="CopyrightNumpyNinja2021Display" class="testCases.GetStartedPageTest"/>
        <method signature="HomePageTests.selectDataStructureDropdownTopicAfterSignIn(java.lang.String)[pri:4, instance:testCases.HomePageTests@4d63b624]" name="selectDataStructureDropdownTopicAfterSignIn" class="testCases.HomePageTests"/>
        <method signature="SignInPagetest.checkMovingToRegisterPageFromLoginPage()[pri:4, instance:testCases.SignInPagetest@245a26e1]" name="checkMovingToRegisterPageFromLoginPage" class="testCases.SignInPagetest"/>
      </group> <!-- smoke -->
    </groups>
    <test started-at="2024-10-01T16:35:10 CDT" name="Test" finished-at="2024-10-01T16:38:22 CDT" duration-ms="191947">
      <class name="testCases.HomePageTests">
        <test-method is-config="true" signature="setup(java.lang.String)[pri:0, instance:testCases.HomePageTests@4d63b624]" started-at="2024-10-01T16:35:29 CDT" name="setup" finished-at="2024-10-01T16:35:30 CDT" duration-ms="1470" status="PASS">
          <params>
            <param index="0">
              <value>
                <![CDATA[chrome]]>
              </value>
            </param>
          </params>
          <reporter-output>
          </reporter-output>
        </test-method> <!-- setup -->
        <test-method signature="clickGetStartedButtonWithoutSignIn(java.lang.String)[pri:1, instance:testCases.HomePageTests@4d63b624]" started-at="2024-10-01T16:35:30 CDT" name="clickGetStartedButtonWithoutSignIn" data-provider="GetStartedTopics" finished-at="2024-10-01T16:35:31 CDT" duration-ms="721" status="PASS">
          <params>
            <param index="0">
              <value>
                <![CDATA[DataStructure]]>
              </value>
            </param>
          </params>
          <reporter-output>
          </reporter-output>
        </test-method> <!-- clickGetStartedButtonWithoutSignIn -->
        <test-method is-config="true" signature="tearDown(org.testng.ITestResult)[pri:0, instance:testCases.HomePageTests@4d63b624]" started-at="2024-10-01T16:35:31 CDT" name="tearDown" finished-at="2024-10-01T16:35:31 CDT" duration-ms="153" status="PASS">
          <params>
            <param index="0">
              <value>
                <![CDATA[[TestResult name=clickGetStartedButtonWithoutSignIn status=SUCCESS method=HomePageTests.clickGetStartedButtonWithoutSignIn(java.lang.String)[pri:1, instance:testCases.HomePageTests@4d63b624] output={null}]]]>
              </value>
            </param>
          </params>
          <reporter-output>
          </reporter-output>
        </test-method> <!-- tearDown -->
        <test-method is-config="true" signature="setup(java.lang.String)[pri:0, instance:testCases.HomePageTests@4d63b624]" started-at="2024-10-01T16:35:31 CDT" name="setup" finished-at="2024-10-01T16:35:33 CDT" duration-ms="1510" status="PASS">
          <params>
            <param index="0">
              <value>
                <![CDATA[chrome]]>
              </value>
            </param>
          </params>
          <reporter-output>
          </reporter-output>
        </test-method> <!-- setup -->
        <test-method signature="clickGetStartedButtonWithoutSignIn(java.lang.String)[pri:1, instance:testCases.HomePageTests@4d63b624]" started-at="2024-10-01T16:35:33 CDT" name="clickGetStartedButtonWithoutSignIn" data-provider="GetStartedTopics" finished-at="2024-10-01T16:35:33 CDT" duration-ms="684" status="PASS">
          <params>
            <param index="0">
              <value>
                <![CDATA[Array]]>
              </value>
            </param>
          </params>
          <reporter-output>
          </reporter-output>
        </test-method> <!-- clickGetStartedButtonWithoutSignIn -->
        <test-method is-config="true" signature="tearDown(org.testng.ITestResult)[pri:0, instance:testCases.HomePageTests@4d63b624]" started-at="2024-10-01T16:35:33 CDT" name="tearDown" finished-at="2024-10-01T16:35:34 CDT" duration-ms="141" status="PASS">
          <params>
            <param index="0">
              <value>
                <![CDATA[[TestResult name=clickGetStartedButtonWithoutSignIn status=SUCCESS method=HomePageTests.clickGetStartedButtonWithoutSignIn(java.lang.String)[pri:1, instance:testCases.HomePageTests@4d63b624] output={null}]]]>
              </value>
            </param>
          </params>
          <reporter-output>
          </reporter-output>
        </test-method> <!-- tearDown -->
        <test-method is-config="true" signature="setup(java.lang.String)[pri:0, instance:testCases.HomePageTests@4d63b624]" started-at="2024-10-01T16:35:34 CDT" name="setup" finished-at="2024-10-01T16:35:35 CDT" duration-ms="1446" status="PASS">
          <params>
            <param index="0">
              <value>
                <![CDATA[chrome]]>
              </value>
            </param>
          </params>
          <reporter-output>
          </reporter-output>
        </test-method> <!-- setup -->
        <test-method signature="clickGetStartedButtonWithoutSignIn(java.lang.String)[pri:1, instance:testCases.HomePageTests@4d63b624]" started-at="2024-10-01T16:35:35 CDT" name="clickGetStartedButtonWithoutSignIn" data-provider="GetStartedTopics" finished-at="2024-10-01T16:35:36 CDT" duration-ms="654" status="PASS">
          <params>
            <param index="0">
              <value>
                <![CDATA[LinkedList]]>
              </value>
            </param>
          </params>
          <reporter-output>
          </reporter-output>
        </test-method> <!-- clickGetStartedButtonWithoutSignIn -->
        <test-method is-config="true" signature="tearDown(org.testng.ITestResult)[pri:0, instance:testCases.HomePageTests@4d63b624]" started-at="2024-10-01T16:35:36 CDT" name="tearDown" finished-at="2024-10-01T16:35:36 CDT" duration-ms="145" status="PASS">
          <params>
            <param index="0">
              <value>
                <![CDATA[[TestResult name=clickGetStartedButtonWithoutSignIn status=SUCCESS method=HomePageTests.clickGetStartedButtonWithoutSignIn(java.lang.String)[pri:1, instance:testCases.HomePageTests@4d63b624] output={null}]]]>
              </value>
            </param>
          </params>
          <reporter-output>
          </reporter-output>
        </test-method> <!-- tearDown -->
        <test-method is-config="true" signature="setup(java.lang.String)[pri:0, instance:testCases.HomePageTests@4d63b624]" started-at="2024-10-01T16:35:36 CDT" name="setup" finished-at="2024-10-01T16:35:37 CDT" duration-ms="1492" status="PASS">
          <params>
            <param index="0">
              <value>
                <![CDATA[chrome]]>
              </value>
            </param>
          </params>
          <reporter-output>
          </reporter-output>
        </test-method> <!-- setup -->
        <test-method signature="clickGetStartedButtonWithoutSignIn(java.lang.String)[pri:1, instance:testCases.HomePageTests@4d63b624]" started-at="2024-10-01T16:35:37 CDT" name="clickGetStartedButtonWithoutSignIn" data-provider="GetStartedTopics" finished-at="2024-10-01T16:35:38 CDT" duration-ms="656" status="PASS">
          <params>
            <param index="0">
              <value>
                <![CDATA[Stack]]>
              </value>
            </param>
          </params>
          <reporter-output>
          </reporter-output>
        </test-method> <!-- clickGetStartedButtonWithoutSignIn -->
        <test-method is-config="true" signature="tearDown(org.testng.ITestResult)[pri:0, instance:testCases.HomePageTests@4d63b624]" started-at="2024-10-01T16:35:38 CDT" name="tearDown" finished-at="2024-10-01T16:35:38 CDT" duration-ms="147" status="PASS">
          <params>
            <param index="0">
              <value>
                <![CDATA[[TestResult name=clickGetStartedButtonWithoutSignIn status=SUCCESS method=HomePageTests.clickGetStartedButtonWithoutSignIn(java.lang.String)[pri:1, instance:testCases.HomePageTests@4d63b624] output={null}]]]>
              </value>
            </param>
          </params>
          <reporter-output>
          </reporter-output>
        </test-method> <!-- tearDown -->
        <test-method is-config="true" signature="setup(java.lang.String)[pri:0, instance:testCases.HomePageTests@4d63b624]" started-at="2024-10-01T16:35:38 CDT" name="setup" finished-at="2024-10-01T16:35:40 CDT" duration-ms="1559" status="PASS">
          <params>
            <param index="0">
              <value>
                <![CDATA[chrome]]>
              </value>
            </param>
          </params>
          <reporter-output>
          </reporter-output>
        </test-method> <!-- setup -->
        <test-method signature="clickGetStartedButtonWithoutSignIn(java.lang.String)[pri:1, instance:testCases.HomePageTests@4d63b624]" started-at="2024-10-01T16:35:40 CDT" name="clickGetStartedButtonWithoutSignIn" data-provider="GetStartedTopics" finished-at="2024-10-01T16:35:40 CDT" duration-ms="652" status="PASS">
          <params>
            <param index="0">
              <value>
                <![CDATA[Queue]]>
              </value>
            </param>
          </params>
          <reporter-output>
          </reporter-output>
        </test-method> <!-- clickGetStartedButtonWithoutSignIn -->
        <test-method is-config="true" signature="tearDown(org.testng.ITestResult)[pri:0, instance:testCases.HomePageTests@4d63b624]" started-at="2024-10-01T16:35:40 CDT" name="tearDown" finished-at="2024-10-01T16:35:40 CDT" duration-ms="191" status="PASS">
          <params>
            <param index="0">
              <value>
                <![CDATA[[TestResult name=clickGetStartedButtonWithoutSignIn status=SUCCESS method=HomePageTests.clickGetStartedButtonWithoutSignIn(java.lang.String)[pri:1, instance:testCases.HomePageTests@4d63b624] output={null}]]]>
              </value>
            </param>
          </params>
          <reporter-output>
          </reporter-output>
        </test-method> <!-- tearDown -->
        <test-method is-config="true" signature="setup(java.lang.String)[pri:0, instance:testCases.HomePageTests@4d63b624]" started-at="2024-10-01T16:35:40 CDT" name="setup" finished-at="2024-10-01T16:35:42 CDT" duration-ms="1510" status="PASS">
          <params>
            <param index="0">
              <value>
                <![CDATA[chrome]]>
              </value>
            </param>
          </params>
          <reporter-output>
          </reporter-output>
        </test-method> <!-- setup -->
        <test-method signature="clickGetStartedButtonWithoutSignIn(java.lang.String)[pri:1, instance:testCases.HomePageTests@4d63b624]" started-at="2024-10-01T16:35:42 CDT" name="clickGetStartedButtonWithoutSignIn" data-provider="GetStartedTopics" finished-at="2024-10-01T16:35:43 CDT" duration-ms="704" status="PASS">
          <params>
            <param index="0">
              <value>
                <![CDATA[Tree]]>
              </value>
            </param>
          </params>
          <reporter-output>
          </reporter-output>
        </test-method> <!-- clickGetStartedButtonWithoutSignIn -->
        <test-method is-config="true" signature="tearDown(org.testng.ITestResult)[pri:0, instance:testCases.HomePageTests@4d63b624]" started-at="2024-10-01T16:35:43 CDT" name="tearDown" finished-at="2024-10-01T16:35:43 CDT" duration-ms="178" status="PASS">
          <params>
            <param index="0">
              <value>
                <![CDATA[[TestResult name=clickGetStartedButtonWithoutSignIn status=SUCCESS method=HomePageTests.clickGetStartedButtonWithoutSignIn(java.lang.String)[pri:1, instance:testCases.HomePageTests@4d63b624] output={null}]]]>
              </value>
            </param>
          </params>
          <reporter-output>
          </reporter-output>
        </test-method> <!-- tearDown -->
        <test-method is-config="true" signature="setup(java.lang.String)[pri:0, instance:testCases.HomePageTests@4d63b624]" started-at="2024-10-01T16:35:43 CDT" name="setup" finished-at="2024-10-01T16:35:44 CDT" duration-ms="1559" status="PASS">
          <params>
            <param index="0">
              <value>
                <![CDATA[chrome]]>
              </value>
            </param>
          </params>
          <reporter-output>
          </reporter-output>
        </test-method> <!-- setup -->
        <test-method signature="clickGetStartedButtonWithoutSignIn(java.lang.String)[pri:1, instance:testCases.HomePageTests@4d63b624]" started-at="2024-10-01T16:35:44 CDT" name="clickGetStartedButtonWithoutSignIn" data-provider="GetStartedTopics" finished-at="2024-10-01T16:35:45 CDT" duration-ms="737" status="PASS">
          <params>
            <param index="0">
              <value>
                <![CDATA[Graph]]>
              </value>
            </param>
          </params>
          <reporter-output>
          </reporter-output>
        </test-method> <!-- clickGetStartedButtonWithoutSignIn -->
        <test-method is-config="true" signature="tearDown(org.testng.ITestResult)[pri:0, instance:testCases.HomePageTests@4d63b624]" started-at="2024-10-01T16:35:45 CDT" name="tearDown" finished-at="2024-10-01T16:35:45 CDT" duration-ms="168" status="PASS">
          <params>
            <param index="0">
              <value>
                <![CDATA[[TestResult name=clickGetStartedButtonWithoutSignIn status=SUCCESS method=HomePageTests.clickGetStartedButtonWithoutSignIn(java.lang.String)[pri:1, instance:testCases.HomePageTests@4d63b624] output={null}]]]>
              </value>
            </param>
          </params>
          <reporter-output>
          </reporter-output>
        </test-method> <!-- tearDown -->
        <test-method is-config="true" signature="setup(java.lang.String)[pri:0, instance:testCases.HomePageTests@4d63b624]" started-at="2024-10-01T16:35:58 CDT" name="setup" finished-at="2024-10-01T16:35:59 CDT" duration-ms="1448" status="PASS">
          <params>
            <param index="0">
              <value>
                <![CDATA[chrome]]>
              </value>
            </param>
          </params>
          <reporter-output>
          </reporter-output>
        </test-method> <!-- setup -->
        <test-method signature="clickGetStartedButtonAfterSignIn(java.lang.String)[pri:2, instance:testCases.HomePageTests@4d63b624]" started-at="2024-10-01T16:35:59 CDT" name="clickGetStartedButtonAfterSignIn" data-provider="GetStartedTopics" finished-at="2024-10-01T16:36:01 CDT" duration-ms="1623" status="PASS">
          <params>
            <param index="0">
              <value>
                <![CDATA[DataStructure]]>
              </value>
            </param>
          </params>
          <reporter-output>
          </reporter-output>
        </test-method> <!-- clickGetStartedButtonAfterSignIn -->
        <test-method is-config="true" signature="tearDown(org.testng.ITestResult)[pri:0, instance:testCases.HomePageTests@4d63b624]" started-at="2024-10-01T16:36:01 CDT" name="tearDown" finished-at="2024-10-01T16:36:01 CDT" duration-ms="190" status="PASS">
          <params>
            <param index="0">
              <value>
                <![CDATA[[TestResult name=clickGetStartedButtonAfterSignIn status=SUCCESS method=HomePageTests.clickGetStartedButtonAfterSignIn(java.lang.String)[pri:2, instance:testCases.HomePageTests@4d63b624] output={null}]]]>
              </value>
            </param>
          </params>
          <reporter-output>
          </reporter-output>
        </test-method> <!-- tearDown -->
        <test-method is-config="true" signature="setup(java.lang.String)[pri:0, instance:testCases.HomePageTests@4d63b624]" started-at="2024-10-01T16:36:01 CDT" name="setup" finished-at="2024-10-01T16:36:02 CDT" duration-ms="1565" status="PASS">
          <params>
            <param index="0">
              <value>
                <![CDATA[chrome]]>
              </value>
            </param>
          </params>
          <reporter-output>
          </reporter-output>
        </test-method> <!-- setup -->
        <test-method signature="clickGetStartedButtonAfterSignIn(java.lang.String)[pri:2, instance:testCases.HomePageTests@4d63b624]" started-at="2024-10-01T16:36:02 CDT" name="clickGetStartedButtonAfterSignIn" data-provider="GetStartedTopics" finished-at="2024-10-01T16:36:04 CDT" duration-ms="1660" status="PASS">
          <params>
            <param index="0">
              <value>
                <![CDATA[Array]]>
              </value>
            </param>
          </params>
          <reporter-output>
          </reporter-output>
        </test-method> <!-- clickGetStartedButtonAfterSignIn -->
        <test-method is-config="true" signature="tearDown(org.testng.ITestResult)[pri:0, instance:testCases.HomePageTests@4d63b624]" started-at="2024-10-01T16:36:04 CDT" name="tearDown" finished-at="2024-10-01T16:36:04 CDT" duration-ms="200" status="PASS">
          <params>
            <param index="0">
              <value>
                <![CDATA[[TestResult name=clickGetStartedButtonAfterSignIn status=SUCCESS method=HomePageTests.clickGetStartedButtonAfterSignIn(java.lang.String)[pri:2, instance:testCases.HomePageTests@4d63b624] output={null}]]]>
              </value>
            </param>
          </params>
          <reporter-output>
          </reporter-output>
        </test-method> <!-- tearDown -->
        <test-method is-config="true" signature="setup(java.lang.String)[pri:0, instance:testCases.HomePageTests@4d63b624]" started-at="2024-10-01T16:36:04 CDT" name="setup" finished-at="2024-10-01T16:36:06 CDT" duration-ms="1568" status="PASS">
          <params>
            <param index="0">
              <value>
                <![CDATA[chrome]]>
              </value>
            </param>
          </params>
          <reporter-output>
          </reporter-output>
        </test-method> <!-- setup -->
        <test-method signature="clickGetStartedButtonAfterSignIn(java.lang.String)[pri:2, instance:testCases.HomePageTests@4d63b624]" started-at="2024-10-01T16:36:06 CDT" name="clickGetStartedButtonAfterSignIn" data-provider="GetStartedTopics" finished-at="2024-10-01T16:36:08 CDT" duration-ms="1687" status="PASS">
          <params>
            <param index="0">
              <value>
                <![CDATA[LinkedList]]>
              </value>
            </param>
          </params>
          <reporter-output>
          </reporter-output>
        </test-method> <!-- clickGetStartedButtonAfterSignIn -->
        <test-method is-config="true" signature="tearDown(org.testng.ITestResult)[pri:0, instance:testCases.HomePageTests@4d63b624]" started-at="2024-10-01T16:36:08 CDT" name="tearDown" finished-at="2024-10-01T16:36:08 CDT" duration-ms="145" status="PASS">
          <params>
            <param index="0">
              <value>
                <![CDATA[[TestResult name=clickGetStartedButtonAfterSignIn status=SUCCESS method=HomePageTests.clickGetStartedButtonAfterSignIn(java.lang.String)[pri:2, instance:testCases.HomePageTests@4d63b624] output={null}]]]>
              </value>
            </param>
          </params>
          <reporter-output>
          </reporter-output>
        </test-method> <!-- tearDown -->
        <test-method is-config="true" signature="setup(java.lang.String)[pri:0, instance:testCases.HomePageTests@4d63b624]" started-at="2024-10-01T16:36:08 CDT" name="setup" finished-at="2024-10-01T16:36:09 CDT" duration-ms="1412" status="PASS">
          <params>
            <param index="0">
              <value>
                <![CDATA[chrome]]>
              </value>
            </param>
          </params>
          <reporter-output>
          </reporter-output>
        </test-method> <!-- setup -->
        <test-method signature="clickGetStartedButtonAfterSignIn(java.lang.String)[pri:2, instance:testCases.HomePageTests@4d63b624]" started-at="2024-10-01T16:36:09 CDT" name="clickGetStartedButtonAfterSignIn" data-provider="GetStartedTopics" finished-at="2024-10-01T16:36:11 CDT" duration-ms="1576" status="PASS">
          <params>
            <param index="0">
              <value>
                <![CDATA[Stack]]>
              </value>
            </param>
          </params>
          <reporter-output>
          </reporter-output>
        </test-method> <!-- clickGetStartedButtonAfterSignIn -->
        <test-method is-config="true" signature="tearDown(org.testng.ITestResult)[pri:0, instance:testCases.HomePageTests@4d63b624]" started-at="2024-10-01T16:36:11 CDT" name="tearDown" finished-at="2024-10-01T16:36:11 CDT" duration-ms="163" status="PASS">
          <params>
            <param index="0">
              <value>
                <![CDATA[[TestResult name=clickGetStartedButtonAfterSignIn status=SUCCESS method=HomePageTests.clickGetStartedButtonAfterSignIn(java.lang.String)[pri:2, instance:testCases.HomePageTests@4d63b624] output={null}]]]>
              </value>
            </param>
          </params>
          <reporter-output>
          </reporter-output>
        </test-method> <!-- tearDown -->
        <test-method is-config="true" signature="setup(java.lang.String)[pri:0, instance:testCases.HomePageTests@4d63b624]" started-at="2024-10-01T16:36:11 CDT" name="setup" finished-at="2024-10-01T16:36:12 CDT" duration-ms="1482" status="PASS">
          <params>
            <param index="0">
              <value>
                <![CDATA[chrome]]>
              </value>
            </param>
          </params>
          <reporter-output>
          </reporter-output>
        </test-method> <!-- setup -->
        <test-method signature="clickGetStartedButtonAfterSignIn(java.lang.String)[pri:2, instance:testCases.HomePageTests@4d63b624]" started-at="2024-10-01T16:36:12 CDT" name="clickGetStartedButtonAfterSignIn" data-provider="GetStartedTopics" finished-at="2024-10-01T16:36:14 CDT" duration-ms="1590" status="PASS">
          <params>
            <param index="0">
              <value>
                <![CDATA[Queue]]>
              </value>
            </param>
          </params>
          <reporter-output>
          </reporter-output>
        </test-method> <!-- clickGetStartedButtonAfterSignIn -->
        <test-method is-config="true" signature="tearDown(org.testng.ITestResult)[pri:0, instance:testCases.HomePageTests@4d63b624]" started-at="2024-10-01T16:36:14 CDT" name="tearDown" finished-at="2024-10-01T16:36:14 CDT" duration-ms="169" status="PASS">
          <params>
            <param index="0">
              <value>
                <![CDATA[[TestResult name=clickGetStartedButtonAfterSignIn status=SUCCESS method=HomePageTests.clickGetStartedButtonAfterSignIn(java.lang.String)[pri:2, instance:testCases.HomePageTests@4d63b624] output={null}]]]>
              </value>
            </param>
          </params>
          <reporter-output>
          </reporter-output>
        </test-method> <!-- tearDown -->
        <test-method is-config="true" signature="setup(java.lang.String)[pri:0, instance:testCases.HomePageTests@4d63b624]" started-at="2024-10-01T16:36:14 CDT" name="setup" finished-at="2024-10-01T16:36:16 CDT" duration-ms="1597" status="PASS">
          <params>
            <param index="0">
              <value>
                <![CDATA[chrome]]>
              </value>
            </param>
          </params>
          <reporter-output>
          </reporter-output>
        </test-method> <!-- setup -->
        <test-method signature="clickGetStartedButtonAfterSignIn(java.lang.String)[pri:2, instance:testCases.HomePageTests@4d63b624]" started-at="2024-10-01T16:36:16 CDT" name="clickGetStartedButtonAfterSignIn" data-provider="GetStartedTopics" finished-at="2024-10-01T16:36:17 CDT" duration-ms="1606" status="PASS">
          <params>
            <param index="0">
              <value>
                <![CDATA[Tree]]>
              </value>
            </param>
          </params>
          <reporter-output>
          </reporter-output>
        </test-method> <!-- clickGetStartedButtonAfterSignIn -->
        <test-method is-config="true" signature="tearDown(org.testng.ITestResult)[pri:0, instance:testCases.HomePageTests@4d63b624]" started-at="2024-10-01T16:36:17 CDT" name="tearDown" finished-at="2024-10-01T16:36:17 CDT" duration-ms="175" status="PASS">
          <params>
            <param index="0">
              <value>
                <![CDATA[[TestResult name=clickGetStartedButtonAfterSignIn status=SUCCESS method=HomePageTests.clickGetStartedButtonAfterSignIn(java.lang.String)[pri:2, instance:testCases.HomePageTests@4d63b624] output={null}]]]>
              </value>
            </param>
          </params>
          <reporter-output>
          </reporter-output>
        </test-method> <!-- tearDown -->
        <test-method is-config="true" signature="setup(java.lang.String)[pri:0, instance:testCases.HomePageTests@4d63b624]" started-at="2024-10-01T16:36:17 CDT" name="setup" finished-at="2024-10-01T16:36:19 CDT" duration-ms="1651" status="PASS">
          <params>
            <param index="0">
              <value>
                <![CDATA[chrome]]>
              </value>
            </param>
          </params>
          <reporter-output>
          </reporter-output>
        </test-method> <!-- setup -->
        <test-method signature="clickGetStartedButtonAfterSignIn(java.lang.String)[pri:2, instance:testCases.HomePageTests@4d63b624]" started-at="2024-10-01T16:36:19 CDT" name="clickGetStartedButtonAfterSignIn" data-provider="GetStartedTopics" finished-at="2024-10-01T16:36:21 CDT" duration-ms="1756" status="PASS">
          <params>
            <param index="0">
              <value>
                <![CDATA[Graph]]>
              </value>
            </param>
          </params>
          <reporter-output>
          </reporter-output>
        </test-method> <!-- clickGetStartedButtonAfterSignIn -->
        <test-method is-config="true" signature="tearDown(org.testng.ITestResult)[pri:0, instance:testCases.HomePageTests@4d63b624]" started-at="2024-10-01T16:36:21 CDT" name="tearDown" finished-at="2024-10-01T16:36:21 CDT" duration-ms="197" status="PASS">
          <params>
            <param index="0">
              <value>
                <![CDATA[[TestResult name=clickGetStartedButtonAfterSignIn status=SUCCESS method=HomePageTests.clickGetStartedButtonAfterSignIn(java.lang.String)[pri:2, instance:testCases.HomePageTests@4d63b624] output={null}]]]>
              </value>
            </param>
          </params>
          <reporter-output>
          </reporter-output>
        </test-method> <!-- tearDown -->
        <test-method is-config="true" signature="setup(java.lang.String)[pri:0, instance:testCases.HomePageTests@4d63b624]" started-at="2024-10-01T16:36:27 CDT" name="setup" finished-at="2024-10-01T16:36:29 CDT" duration-ms="1653" status="PASS">
          <params>
            <param index="0">
              <value>
                <![CDATA[chrome]]>
              </value>
            </param>
          </params>
          <reporter-output>
          </reporter-output>
        </test-method> <!-- setup -->
        <test-method signature="selectDataStructureDropdownTopicWithoutSignIn(java.lang.String)[pri:3, instance:testCases.HomePageTests@4d63b624]" started-at="2024-10-01T16:36:29 CDT" name="selectDataStructureDropdownTopicWithoutSignIn" data-provider="DropdownTopics" finished-at="2024-10-01T16:36:30 CDT" duration-ms="769" status="PASS">
          <params>
            <param index="0">
              <value>
                <![CDATA[Array]]>
              </value>
            </param>
          </params>
          <reporter-output>
          </reporter-output>
        </test-method> <!-- selectDataStructureDropdownTopicWithoutSignIn -->
        <test-method is-config="true" signature="tearDown(org.testng.ITestResult)[pri:0, instance:testCases.HomePageTests@4d63b624]" started-at="2024-10-01T16:36:30 CDT" name="tearDown" finished-at="2024-10-01T16:36:30 CDT" duration-ms="145" status="PASS">
          <params>
            <param index="0">
              <value>
                <![CDATA[[TestResult name=selectDataStructureDropdownTopicWithoutSignIn status=SUCCESS method=HomePageTests.selectDataStructureDropdownTopicWithoutSignIn(java.lang.String)[pri:3, instance:testCases.HomePageTests@4d63b624] output={null}]]]>
              </value>
            </param>
          </params>
          <reporter-output>
          </reporter-output>
        </test-method> <!-- tearDown -->
        <test-method is-config="true" signature="setup(java.lang.String)[pri:0, instance:testCases.HomePageTests@4d63b624]" started-at="2024-10-01T16:36:30 CDT" name="setup" finished-at="2024-10-01T16:36:31 CDT" duration-ms="1351" status="PASS">
          <params>
            <param index="0">
              <value>
                <![CDATA[chrome]]>
              </value>
            </param>
          </params>
          <reporter-output>
          </reporter-output>
        </test-method> <!-- setup -->
        <test-method signature="selectDataStructureDropdownTopicWithoutSignIn(java.lang.String)[pri:3, instance:testCases.HomePageTests@4d63b624]" started-at="2024-10-01T16:36:31 CDT" name="selectDataStructureDropdownTopicWithoutSignIn" data-provider="DropdownTopics" finished-at="2024-10-01T16:36:32 CDT" duration-ms="769" status="PASS">
          <params>
            <param index="0">
              <value>
                <![CDATA[LinkedList]]>
              </value>
            </param>
          </params>
          <reporter-output>
          </reporter-output>
        </test-method> <!-- selectDataStructureDropdownTopicWithoutSignIn -->
        <test-method is-config="true" signature="tearDown(org.testng.ITestResult)[pri:0, instance:testCases.HomePageTests@4d63b624]" started-at="2024-10-01T16:36:32 CDT" name="tearDown" finished-at="2024-10-01T16:36:32 CDT" duration-ms="169" status="PASS">
          <params>
            <param index="0">
              <value>
                <![CDATA[[TestResult name=selectDataStructureDropdownTopicWithoutSignIn status=SUCCESS method=HomePageTests.selectDataStructureDropdownTopicWithoutSignIn(java.lang.String)[pri:3, instance:testCases.HomePageTests@4d63b624] output={null}]]]>
              </value>
            </param>
          </params>
          <reporter-output>
          </reporter-output>
        </test-method> <!-- tearDown -->
        <test-method is-config="true" signature="setup(java.lang.String)[pri:0, instance:testCases.HomePageTests@4d63b624]" started-at="2024-10-01T16:36:32 CDT" name="setup" finished-at="2024-10-01T16:36:34 CDT" duration-ms="1455" status="PASS">
          <params>
            <param index="0">
              <value>
                <![CDATA[chrome]]>
              </value>
            </param>
          </params>
          <reporter-output>
          </reporter-output>
        </test-method> <!-- setup -->
        <test-method signature="selectDataStructureDropdownTopicWithoutSignIn(java.lang.String)[pri:3, instance:testCases.HomePageTests@4d63b624]" started-at="2024-10-01T16:36:34 CDT" name="selectDataStructureDropdownTopicWithoutSignIn" data-provider="DropdownTopics" finished-at="2024-10-01T16:36:34 CDT" duration-ms="780" status="PASS">
          <params>
            <param index="0">
              <value>
                <![CDATA[Stack]]>
              </value>
            </param>
          </params>
          <reporter-output>
          </reporter-output>
        </test-method> <!-- selectDataStructureDropdownTopicWithoutSignIn -->
        <test-method is-config="true" signature="tearDown(org.testng.ITestResult)[pri:0, instance:testCases.HomePageTests@4d63b624]" started-at="2024-10-01T16:36:34 CDT" name="tearDown" finished-at="2024-10-01T16:36:35 CDT" duration-ms="195" status="PASS">
          <params>
            <param index="0">
              <value>
                <![CDATA[[TestResult name=selectDataStructureDropdownTopicWithoutSignIn status=SUCCESS method=HomePageTests.selectDataStructureDropdownTopicWithoutSignIn(java.lang.String)[pri:3, instance:testCases.HomePageTests@4d63b624] output={null}]]]>
              </value>
            </param>
          </params>
          <reporter-output>
          </reporter-output>
        </test-method> <!-- tearDown -->
        <test-method is-config="true" signature="setup(java.lang.String)[pri:0, instance:testCases.HomePageTests@4d63b624]" started-at="2024-10-01T16:36:35 CDT" name="setup" finished-at="2024-10-01T16:36:36 CDT" duration-ms="1466" status="PASS">
          <params>
            <param index="0">
              <value>
                <![CDATA[chrome]]>
              </value>
            </param>
          </params>
          <reporter-output>
          </reporter-output>
        </test-method> <!-- setup -->
        <test-method signature="selectDataStructureDropdownTopicWithoutSignIn(java.lang.String)[pri:3, instance:testCases.HomePageTests@4d63b624]" started-at="2024-10-01T16:36:36 CDT" name="selectDataStructureDropdownTopicWithoutSignIn" data-provider="DropdownTopics" finished-at="2024-10-01T16:36:37 CDT" duration-ms="765" status="PASS">
          <params>
            <param index="0">
              <value>
                <![CDATA[Queue]]>
              </value>
            </param>
          </params>
          <reporter-output>
          </reporter-output>
        </test-method> <!-- selectDataStructureDropdownTopicWithoutSignIn -->
        <test-method is-config="true" signature="tearDown(org.testng.ITestResult)[pri:0, instance:testCases.HomePageTests@4d63b624]" started-at="2024-10-01T16:36:37 CDT" name="tearDown" finished-at="2024-10-01T16:36:37 CDT" duration-ms="206" status="PASS">
          <params>
            <param index="0">
              <value>
                <![CDATA[[TestResult name=selectDataStructureDropdownTopicWithoutSignIn status=SUCCESS method=HomePageTests.selectDataStructureDropdownTopicWithoutSignIn(java.lang.String)[pri:3, instance:testCases.HomePageTests@4d63b624] output={null}]]]>
              </value>
            </param>
          </params>
          <reporter-output>
          </reporter-output>
        </test-method> <!-- tearDown -->
        <test-method is-config="true" signature="setup(java.lang.String)[pri:0, instance:testCases.HomePageTests@4d63b624]" started-at="2024-10-01T16:36:37 CDT" name="setup" finished-at="2024-10-01T16:36:39 CDT" duration-ms="1445" status="PASS">
          <params>
            <param index="0">
              <value>
                <![CDATA[chrome]]>
              </value>
            </param>
          </params>
          <reporter-output>
          </reporter-output>
        </test-method> <!-- setup -->
        <test-method signature="selectDataStructureDropdownTopicWithoutSignIn(java.lang.String)[pri:3, instance:testCases.HomePageTests@4d63b624]" started-at="2024-10-01T16:36:39 CDT" name="selectDataStructureDropdownTopicWithoutSignIn" data-provider="DropdownTopics" finished-at="2024-10-01T16:36:39 CDT" duration-ms="729" status="PASS">
          <params>
            <param index="0">
              <value>
                <![CDATA[Tree]]>
              </value>
            </param>
          </params>
          <reporter-output>
          </reporter-output>
        </test-method> <!-- selectDataStructureDropdownTopicWithoutSignIn -->
        <test-method is-config="true" signature="tearDown(org.testng.ITestResult)[pri:0, instance:testCases.HomePageTests@4d63b624]" started-at="2024-10-01T16:36:39 CDT" name="tearDown" finished-at="2024-10-01T16:36:39 CDT" duration-ms="148" status="PASS">
          <params>
            <param index="0">
              <value>
                <![CDATA[[TestResult name=selectDataStructureDropdownTopicWithoutSignIn status=SUCCESS method=HomePageTests.selectDataStructureDropdownTopicWithoutSignIn(java.lang.String)[pri:3, instance:testCases.HomePageTests@4d63b624] output={null}]]]>
              </value>
            </param>
          </params>
          <reporter-output>
          </reporter-output>
        </test-method> <!-- tearDown -->
        <test-method is-config="true" signature="setup(java.lang.String)[pri:0, instance:testCases.HomePageTests@4d63b624]" started-at="2024-10-01T16:36:39 CDT" name="setup" finished-at="2024-10-01T16:36:41 CDT" duration-ms="1553" status="PASS">
          <params>
            <param index="0">
              <value>
                <![CDATA[chrome]]>
              </value>
            </param>
          </params>
          <reporter-output>
          </reporter-output>
        </test-method> <!-- setup -->
        <test-method signature="selectDataStructureDropdownTopicWithoutSignIn(java.lang.String)[pri:3, instance:testCases.HomePageTests@4d63b624]" started-at="2024-10-01T16:36:41 CDT" name="selectDataStructureDropdownTopicWithoutSignIn" data-provider="DropdownTopics" finished-at="2024-10-01T16:36:42 CDT" duration-ms="735" status="PASS">
          <params>
            <param index="0">
              <value>
                <![CDATA[Graph]]>
              </value>
            </param>
          </params>
          <reporter-output>
          </reporter-output>
        </test-method> <!-- selectDataStructureDropdownTopicWithoutSignIn -->
        <test-method is-config="true" signature="tearDown(org.testng.ITestResult)[pri:0, instance:testCases.HomePageTests@4d63b624]" started-at="2024-10-01T16:36:42 CDT" name="tearDown" finished-at="2024-10-01T16:36:42 CDT" duration-ms="130" status="PASS">
          <params>
            <param index="0">
              <value>
                <![CDATA[[TestResult name=selectDataStructureDropdownTopicWithoutSignIn status=SUCCESS method=HomePageTests.selectDataStructureDropdownTopicWithoutSignIn(java.lang.String)[pri:3, instance:testCases.HomePageTests@4d63b624] output={null}]]]>
              </value>
            </param>
          </params>
          <reporter-output>
          </reporter-output>
        </test-method> <!-- tearDown -->
        <test-method is-config="true" signature="setup(java.lang.String)[pri:0, instance:testCases.HomePageTests@4d63b624]" started-at="2024-10-01T16:36:47 CDT" name="setup" finished-at="2024-10-01T16:36:49 CDT" duration-ms="1448" status="PASS">
          <params>
            <param index="0">
              <value>
                <![CDATA[chrome]]>
              </value>
            </param>
          </params>
          <reporter-output>
          </reporter-output>
        </test-method> <!-- setup -->
        <test-method signature="selectDataStructureDropdownTopicAfterSignIn(java.lang.String)[pri:4, instance:testCases.HomePageTests@4d63b624]" started-at="2024-10-01T16:36:49 CDT" name="selectDataStructureDropdownTopicAfterSignIn" data-provider="DropdownTopics" finished-at="2024-10-01T16:36:51 CDT" duration-ms="1893" status="PASS">
          <params>
            <param index="0">
              <value>
                <![CDATA[Array]]>
              </value>
            </param>
          </params>
          <reporter-output>
          </reporter-output>
        </test-method> <!-- selectDataStructureDropdownTopicAfterSignIn -->
        <test-method is-config="true" signature="tearDown(org.testng.ITestResult)[pri:0, instance:testCases.HomePageTests@4d63b624]" started-at="2024-10-01T16:36:51 CDT" name="tearDown" finished-at="2024-10-01T16:36:51 CDT" duration-ms="196" status="PASS">
          <params>
            <param index="0">
              <value>
                <![CDATA[[TestResult name=selectDataStructureDropdownTopicAfterSignIn status=SUCCESS method=HomePageTests.selectDataStructureDropdownTopicAfterSignIn(java.lang.String)[pri:4, instance:testCases.HomePageTests@4d63b624] output={null}]]]>
              </value>
            </param>
          </params>
          <reporter-output>
          </reporter-output>
        </test-method> <!-- tearDown -->
        <test-method is-config="true" signature="setup(java.lang.String)[pri:0, instance:testCases.HomePageTests@4d63b624]" started-at="2024-10-01T16:36:51 CDT" name="setup" finished-at="2024-10-01T16:36:53 CDT" duration-ms="1533" status="PASS">
          <params>
            <param index="0">
              <value>
                <![CDATA[chrome]]>
              </value>
            </param>
          </params>
          <reporter-output>
          </reporter-output>
        </test-method> <!-- setup -->
        <test-method signature="selectDataStructureDropdownTopicAfterSignIn(java.lang.String)[pri:4, instance:testCases.HomePageTests@4d63b624]" started-at="2024-10-01T16:36:53 CDT" name="selectDataStructureDropdownTopicAfterSignIn" data-provider="DropdownTopics" finished-at="2024-10-01T16:36:54 CDT" duration-ms="1669" status="PASS">
          <params>
            <param index="0">
              <value>
                <![CDATA[LinkedList]]>
              </value>
            </param>
          </params>
          <reporter-output>
          </reporter-output>
        </test-method> <!-- selectDataStructureDropdownTopicAfterSignIn -->
        <test-method is-config="true" signature="tearDown(org.testng.ITestResult)[pri:0, instance:testCases.HomePageTests@4d63b624]" started-at="2024-10-01T16:36:54 CDT" name="tearDown" finished-at="2024-10-01T16:36:54 CDT" duration-ms="193" status="PASS">
          <params>
            <param index="0">
              <value>
                <![CDATA[[TestResult name=selectDataStructureDropdownTopicAfterSignIn status=SUCCESS method=HomePageTests.selectDataStructureDropdownTopicAfterSignIn(java.lang.String)[pri:4, instance:testCases.HomePageTests@4d63b624] output={null}]]]>
              </value>
            </param>
          </params>
          <reporter-output>
          </reporter-output>
        </test-method> <!-- tearDown -->
        <test-method is-config="true" signature="setup(java.lang.String)[pri:0, instance:testCases.HomePageTests@4d63b624]" started-at="2024-10-01T16:36:54 CDT" name="setup" finished-at="2024-10-01T16:36:56 CDT" duration-ms="1620" status="PASS">
          <params>
            <param index="0">
              <value>
                <![CDATA[chrome]]>
              </value>
            </param>
          </params>
          <reporter-output>
          </reporter-output>
        </test-method> <!-- setup -->
        <test-method signature="selectDataStructureDropdownTopicAfterSignIn(java.lang.String)[pri:4, instance:testCases.HomePageTests@4d63b624]" started-at="2024-10-01T16:36:56 CDT" name="selectDataStructureDropdownTopicAfterSignIn" data-provider="DropdownTopics" finished-at="2024-10-01T16:36:58 CDT" duration-ms="1661" status="PASS">
          <params>
            <param index="0">
              <value>
                <![CDATA[Stack]]>
              </value>
            </param>
          </params>
          <reporter-output>
          </reporter-output>
        </test-method> <!-- selectDataStructureDropdownTopicAfterSignIn -->
        <test-method is-config="true" signature="tearDown(org.testng.ITestResult)[pri:0, instance:testCases.HomePageTests@4d63b624]" started-at="2024-10-01T16:36:58 CDT" name="tearDown" finished-at="2024-10-01T16:36:58 CDT" duration-ms="174" status="PASS">
          <params>
            <param index="0">
              <value>
                <![CDATA[[TestResult name=selectDataStructureDropdownTopicAfterSignIn status=SUCCESS method=HomePageTests.selectDataStructureDropdownTopicAfterSignIn(java.lang.String)[pri:4, instance:testCases.HomePageTests@4d63b624] output={null}]]]>
              </value>
            </param>
          </params>
          <reporter-output>
          </reporter-output>
        </test-method> <!-- tearDown -->
        <test-method is-config="true" signature="setup(java.lang.String)[pri:0, instance:testCases.HomePageTests@4d63b624]" started-at="2024-10-01T16:36:58 CDT" name="setup" finished-at="2024-10-01T16:36:59 CDT" duration-ms="1538" status="PASS">
          <params>
            <param index="0">
              <value>
                <![CDATA[chrome]]>
              </value>
            </param>
          </params>
          <reporter-output>
          </reporter-output>
        </test-method> <!-- setup -->
        <test-method signature="selectDataStructureDropdownTopicAfterSignIn(java.lang.String)[pri:4, instance:testCases.HomePageTests@4d63b624]" started-at="2024-10-01T16:36:59 CDT" name="selectDataStructureDropdownTopicAfterSignIn" data-provider="DropdownTopics" finished-at="2024-10-01T16:37:01 CDT" duration-ms="1637" status="PASS">
          <params>
            <param index="0">
              <value>
                <![CDATA[Queue]]>
              </value>
            </param>
          </params>
          <reporter-output>
          </reporter-output>
        </test-method> <!-- selectDataStructureDropdownTopicAfterSignIn -->
        <test-method is-config="true" signature="tearDown(org.testng.ITestResult)[pri:0, instance:testCases.HomePageTests@4d63b624]" started-at="2024-10-01T16:37:01 CDT" name="tearDown" finished-at="2024-10-01T16:37:01 CDT" duration-ms="179" status="PASS">
          <params>
            <param index="0">
              <value>
                <![CDATA[[TestResult name=selectDataStructureDropdownTopicAfterSignIn status=SUCCESS method=HomePageTests.selectDataStructureDropdownTopicAfterSignIn(java.lang.String)[pri:4, instance:testCases.HomePageTests@4d63b624] output={null}]]]>
              </value>
            </param>
          </params>
          <reporter-output>
          </reporter-output>
        </test-method> <!-- tearDown -->
        <test-method is-config="true" signature="setup(java.lang.String)[pri:0, instance:testCases.HomePageTests@4d63b624]" started-at="2024-10-01T16:37:01 CDT" name="setup" finished-at="2024-10-01T16:37:03 CDT" duration-ms="1564" status="PASS">
          <params>
            <param index="0">
              <value>
                <![CDATA[chrome]]>
              </value>
            </param>
          </params>
          <reporter-output>
          </reporter-output>
        </test-method> <!-- setup -->
        <test-method signature="selectDataStructureDropdownTopicAfterSignIn(java.lang.String)[pri:4, instance:testCases.HomePageTests@4d63b624]" started-at="2024-10-01T16:37:03 CDT" name="selectDataStructureDropdownTopicAfterSignIn" data-provider="DropdownTopics" finished-at="2024-10-01T16:37:05 CDT" duration-ms="1708" status="PASS">
          <params>
            <param index="0">
              <value>
                <![CDATA[Tree]]>
              </value>
            </param>
          </params>
          <reporter-output>
          </reporter-output>
        </test-method> <!-- selectDataStructureDropdownTopicAfterSignIn -->
        <test-method is-config="true" signature="tearDown(org.testng.ITestResult)[pri:0, instance:testCases.HomePageTests@4d63b624]" started-at="2024-10-01T16:37:05 CDT" name="tearDown" finished-at="2024-10-01T16:37:05 CDT" duration-ms="161" status="PASS">
          <params>
            <param index="0">
              <value>
                <![CDATA[[TestResult name=selectDataStructureDropdownTopicAfterSignIn status=SUCCESS method=HomePageTests.selectDataStructureDropdownTopicAfterSignIn(java.lang.String)[pri:4, instance:testCases.HomePageTests@4d63b624] output={null}]]]>
              </value>
            </param>
          </params>
          <reporter-output>
          </reporter-output>
        </test-method> <!-- tearDown -->
        <test-method is-config="true" signature="setup(java.lang.String)[pri:0, instance:testCases.HomePageTests@4d63b624]" started-at="2024-10-01T16:37:05 CDT" name="setup" finished-at="2024-10-01T16:37:06 CDT" duration-ms="1523" status="PASS">
          <params>
            <param index="0">
              <value>
                <![CDATA[chrome]]>
              </value>
            </param>
          </params>
          <reporter-output>
          </reporter-output>
        </test-method> <!-- setup -->
        <test-method signature="selectDataStructureDropdownTopicAfterSignIn(java.lang.String)[pri:4, instance:testCases.HomePageTests@4d63b624]" started-at="2024-10-01T16:37:06 CDT" name="selectDataStructureDropdownTopicAfterSignIn" data-provider="DropdownTopics" finished-at="2024-10-01T16:37:08 CDT" duration-ms="1664" status="PASS">
          <params>
            <param index="0">
              <value>
                <![CDATA[Graph]]>
              </value>
            </param>
          </params>
          <reporter-output>
          </reporter-output>
        </test-method> <!-- selectDataStructureDropdownTopicAfterSignIn -->
        <test-method is-config="true" signature="tearDown(org.testng.ITestResult)[pri:0, instance:testCases.HomePageTests@4d63b624]" started-at="2024-10-01T16:37:08 CDT" name="tearDown" finished-at="2024-10-01T16:37:08 CDT" duration-ms="206" status="PASS">
          <params>
            <param index="0">
              <value>
                <![CDATA[[TestResult name=selectDataStructureDropdownTopicAfterSignIn status=SUCCESS method=HomePageTests.selectDataStructureDropdownTopicAfterSignIn(java.lang.String)[pri:4, instance:testCases.HomePageTests@4d63b624] output={null}]]]>
              </value>
            </param>
          </params>
          <reporter-output>
          </reporter-output>
        </test-method> <!-- tearDown -->
        <test-method is-config="true" signature="setup(java.lang.String)[pri:0, instance:testCases.HomePageTests@4d63b624]" started-at="2024-10-01T16:37:11 CDT" name="setup" finished-at="2024-10-01T16:37:12 CDT" duration-ms="1428" status="PASS">
          <params>
            <param index="0">
              <value>
                <![CDATA[chrome]]>
              </value>
            </param>
          </params>
          <reporter-output>
          </reporter-output>
        </test-method> <!-- setup -->
        <test-method signature="clickNumpyNinjaLinkFromTopicPagesAfterSignIn(java.lang.String)[pri:5, instance:testCases.HomePageTests@4d63b624]" started-at="2024-10-01T16:37:12 CDT" name="clickNumpyNinjaLinkFromTopicPagesAfterSignIn" data-provider="GetStartedTopics" finished-at="2024-10-01T16:37:14 CDT" duration-ms="1952" status="PASS">
          <params>
            <param index="0">
              <value>
                <![CDATA[DataStructure]]>
              </value>
            </param>
          </params>
          <reporter-output>
          </reporter-output>
        </test-method> <!-- clickNumpyNinjaLinkFromTopicPagesAfterSignIn -->
        <test-method is-config="true" signature="tearDown(org.testng.ITestResult)[pri:0, instance:testCases.HomePageTests@4d63b624]" started-at="2024-10-01T16:37:14 CDT" name="tearDown" finished-at="2024-10-01T16:37:14 CDT" duration-ms="205" status="PASS">
          <params>
            <param index="0">
              <value>
                <![CDATA[[TestResult name=clickNumpyNinjaLinkFromTopicPagesAfterSignIn status=SUCCESS method=HomePageTests.clickNumpyNinjaLinkFromTopicPagesAfterSignIn(java.lang.String)[pri:5, instance:testCases.HomePageTests@4d63b624] output={null}]]]>
              </value>
            </param>
          </params>
          <reporter-output>
          </reporter-output>
        </test-method> <!-- tearDown -->
        <test-method is-config="true" signature="setup(java.lang.String)[pri:0, instance:testCases.HomePageTests@4d63b624]" started-at="2024-10-01T16:37:14 CDT" name="setup" finished-at="2024-10-01T16:37:16 CDT" duration-ms="1677" status="PASS">
          <params>
            <param index="0">
              <value>
                <![CDATA[chrome]]>
              </value>
            </param>
          </params>
          <reporter-output>
          </reporter-output>
        </test-method> <!-- setup -->
        <test-method signature="clickNumpyNinjaLinkFromTopicPagesAfterSignIn(java.lang.String)[pri:5, instance:testCases.HomePageTests@4d63b624]" started-at="2024-10-01T16:37:16 CDT" name="clickNumpyNinjaLinkFromTopicPagesAfterSignIn" data-provider="GetStartedTopics" finished-at="2024-10-01T16:37:18 CDT" duration-ms="1914" status="PASS">
          <params>
            <param index="0">
              <value>
                <![CDATA[Array]]>
              </value>
            </param>
          </params>
          <reporter-output>
          </reporter-output>
        </test-method> <!-- clickNumpyNinjaLinkFromTopicPagesAfterSignIn -->
        <test-method is-config="true" signature="tearDown(org.testng.ITestResult)[pri:0, instance:testCases.HomePageTests@4d63b624]" started-at="2024-10-01T16:37:18 CDT" name="tearDown" finished-at="2024-10-01T16:37:18 CDT" duration-ms="206" status="PASS">
          <params>
            <param index="0">
              <value>
                <![CDATA[[TestResult name=clickNumpyNinjaLinkFromTopicPagesAfterSignIn status=SUCCESS method=HomePageTests.clickNumpyNinjaLinkFromTopicPagesAfterSignIn(java.lang.String)[pri:5, instance:testCases.HomePageTests@4d63b624] output={null}]]]>
              </value>
            </param>
          </params>
          <reporter-output>
          </reporter-output>
        </test-method> <!-- tearDown -->
        <test-method is-config="true" signature="setup(java.lang.String)[pri:0, instance:testCases.HomePageTests@4d63b624]" started-at="2024-10-01T16:37:18 CDT" name="setup" finished-at="2024-10-01T16:37:20 CDT" duration-ms="1537" status="PASS">
          <params>
            <param index="0">
              <value>
                <![CDATA[chrome]]>
              </value>
            </param>
          </params>
          <reporter-output>
          </reporter-output>
        </test-method> <!-- setup -->
        <test-method signature="clickNumpyNinjaLinkFromTopicPagesAfterSignIn(java.lang.String)[pri:5, instance:testCases.HomePageTests@4d63b624]" started-at="2024-10-01T16:37:20 CDT" name="clickNumpyNinjaLinkFromTopicPagesAfterSignIn" data-provider="GetStartedTopics" finished-at="2024-10-01T16:37:21 CDT" duration-ms="1770" status="PASS">
          <params>
            <param index="0">
              <value>
                <![CDATA[LinkedList]]>
              </value>
            </param>
          </params>
          <reporter-output>
          </reporter-output>
        </test-method> <!-- clickNumpyNinjaLinkFromTopicPagesAfterSignIn -->
        <test-method is-config="true" signature="tearDown(org.testng.ITestResult)[pri:0, instance:testCases.HomePageTests@4d63b624]" started-at="2024-10-01T16:37:21 CDT" name="tearDown" finished-at="2024-10-01T16:37:22 CDT" duration-ms="207" status="PASS">
          <params>
            <param index="0">
              <value>
                <![CDATA[[TestResult name=clickNumpyNinjaLinkFromTopicPagesAfterSignIn status=SUCCESS method=HomePageTests.clickNumpyNinjaLinkFromTopicPagesAfterSignIn(java.lang.String)[pri:5, instance:testCases.HomePageTests@4d63b624] output={null}]]]>
              </value>
            </param>
          </params>
          <reporter-output>
          </reporter-output>
        </test-method> <!-- tearDown -->
        <test-method is-config="true" signature="setup(java.lang.String)[pri:0, instance:testCases.HomePageTests@4d63b624]" started-at="2024-10-01T16:37:22 CDT" name="setup" finished-at="2024-10-01T16:37:23 CDT" duration-ms="1540" status="PASS">
          <params>
            <param index="0">
              <value>
                <![CDATA[chrome]]>
              </value>
            </param>
          </params>
          <reporter-output>
          </reporter-output>
        </test-method> <!-- setup -->
        <test-method signature="clickNumpyNinjaLinkFromTopicPagesAfterSignIn(java.lang.String)[pri:5, instance:testCases.HomePageTests@4d63b624]" started-at="2024-10-01T16:37:23 CDT" name="clickNumpyNinjaLinkFromTopicPagesAfterSignIn" data-provider="GetStartedTopics" finished-at="2024-10-01T16:37:25 CDT" duration-ms="1859" status="PASS">
          <params>
            <param index="0">
              <value>
                <![CDATA[Stack]]>
              </value>
            </param>
          </params>
          <reporter-output>
          </reporter-output>
        </test-method> <!-- clickNumpyNinjaLinkFromTopicPagesAfterSignIn -->
        <test-method is-config="true" signature="tearDown(org.testng.ITestResult)[pri:0, instance:testCases.HomePageTests@4d63b624]" started-at="2024-10-01T16:37:25 CDT" name="tearDown" finished-at="2024-10-01T16:37:25 CDT" duration-ms="172" status="PASS">
          <params>
            <param index="0">
              <value>
                <![CDATA[[TestResult name=clickNumpyNinjaLinkFromTopicPagesAfterSignIn status=SUCCESS method=HomePageTests.clickNumpyNinjaLinkFromTopicPagesAfterSignIn(java.lang.String)[pri:5, instance:testCases.HomePageTests@4d63b624] output={null}]]]>
              </value>
            </param>
          </params>
          <reporter-output>
          </reporter-output>
        </test-method> <!-- tearDown -->
        <test-method is-config="true" signature="setup(java.lang.String)[pri:0, instance:testCases.HomePageTests@4d63b624]" started-at="2024-10-01T16:37:25 CDT" name="setup" finished-at="2024-10-01T16:37:27 CDT" duration-ms="1782" status="PASS">
          <params>
            <param index="0">
              <value>
                <![CDATA[chrome]]>
              </value>
            </param>
          </params>
          <reporter-output>
          </reporter-output>
        </test-method> <!-- setup -->
        <test-method signature="clickNumpyNinjaLinkFromTopicPagesAfterSignIn(java.lang.String)[pri:5, instance:testCases.HomePageTests@4d63b624]" started-at="2024-10-01T16:37:27 CDT" name="clickNumpyNinjaLinkFromTopicPagesAfterSignIn" data-provider="GetStartedTopics" finished-at="2024-10-01T16:37:29 CDT" duration-ms="1898" status="PASS">
          <params>
            <param index="0">
              <value>
                <![CDATA[Queue]]>
              </value>
            </param>
          </params>
          <reporter-output>
          </reporter-output>
        </test-method> <!-- clickNumpyNinjaLinkFromTopicPagesAfterSignIn -->
        <test-method is-config="true" signature="tearDown(org.testng.ITestResult)[pri:0, instance:testCases.HomePageTests@4d63b624]" started-at="2024-10-01T16:37:29 CDT" name="tearDown" finished-at="2024-10-01T16:37:29 CDT" duration-ms="199" status="PASS">
          <params>
            <param index="0">
              <value>
                <![CDATA[[TestResult name=clickNumpyNinjaLinkFromTopicPagesAfterSignIn status=SUCCESS method=HomePageTests.clickNumpyNinjaLinkFromTopicPagesAfterSignIn(java.lang.String)[pri:5, instance:testCases.HomePageTests@4d63b624] output={null}]]]>
              </value>
            </param>
          </params>
          <reporter-output>
          </reporter-output>
        </test-method> <!-- tearDown -->
        <test-method is-config="true" signature="setup(java.lang.String)[pri:0, instance:testCases.HomePageTests@4d63b624]" started-at="2024-10-01T16:37:29 CDT" name="setup" finished-at="2024-10-01T16:37:31 CDT" duration-ms="1495" status="PASS">
          <params>
            <param index="0">
              <value>
                <![CDATA[chrome]]>
              </value>
            </param>
          </params>
          <reporter-output>
          </reporter-output>
        </test-method> <!-- setup -->
        <test-method signature="clickNumpyNinjaLinkFromTopicPagesAfterSignIn(java.lang.String)[pri:5, instance:testCases.HomePageTests@4d63b624]" started-at="2024-10-01T16:37:31 CDT" name="clickNumpyNinjaLinkFromTopicPagesAfterSignIn" data-provider="GetStartedTopics" finished-at="2024-10-01T16:37:32 CDT" duration-ms="1858" status="PASS">
          <params>
            <param index="0">
              <value>
                <![CDATA[Tree]]>
              </value>
            </param>
          </params>
          <reporter-output>
          </reporter-output>
        </test-method> <!-- clickNumpyNinjaLinkFromTopicPagesAfterSignIn -->
        <test-method is-config="true" signature="tearDown(org.testng.ITestResult)[pri:0, instance:testCases.HomePageTests@4d63b624]" started-at="2024-10-01T16:37:32 CDT" name="tearDown" finished-at="2024-10-01T16:37:33 CDT" duration-ms="202" status="PASS">
          <params>
            <param index="0">
              <value>
                <![CDATA[[TestResult name=clickNumpyNinjaLinkFromTopicPagesAfterSignIn status=SUCCESS method=HomePageTests.clickNumpyNinjaLinkFromTopicPagesAfterSignIn(java.lang.String)[pri:5, instance:testCases.HomePageTests@4d63b624] output={null}]]]>
              </value>
            </param>
          </params>
          <reporter-output>
          </reporter-output>
        </test-method> <!-- tearDown -->
        <test-method is-config="true" signature="setup(java.lang.String)[pri:0, instance:testCases.HomePageTests@4d63b624]" started-at="2024-10-01T16:37:33 CDT" name="setup" finished-at="2024-10-01T16:37:34 CDT" duration-ms="1500" status="PASS">
          <params>
            <param index="0">
              <value>
                <![CDATA[chrome]]>
              </value>
            </param>
          </params>
          <reporter-output>
          </reporter-output>
        </test-method> <!-- setup -->
        <test-method signature="clickNumpyNinjaLinkFromTopicPagesAfterSignIn(java.lang.String)[pri:5, instance:testCases.HomePageTests@4d63b624]" started-at="2024-10-01T16:37:34 CDT" name="clickNumpyNinjaLinkFromTopicPagesAfterSignIn" data-provider="GetStartedTopics" finished-at="2024-10-01T16:37:36 CDT" duration-ms="1770" status="PASS">
          <params>
            <param index="0">
              <value>
                <![CDATA[Graph]]>
              </value>
            </param>
          </params>
          <reporter-output>
          </reporter-output>
        </test-method> <!-- clickNumpyNinjaLinkFromTopicPagesAfterSignIn -->
        <test-method is-config="true" signature="tearDown(org.testng.ITestResult)[pri:0, instance:testCases.HomePageTests@4d63b624]" started-at="2024-10-01T16:37:36 CDT" name="tearDown" finished-at="2024-10-01T16:37:36 CDT" duration-ms="181" status="PASS">
          <params>
            <param index="0">
              <value>
                <![CDATA[[TestResult name=clickNumpyNinjaLinkFromTopicPagesAfterSignIn status=SUCCESS method=HomePageTests.clickNumpyNinjaLinkFromTopicPagesAfterSignIn(java.lang.String)[pri:5, instance:testCases.HomePageTests@4d63b624] output={null}]]]>
              </value>
            </param>
          </params>
          <reporter-output>
          </reporter-output>
        </test-method> <!-- tearDown -->
        <test-method is-config="true" signature="setup(java.lang.String)[pri:0, instance:testCases.HomePageTests@4d63b624]" started-at="2024-10-01T16:37:51 CDT" name="setup" finished-at="2024-10-01T16:37:53 CDT" duration-ms="1663" status="PASS">
          <params>
            <param index="0">
              <value>
                <![CDATA[chrome]]>
              </value>
            </param>
          </params>
          <reporter-output>
          </reporter-output>
        </test-method> <!-- setup -->
        <test-method signature="clickNumpyNinjaLinkFromHomePagesBeforeSignIn()[pri:6, instance:testCases.HomePageTests@4d63b624]" started-at="2024-10-01T16:37:53 CDT" name="clickNumpyNinjaLinkFromHomePagesBeforeSignIn" finished-at="2024-10-01T16:38:03 CDT" duration-ms="10698" status="FAIL">
          <exception class="org.openqa.selenium.NoSuchElementException">
            <message>
              <![CDATA[no such element: Unable to locate element: {"method":"xpath","selector":"//p[normalize-space()='Copyright@NumpyNinja2021']"}
  (Session info: chrome=129.0.6668.60)
For documentation on this error, please visit: https://www.selenium.dev/documentation/webdriver/troubleshooting/errors#no-such-element-exception
Build info: version: '4.20.0', revision: '866c76ca80'
System info: os.name: 'Windows 11', os.arch: 'amd64', os.version: '10.0', java.version: '22'
Driver info: org.openqa.selenium.chrome.ChromeDriver
Command: [be9e2eaba9dfed6dd3411a1c3b0d76a4, findElement {value=//p[normalize-space()='Copyright@NumpyNinja2021'], using=xpath}]
Capabilities {acceptInsecureCerts: false, browserName: chrome, browserVersion: 129.0.6668.60, chrome: {chromedriverVersion: 129.0.6668.70 (df87d5cf12b1..., userDataDir: C:\Users\rushi\AppData\Loca...}, fedcm:accounts: true, goog:chromeOptions: {debuggerAddress: localhost:58956}, networkConnectionEnabled: false, pageLoadStrategy: normal, platformName: windows, proxy: Proxy(), se:cdp: ws://localhost:58956/devtoo..., se:cdpVersion: 129.0.6668.60, setWindowRect: true, strictFileInteractability: false, timeouts: {implicit: 0, pageLoad: 300000, script: 30000}, unhandledPromptBehavior: dismiss and notify, webauthn:extension:credBlob: true, webauthn:extension:largeBlob: true, webauthn:extension:minPinLength: true, webauthn:extension:prf: true, webauthn:virtualAuthenticators: true}
Session ID: be9e2eaba9dfed6dd3411a1c3b0d76a4]]>
            </message>
            <full-stacktrace>
              <![CDATA[org.openqa.selenium.NoSuchElementException: no such element: Unable to locate element: {"method":"xpath","selector":"//p[normalize-space()='Copyright@NumpyNinja2021']"}
  (Session info: chrome=129.0.6668.60)
For documentation on this error, please visit: https://www.selenium.dev/documentation/webdriver/troubleshooting/errors#no-such-element-exception
Build info: version: '4.20.0', revision: '866c76ca80'
System info: os.name: 'Windows 11', os.arch: 'amd64', os.version: '10.0', java.version: '22'
Driver info: org.openqa.selenium.chrome.ChromeDriver
Command: [be9e2eaba9dfed6dd3411a1c3b0d76a4, findElement {value=//p[normalize-space()='Copyright@NumpyNinja2021'], using=xpath}]
Capabilities {acceptInsecureCerts: false, browserName: chrome, browserVersion: 129.0.6668.60, chrome: {chromedriverVersion: 129.0.6668.70 (df87d5cf12b1..., userDataDir: C:\Users\rushi\AppData\Loca...}, fedcm:accounts: true, goog:chromeOptions: {debuggerAddress: localhost:58956}, networkConnectionEnabled: false, pageLoadStrategy: normal, platformName: windows, proxy: Proxy(), se:cdp: ws://localhost:58956/devtoo..., se:cdpVersion: 129.0.6668.60, setWindowRect: true, strictFileInteractability: false, timeouts: {implicit: 0, pageLoad: 300000, script: 30000}, unhandledPromptBehavior: dismiss and notify, webauthn:extension:credBlob: true, webauthn:extension:largeBlob: true, webauthn:extension:minPinLength: true, webauthn:extension:prf: true, webauthn:virtualAuthenticators: true}
Session ID: be9e2eaba9dfed6dd3411a1c3b0d76a4
at java.base/jdk.internal.reflect.DirectConstructorHandleAccessor.newInstance(DirectConstructorHandleAccessor.java:62)
at java.base/java.lang.reflect.Constructor.newInstanceWithCaller(Constructor.java:502)
at java.base/java.lang.reflect.Constructor.newInstance(Constructor.java:486)
at org.openqa.selenium.remote.ErrorCodec.decode(ErrorCodec.java:167)
at org.openqa.selenium.remote.codec.w3c.W3CHttpResponseCodec.decode(W3CHttpResponseCodec.java:138)
at org.openqa.selenium.remote.codec.w3c.W3CHttpResponseCodec.decode(W3CHttpResponseCodec.java:50)
at org.openqa.selenium.remote.HttpCommandExecutor.execute(HttpCommandExecutor.java:190)
at org.openqa.selenium.remote.service.DriverCommandExecutor.invokeExecute(DriverCommandExecutor.java:216)
at org.openqa.selenium.remote.service.DriverCommandExecutor.execute(DriverCommandExecutor.java:174)
at org.openqa.selenium.remote.RemoteWebDriver.execute(RemoteWebDriver.java:518)
at org.openqa.selenium.remote.ElementLocation$ElementFinder$2.findElement(ElementLocation.java:165)
at org.openqa.selenium.remote.ElementLocation.findElement(ElementLocation.java:59)
at org.openqa.selenium.remote.RemoteWebDriver.findElement(RemoteWebDriver.java:355)
at org.openqa.selenium.remote.RemoteWebDriver.findElement(RemoteWebDriver.java:349)
at java.base/jdk.internal.reflect.DirectMethodHandleAccessor.invoke(DirectMethodHandleAccessor.java:103)
at java.base/java.lang.reflect.Method.invoke(Method.java:580)
at org.openqa.selenium.support.ThreadGuard$WebDriverInvocationHandler.invokeUnderlying(ThreadGuard.java:99)
at org.openqa.selenium.support.ThreadGuard$WebDriverInvocationHandler.invoke(ThreadGuard.java:91)
at jdk.proxy2/jdk.proxy2.$Proxy25.findElement(Unknown Source)
at org.openqa.selenium.support.pagefactory.DefaultElementLocator.findElement(DefaultElementLocator.java:68)
at org.openqa.selenium.support.pagefactory.internal.LocatingElementHandler.invoke(LocatingElementHandler.java:38)
at jdk.proxy2/jdk.proxy2.$Proxy22.isDisplayed(Unknown Source)
at pageObject.GetStartedPage.copyrightDisplay(GetStartedPage.java:29)
at testCases.HomePageTests.clickNumpyNinjaLinkFromHomePagesBeforeSignIn(HomePageTests.java:89)
at java.base/jdk.internal.reflect.DirectMethodHandleAccessor.invoke(DirectMethodHandleAccessor.java:103)
at java.base/java.lang.reflect.Method.invoke(Method.java:580)
at org.testng.internal.invokers.MethodInvocationHelper.invokeMethod(MethodInvocationHelper.java:141)
at org.testng.internal.invokers.TestInvoker.invokeMethod(TestInvoker.java:686)
at org.testng.internal.invokers.TestInvoker.invokeTestMethod(TestInvoker.java:230)
at org.testng.internal.invokers.MethodRunner.runInSequence(MethodRunner.java:63)
at org.testng.internal.invokers.TestInvoker$MethodInvocationAgent.invoke(TestInvoker.java:992)
at org.testng.internal.invokers.TestInvoker.invokeTestMethods(TestInvoker.java:203)
at org.testng.internal.invokers.TestMethodWorker.invokeTestMethods(TestMethodWorker.java:154)
at org.testng.internal.invokers.TestMethodWorker.run(TestMethodWorker.java:134)
at java.base/java.util.ArrayList.forEach(ArrayList.java:1597)
at org.testng.TestRunner.privateRun(TestRunner.java:739)
at org.testng.TestRunner.run(TestRunner.java:614)
at org.testng.SuiteRunner.runTest(SuiteRunner.java:421)
at org.testng.SuiteRunner.runSequentially(SuiteRunner.java:413)
at org.testng.SuiteRunner.privateRun(SuiteRunner.java:373)
at org.testng.SuiteRunner.run(SuiteRunner.java:312)
at org.testng.SuiteRunnerWorker.runSuite(SuiteRunnerWorker.java:52)
at org.testng.SuiteRunnerWorker.run(SuiteRunnerWorker.java:95)
at org.testng.TestNG.runSuitesSequentially(TestNG.java:1274)
at org.testng.TestNG.runSuitesLocally(TestNG.java:1208)
at org.testng.TestNG.runSuites(TestNG.java:1112)
at org.testng.TestNG.run(TestNG.java:1079)
at org.testng.remote.AbstractRemoteTestNG.run(AbstractRemoteTestNG.java:115)
at org.testng.remote.RemoteTestNG.initAndRun(RemoteTestNG.java:293)
at org.testng.remote.RemoteTestNG.main(RemoteTestNG.java:91)
]]>
            </full-stacktrace>
          </exception> <!-- org.openqa.selenium.NoSuchElementException -->
          <reporter-output>
          </reporter-output>
        </test-method> <!-- clickNumpyNinjaLinkFromHomePagesBeforeSignIn -->
        <test-method is-config="true" signature="tearDown(org.testng.ITestResult)[pri:0, instance:testCases.HomePageTests@4d63b624]" started-at="2024-10-01T16:38:03 CDT" name="tearDown" finished-at="2024-10-01T16:38:04 CDT" duration-ms="313" status="PASS">
          <params>
            <param index="0">
              <value>
                <![CDATA[[TestResult name=clickNumpyNinjaLinkFromHomePagesBeforeSignIn status=FAILURE method=HomePageTests.clickNumpyNinjaLinkFromHomePagesBeforeSignIn()[pri:6, instance:testCases.HomePageTests@4d63b624] output={null}]]]>
              </value>
            </param>
          </params>
          <reporter-output>
          </reporter-output>
        </test-method> <!-- tearDown -->
        <test-method is-config="true" signature="setup(java.lang.String)[pri:0, instance:testCases.HomePageTests@4d63b624]" started-at="2024-10-01T16:38:04 CDT" name="setup" finished-at="2024-10-01T16:38:05 CDT" duration-ms="1603" status="PASS">
          <params>
            <param index="0">
              <value>
                <![CDATA[chrome]]>
              </value>
            </param>
          </params>
          <reporter-output>
          </reporter-output>
        </test-method> <!-- setup -->
        <test-method signature="clickNumpyNinjaLinkFromHomePagesAfterSignIn()[pri:7, instance:testCases.HomePageTests@4d63b624]" started-at="2024-10-01T16:38:05 CDT" name="clickNumpyNinjaLinkFromHomePagesAfterSignIn" finished-at="2024-10-01T16:38:17 CDT" duration-ms="11499" status="FAIL">
          <exception class="org.openqa.selenium.NoSuchElementException">
            <message>
              <![CDATA[no such element: Unable to locate element: {"method":"xpath","selector":"//p[normalize-space()='Copyright@NumpyNinja2021']"}
  (Session info: chrome=129.0.6668.60)
For documentation on this error, please visit: https://www.selenium.dev/documentation/webdriver/troubleshooting/errors#no-such-element-exception
Build info: version: '4.20.0', revision: '866c76ca80'
System info: os.name: 'Windows 11', os.arch: 'amd64', os.version: '10.0', java.version: '22'
Driver info: org.openqa.selenium.chrome.ChromeDriver
Command: [1096fef6ac4ad18d7d0634b9a2603655, findElement {value=//p[normalize-space()='Copyright@NumpyNinja2021'], using=xpath}]
Capabilities {acceptInsecureCerts: false, browserName: chrome, browserVersion: 129.0.6668.60, chrome: {chromedriverVersion: 129.0.6668.70 (df87d5cf12b1..., userDataDir: C:\Users\rushi\AppData\Loca...}, fedcm:accounts: true, goog:chromeOptions: {debuggerAddress: localhost:58981}, networkConnectionEnabled: false, pageLoadStrategy: normal, platformName: windows, proxy: Proxy(), se:cdp: ws://localhost:58981/devtoo..., se:cdpVersion: 129.0.6668.60, setWindowRect: true, strictFileInteractability: false, timeouts: {implicit: 0, pageLoad: 300000, script: 30000}, unhandledPromptBehavior: dismiss and notify, webauthn:extension:credBlob: true, webauthn:extension:largeBlob: true, webauthn:extension:minPinLength: true, webauthn:extension:prf: true, webauthn:virtualAuthenticators: true}
Session ID: 1096fef6ac4ad18d7d0634b9a2603655]]>
            </message>
            <full-stacktrace>
              <![CDATA[org.openqa.selenium.NoSuchElementException: no such element: Unable to locate element: {"method":"xpath","selector":"//p[normalize-space()='Copyright@NumpyNinja2021']"}
  (Session info: chrome=129.0.6668.60)
For documentation on this error, please visit: https://www.selenium.dev/documentation/webdriver/troubleshooting/errors#no-such-element-exception
Build info: version: '4.20.0', revision: '866c76ca80'
System info: os.name: 'Windows 11', os.arch: 'amd64', os.version: '10.0', java.version: '22'
Driver info: org.openqa.selenium.chrome.ChromeDriver
Command: [1096fef6ac4ad18d7d0634b9a2603655, findElement {value=//p[normalize-space()='Copyright@NumpyNinja2021'], using=xpath}]
Capabilities {acceptInsecureCerts: false, browserName: chrome, browserVersion: 129.0.6668.60, chrome: {chromedriverVersion: 129.0.6668.70 (df87d5cf12b1..., userDataDir: C:\Users\rushi\AppData\Loca...}, fedcm:accounts: true, goog:chromeOptions: {debuggerAddress: localhost:58981}, networkConnectionEnabled: false, pageLoadStrategy: normal, platformName: windows, proxy: Proxy(), se:cdp: ws://localhost:58981/devtoo..., se:cdpVersion: 129.0.6668.60, setWindowRect: true, strictFileInteractability: false, timeouts: {implicit: 0, pageLoad: 300000, script: 30000}, unhandledPromptBehavior: dismiss and notify, webauthn:extension:credBlob: true, webauthn:extension:largeBlob: true, webauthn:extension:minPinLength: true, webauthn:extension:prf: true, webauthn:virtualAuthenticators: true}
Session ID: 1096fef6ac4ad18d7d0634b9a2603655
at java.base/jdk.internal.reflect.DirectConstructorHandleAccessor.newInstance(DirectConstructorHandleAccessor.java:62)
at java.base/java.lang.reflect.Constructor.newInstanceWithCaller(Constructor.java:502)
at java.base/java.lang.reflect.Constructor.newInstance(Constructor.java:486)
at org.openqa.selenium.remote.ErrorCodec.decode(ErrorCodec.java:167)
at org.openqa.selenium.remote.codec.w3c.W3CHttpResponseCodec.decode(W3CHttpResponseCodec.java:138)
at org.openqa.selenium.remote.codec.w3c.W3CHttpResponseCodec.decode(W3CHttpResponseCodec.java:50)
at org.openqa.selenium.remote.HttpCommandExecutor.execute(HttpCommandExecutor.java:190)
at org.openqa.selenium.remote.service.DriverCommandExecutor.invokeExecute(DriverCommandExecutor.java:216)
at org.openqa.selenium.remote.service.DriverCommandExecutor.execute(DriverCommandExecutor.java:174)
at org.openqa.selenium.remote.RemoteWebDriver.execute(RemoteWebDriver.java:518)
at org.openqa.selenium.remote.ElementLocation$ElementFinder$2.findElement(ElementLocation.java:165)
at org.openqa.selenium.remote.ElementLocation.findElement(ElementLocation.java:59)
at org.openqa.selenium.remote.RemoteWebDriver.findElement(RemoteWebDriver.java:355)
at org.openqa.selenium.remote.RemoteWebDriver.findElement(RemoteWebDriver.java:349)
at java.base/jdk.internal.reflect.DirectMethodHandleAccessor.invoke(DirectMethodHandleAccessor.java:103)
at java.base/java.lang.reflect.Method.invoke(Method.java:580)
at org.openqa.selenium.support.ThreadGuard$WebDriverInvocationHandler.invokeUnderlying(ThreadGuard.java:99)
at org.openqa.selenium.support.ThreadGuard$WebDriverInvocationHandler.invoke(ThreadGuard.java:91)
at jdk.proxy2/jdk.proxy2.$Proxy25.findElement(Unknown Source)
at org.openqa.selenium.support.pagefactory.DefaultElementLocator.findElement(DefaultElementLocator.java:68)
at org.openqa.selenium.support.pagefactory.internal.LocatingElementHandler.invoke(LocatingElementHandler.java:38)
at jdk.proxy2/jdk.proxy2.$Proxy22.isDisplayed(Unknown Source)
at pageObject.GetStartedPage.checkStartPageDisplay(GetStartedPage.java:34)
at testCases.HomePageTests.clickNumpyNinjaLinkFromHomePagesAfterSignIn(HomePageTests.java:101)
at java.base/jdk.internal.reflect.DirectMethodHandleAccessor.invoke(DirectMethodHandleAccessor.java:103)
at java.base/java.lang.reflect.Method.invoke(Method.java:580)
at org.testng.internal.invokers.MethodInvocationHelper.invokeMethod(MethodInvocationHelper.java:141)
at org.testng.internal.invokers.TestInvoker.invokeMethod(TestInvoker.java:686)
at org.testng.internal.invokers.TestInvoker.invokeTestMethod(TestInvoker.java:230)
at org.testng.internal.invokers.MethodRunner.runInSequence(MethodRunner.java:63)
at org.testng.internal.invokers.TestInvoker$MethodInvocationAgent.invoke(TestInvoker.java:992)
at org.testng.internal.invokers.TestInvoker.invokeTestMethods(TestInvoker.java:203)
at org.testng.internal.invokers.TestMethodWorker.invokeTestMethods(TestMethodWorker.java:154)
at org.testng.internal.invokers.TestMethodWorker.run(TestMethodWorker.java:134)
at java.base/java.util.ArrayList.forEach(ArrayList.java:1597)
at org.testng.TestRunner.privateRun(TestRunner.java:739)
at org.testng.TestRunner.run(TestRunner.java:614)
at org.testng.SuiteRunner.runTest(SuiteRunner.java:421)
at org.testng.SuiteRunner.runSequentially(SuiteRunner.java:413)
at org.testng.SuiteRunner.privateRun(SuiteRunner.java:373)
at org.testng.SuiteRunner.run(SuiteRunner.java:312)
at org.testng.SuiteRunnerWorker.runSuite(SuiteRunnerWorker.java:52)
at org.testng.SuiteRunnerWorker.run(SuiteRunnerWorker.java:95)
at org.testng.TestNG.runSuitesSequentially(TestNG.java:1274)
at org.testng.TestNG.runSuitesLocally(TestNG.java:1208)
at org.testng.TestNG.runSuites(TestNG.java:1112)
at org.testng.TestNG.run(TestNG.java:1079)
at org.testng.remote.AbstractRemoteTestNG.run(AbstractRemoteTestNG.java:115)
at org.testng.remote.RemoteTestNG.initAndRun(RemoteTestNG.java:293)
at org.testng.remote.RemoteTestNG.main(RemoteTestNG.java:91)
]]>
            </full-stacktrace>
          </exception> <!-- org.openqa.selenium.NoSuchElementException -->
          <reporter-output>
          </reporter-output>
        </test-method> <!-- clickNumpyNinjaLinkFromHomePagesAfterSignIn -->
        <test-method is-config="true" signature="tearDown(org.testng.ITestResult)[pri:0, instance:testCases.HomePageTests@4d63b624]" started-at="2024-10-01T16:38:17 CDT" name="tearDown" finished-at="2024-10-01T16:38:17 CDT" duration-ms="324" status="PASS">
          <params>
            <param index="0">
              <value>
                <![CDATA[[TestResult name=clickNumpyNinjaLinkFromHomePagesAfterSignIn status=FAILURE method=HomePageTests.clickNumpyNinjaLinkFromHomePagesAfterSignIn()[pri:7, instance:testCases.HomePageTests@4d63b624] output={null}]]]>
              </value>
            </param>
          </params>
          <reporter-output>
          </reporter-output>
        </test-method> <!-- tearDown -->
        <test-method is-config="true" signature="setup(java.lang.String)[pri:0, instance:testCases.HomePageTests@4d63b624]" started-at="2024-10-01T16:38:17 CDT" name="setup" finished-at="2024-10-01T16:38:19 CDT" duration-ms="1716" status="PASS">
          <params>
            <param index="0">
              <value>
                <![CDATA[chrome]]>
              </value>
            </param>
          </params>
          <reporter-output>
          </reporter-output>
        </test-method> <!-- setup -->
        <test-method signature="clickNumpyNinjaLinkFromSignInPage()[pri:8, instance:testCases.HomePageTests@4d63b624]" started-at="2024-10-01T16:38:19 CDT" name="clickNumpyNinjaLinkFromSignInPage" finished-at="2024-10-01T16:38:20 CDT" duration-ms="786" status="PASS">
          <reporter-output>
          </reporter-output>
        </test-method> <!-- clickNumpyNinjaLinkFromSignInPage -->
        <test-method is-config="true" signature="tearDown(org.testng.ITestResult)[pri:0, instance:testCases.HomePageTests@4d63b624]" started-at="2024-10-01T16:38:20 CDT" name="tearDown" finished-at="2024-10-01T16:38:20 CDT" duration-ms="137" status="PASS">
          <params>
            <param index="0">
              <value>
                <![CDATA[[TestResult name=clickNumpyNinjaLinkFromSignInPage status=SUCCESS method=HomePageTests.clickNumpyNinjaLinkFromSignInPage()[pri:8, instance:testCases.HomePageTests@4d63b624] output={null}]]]>
              </value>
            </param>
          </params>
          <reporter-output>
          </reporter-output>
        </test-method> <!-- tearDown -->
        <test-method is-config="true" signature="setup(java.lang.String)[pri:0, instance:testCases.HomePageTests@4d63b624]" started-at="2024-10-01T16:38:20 CDT" name="setup" finished-at="2024-10-01T16:38:21 CDT" duration-ms="1442" status="PASS">
          <params>
            <param index="0">
              <value>
                <![CDATA[chrome]]>
              </value>
            </param>
          </params>
          <reporter-output>
          </reporter-output>
        </test-method> <!-- setup -->
        <test-method signature="clickNumpyNinjaLinkFromRegisterPage()[pri:9, instance:testCases.HomePageTests@4d63b624]" started-at="2024-10-01T16:38:21 CDT" name="clickNumpyNinjaLinkFromRegisterPage" finished-at="2024-10-01T16:38:22 CDT" duration-ms="725" status="PASS">
          <reporter-output>
          </reporter-output>
        </test-method> <!-- clickNumpyNinjaLinkFromRegisterPage -->
        <test-method is-config="true" signature="tearDown(org.testng.ITestResult)[pri:0, instance:testCases.HomePageTests@4d63b624]" started-at="2024-10-01T16:38:22 CDT" name="tearDown" finished-at="2024-10-01T16:38:22 CDT" duration-ms="143" status="PASS">
          <params>
            <param index="0">
              <value>
                <![CDATA[[TestResult name=clickNumpyNinjaLinkFromRegisterPage status=SUCCESS method=HomePageTests.clickNumpyNinjaLinkFromRegisterPage()[pri:9, instance:testCases.HomePageTests@4d63b624] output={null}]]]>
              </value>
            </param>
          </params>
          <reporter-output>
          </reporter-output>
        </test-method> <!-- tearDown -->
      </class> <!-- testCases.HomePageTests -->
      <class name="testCases.SignInPagetest">
        <test-method is-config="true" signature="setup(java.lang.String)[pri:0, instance:testCases.SignInPagetest@245a26e1]" started-at="2024-10-01T16:35:14 CDT" name="setup" finished-at="2024-10-01T16:35:16 CDT" duration-ms="1562" status="PASS">
          <params>
            <param index="0">
              <value>
                <![CDATA[chrome]]>
              </value>
            </param>
          </params>
          <reporter-output>
          </reporter-output>
        </test-method> <!-- setup -->
        <test-method signature="checkValidAndInvalidLoginTest(java.lang.String,java.lang.String,java.lang.String)[pri:1, instance:testCases.SignInPagetest@245a26e1]" started-at="2024-10-01T16:35:16 CDT" name="checkValidAndInvalidLoginTest" data-provider="LoginData" finished-at="2024-10-01T16:35:17 CDT" duration-ms="1313" status="PASS">
          <params>
            <param index="0">
              <value>
                <![CDATA[TestPro]]>
              </value>
            </param>
            <param index="1">
              <value>
                <![CDATA[ajm@123$]]>
              </value>
            </param>
            <param index="2">
              <value>
                <![CDATA[Valid]]>
              </value>
            </param>
          </params>
          <reporter-output>
          </reporter-output>
        </test-method> <!-- checkValidAndInvalidLoginTest -->
        <test-method is-config="true" signature="tearDown(org.testng.ITestResult)[pri:0, instance:testCases.SignInPagetest@245a26e1]" started-at="2024-10-01T16:35:17 CDT" name="tearDown" finished-at="2024-10-01T16:35:17 CDT" duration-ms="215" status="PASS">
          <params>
            <param index="0">
              <value>
                <![CDATA[[TestResult name=checkValidAndInvalidLoginTest status=SUCCESS method=SignInPagetest.checkValidAndInvalidLoginTest(java.lang.String,java.lang.String,java.lang.String)[pri:1, instance:testCases.SignInPagetest@245a26e1] output={null}]]]>
              </value>
            </param>
          </params>
          <reporter-output>
          </reporter-output>
        </test-method> <!-- tearDown -->
        <test-method is-config="true" signature="setup(java.lang.String)[pri:0, instance:testCases.SignInPagetest@245a26e1]" started-at="2024-10-01T16:35:17 CDT" name="setup" finished-at="2024-10-01T16:35:19 CDT" duration-ms="1622" status="PASS">
          <params>
            <param index="0">
              <value>
                <![CDATA[chrome]]>
              </value>
            </param>
          </params>
          <reporter-output>
          </reporter-output>
        </test-method> <!-- setup -->
        <test-method signature="checkValidAndInvalidLoginTest(java.lang.String,java.lang.String,java.lang.String)[pri:1, instance:testCases.SignInPagetest@245a26e1]" started-at="2024-10-01T16:35:19 CDT" name="checkValidAndInvalidLoginTest" data-provider="LoginData" finished-at="2024-10-01T16:35:20 CDT" duration-ms="1085" status="PASS">
          <params>
            <param index="0">
              <value>
                <![CDATA[numpy]]>
              </value>
            </param>
            <param index="1">
              <value>
                <![CDATA[Pass]]>
              </value>
            </param>
            <param index="2">
              <value>
                <![CDATA[Invalid]]>
              </value>
            </param>
          </params>
          <reporter-output>
          </reporter-output>
        </test-method> <!-- checkValidAndInvalidLoginTest -->
        <test-method is-config="true" signature="tearDown(org.testng.ITestResult)[pri:0, instance:testCases.SignInPagetest@245a26e1]" started-at="2024-10-01T16:35:20 CDT" name="tearDown" finished-at="2024-10-01T16:35:20 CDT" duration-ms="182" status="PASS">
          <params>
            <param index="0">
              <value>
                <![CDATA[[TestResult name=checkValidAndInvalidLoginTest status=SUCCESS method=SignInPagetest.checkValidAndInvalidLoginTest(java.lang.String,java.lang.String,java.lang.String)[pri:1, instance:testCases.SignInPagetest@245a26e1] output={null}]]]>
              </value>
            </param>
          </params>
          <reporter-output>
          </reporter-output>
        </test-method> <!-- tearDown -->
        <test-method is-config="true" signature="setup(java.lang.String)[pri:0, instance:testCases.SignInPagetest@245a26e1]" started-at="2024-10-01T16:35:20 CDT" name="setup" finished-at="2024-10-01T16:35:22 CDT" duration-ms="1452" status="PASS">
          <params>
            <param index="0">
              <value>
                <![CDATA[chrome]]>
              </value>
            </param>
          </params>
          <reporter-output>
          </reporter-output>
        </test-method> <!-- setup -->
        <test-method signature="checkValidAndInvalidLoginTest(java.lang.String,java.lang.String,java.lang.String)[pri:1, instance:testCases.SignInPagetest@245a26e1]" started-at="2024-10-01T16:35:22 CDT" name="checkValidAndInvalidLoginTest" data-provider="LoginData" finished-at="2024-10-01T16:35:23 CDT" duration-ms="1038" status="PASS">
          <params>
            <param index="0">
              <value>
                <![CDATA[ninja]]>
              </value>
            </param>
            <param index="1">
              <value>
                <![CDATA[num]]>
              </value>
            </param>
            <param index="2">
              <value>
                <![CDATA[Invalid]]>
              </value>
            </param>
          </params>
          <reporter-output>
          </reporter-output>
        </test-method> <!-- checkValidAndInvalidLoginTest -->
        <test-method is-config="true" signature="tearDown(org.testng.ITestResult)[pri:0, instance:testCases.SignInPagetest@245a26e1]" started-at="2024-10-01T16:35:23 CDT" name="tearDown" finished-at="2024-10-01T16:35:23 CDT" duration-ms="183" status="PASS">
          <params>
            <param index="0">
              <value>
                <![CDATA[[TestResult name=checkValidAndInvalidLoginTest status=SUCCESS method=SignInPagetest.checkValidAndInvalidLoginTest(java.lang.String,java.lang.String,java.lang.String)[pri:1, instance:testCases.SignInPagetest@245a26e1] output={null}]]]>
              </value>
            </param>
          </params>
          <reporter-output>
          </reporter-output>
        </test-method> <!-- tearDown -->
        <test-method is-config="true" signature="setup(java.lang.String)[pri:0, instance:testCases.SignInPagetest@245a26e1]" started-at="2024-10-01T16:35:23 CDT" name="setup" finished-at="2024-10-01T16:35:24 CDT" duration-ms="1550" status="PASS">
          <params>
            <param index="0">
              <value>
                <![CDATA[chrome]]>
              </value>
            </param>
          </params>
          <reporter-output>
          </reporter-output>
        </test-method> <!-- setup -->
        <test-method signature="checkValidAndInvalidLoginTest(java.lang.String,java.lang.String,java.lang.String)[pri:1, instance:testCases.SignInPagetest@245a26e1]" started-at="2024-10-01T16:35:24 CDT" name="checkValidAndInvalidLoginTest" data-provider="LoginData" finished-at="2024-10-01T16:35:26 CDT" duration-ms="1071" status="PASS">
          <params>
            <param index="0">
              <value>
                <![CDATA[ninjan]]>
              </value>
            </param>
            <param index="1">
              <value>
                <![CDATA[password]]>
              </value>
            </param>
            <param index="2">
              <value>
                <![CDATA[Invalid]]>
              </value>
            </param>
          </params>
          <reporter-output>
          </reporter-output>
        </test-method> <!-- checkValidAndInvalidLoginTest -->
        <test-method is-config="true" signature="tearDown(org.testng.ITestResult)[pri:0, instance:testCases.SignInPagetest@245a26e1]" started-at="2024-10-01T16:35:26 CDT" name="tearDown" finished-at="2024-10-01T16:35:26 CDT" duration-ms="178" status="PASS">
          <params>
            <param index="0">
              <value>
                <![CDATA[[TestResult name=checkValidAndInvalidLoginTest status=SUCCESS method=SignInPagetest.checkValidAndInvalidLoginTest(java.lang.String,java.lang.String,java.lang.String)[pri:1, instance:testCases.SignInPagetest@245a26e1] output={null}]]]>
              </value>
            </param>
          </params>
          <reporter-output>
          </reporter-output>
        </test-method> <!-- tearDown -->
        <test-method is-config="true" signature="setup(java.lang.String)[pri:0, instance:testCases.SignInPagetest@245a26e1]" started-at="2024-10-01T16:35:26 CDT" name="setup" finished-at="2024-10-01T16:35:27 CDT" duration-ms="1669" status="PASS">
          <params>
            <param index="0">
              <value>
                <![CDATA[chrome]]>
              </value>
            </param>
          </params>
          <reporter-output>
          </reporter-output>
        </test-method> <!-- setup -->
        <test-method signature="checkValidAndInvalidLoginTest(java.lang.String,java.lang.String,java.lang.String)[pri:1, instance:testCases.SignInPagetest@245a26e1]" started-at="2024-10-01T16:35:27 CDT" name="checkValidAndInvalidLoginTest" data-provider="LoginData" finished-at="2024-10-01T16:35:28 CDT" duration-ms="1055" status="PASS">
          <params>
            <param index="0">
              <value>
                <![CDATA[userninja]]>
              </value>
            </param>
            <param index="1">
              <value>
                <![CDATA[ninja]]>
              </value>
            </param>
            <param index="2">
              <value>
                <![CDATA[Invalid]]>
              </value>
            </param>
          </params>
          <reporter-output>
          </reporter-output>
        </test-method> <!-- checkValidAndInvalidLoginTest -->
        <test-method is-config="true" signature="tearDown(org.testng.ITestResult)[pri:0, instance:testCases.SignInPagetest@245a26e1]" started-at="2024-10-01T16:35:28 CDT" name="tearDown" finished-at="2024-10-01T16:35:29 CDT" duration-ms="174" status="PASS">
          <params>
            <param index="0">
              <value>
                <![CDATA[[TestResult name=checkValidAndInvalidLoginTest status=SUCCESS method=SignInPagetest.checkValidAndInvalidLoginTest(java.lang.String,java.lang.String,java.lang.String)[pri:1, instance:testCases.SignInPagetest@245a26e1] output={null}]]]>
              </value>
            </param>
          </params>
          <reporter-output>
          </reporter-output>
        </test-method> <!-- tearDown -->
        <test-method is-config="true" signature="setup(java.lang.String)[pri:0, instance:testCases.SignInPagetest@245a26e1]" started-at="2024-10-01T16:35:50 CDT" name="setup" finished-at="2024-10-01T16:35:52 CDT" duration-ms="1403" status="PASS">
          <params>
            <param index="0">
              <value>
                <![CDATA[chrome]]>
              </value>
            </param>
          </params>
          <reporter-output>
          </reporter-output>
        </test-method> <!-- setup -->
        <test-method signature="testLoginWithoutUsername(java.lang.String,java.lang.String)[pri:2, instance:testCases.SignInPagetest@245a26e1]" started-at="2024-10-01T16:35:52 CDT" name="testLoginWithoutUsername" data-provider="EmptyUserOrPwdLoginData" finished-at="2024-10-01T16:35:52 CDT" duration-ms="790" status="PASS">
          <params>
            <param index="0">
              <value>
                <![CDATA[TestPro]]>
              </value>
            </param>
            <param index="1">
              <value>
                <![CDATA[]]>
              </value>
            </param>
          </params>
          <reporter-output>
          </reporter-output>
        </test-method> <!-- testLoginWithoutUsername -->
        <test-method is-config="true" signature="tearDown(org.testng.ITestResult)[pri:0, instance:testCases.SignInPagetest@245a26e1]" started-at="2024-10-01T16:35:52 CDT" name="tearDown" finished-at="2024-10-01T16:35:53 CDT" duration-ms="136" status="PASS">
          <params>
            <param index="0">
              <value>
                <![CDATA[[TestResult name=testLoginWithoutUsername status=SUCCESS method=SignInPagetest.testLoginWithoutUsername(java.lang.String,java.lang.String)[pri:2, instance:testCases.SignInPagetest@245a26e1] output={null}]]]>
              </value>
            </param>
          </params>
          <reporter-output>
          </reporter-output>
        </test-method> <!-- tearDown -->
        <test-method is-config="true" signature="setup(java.lang.String)[pri:0, instance:testCases.SignInPagetest@245a26e1]" started-at="2024-10-01T16:35:53 CDT" name="setup" finished-at="2024-10-01T16:35:54 CDT" duration-ms="1466" status="PASS">
          <params>
            <param index="0">
              <value>
                <![CDATA[chrome]]>
              </value>
            </param>
          </params>
          <reporter-output>
          </reporter-output>
        </test-method> <!-- setup -->
        <test-method signature="testLoginWithoutUsername(java.lang.String,java.lang.String)[pri:2, instance:testCases.SignInPagetest@245a26e1]" started-at="2024-10-01T16:35:54 CDT" name="testLoginWithoutUsername" data-provider="EmptyUserOrPwdLoginData" finished-at="2024-10-01T16:35:55 CDT" duration-ms="762" status="PASS">
          <params>
            <param index="0">
              <value>
                <![CDATA[]]>
              </value>
            </param>
            <param index="1">
              <value>
                <![CDATA[ajm@123$]]>
              </value>
            </param>
          </params>
          <reporter-output>
          </reporter-output>
        </test-method> <!-- testLoginWithoutUsername -->
        <test-method is-config="true" signature="tearDown(org.testng.ITestResult)[pri:0, instance:testCases.SignInPagetest@245a26e1]" started-at="2024-10-01T16:35:55 CDT" name="tearDown" finished-at="2024-10-01T16:35:55 CDT" duration-ms="147" status="PASS">
          <params>
            <param index="0">
              <value>
                <![CDATA[[TestResult name=testLoginWithoutUsername status=SUCCESS method=SignInPagetest.testLoginWithoutUsername(java.lang.String,java.lang.String)[pri:2, instance:testCases.SignInPagetest@245a26e1] output={null}]]]>
              </value>
            </param>
          </params>
          <reporter-output>
          </reporter-output>
        </test-method> <!-- tearDown -->
        <test-method is-config="true" signature="setup(java.lang.String)[pri:0, instance:testCases.SignInPagetest@245a26e1]" started-at="2024-10-01T16:35:55 CDT" name="setup" finished-at="2024-10-01T16:35:56 CDT" duration-ms="1448" status="PASS">
          <params>
            <param index="0">
              <value>
                <![CDATA[chrome]]>
              </value>
            </param>
          </params>
          <reporter-output>
          </reporter-output>
        </test-method> <!-- setup -->
        <test-method signature="testLoginWithoutUsername(java.lang.String,java.lang.String)[pri:2, instance:testCases.SignInPagetest@245a26e1]" started-at="2024-10-01T16:35:56 CDT" name="testLoginWithoutUsername" data-provider="EmptyUserOrPwdLoginData" finished-at="2024-10-01T16:35:57 CDT" duration-ms="823" status="PASS">
          <params>
            <param index="0">
              <value>
                <![CDATA[]]>
              </value>
            </param>
            <param index="1">
              <value>
                <![CDATA[]]>
              </value>
            </param>
          </params>
          <reporter-output>
          </reporter-output>
        </test-method> <!-- testLoginWithoutUsername -->
        <test-method is-config="true" signature="tearDown(org.testng.ITestResult)[pri:0, instance:testCases.SignInPagetest@245a26e1]" started-at="2024-10-01T16:35:57 CDT" name="tearDown" finished-at="2024-10-01T16:35:57 CDT" duration-ms="142" status="PASS">
          <params>
            <param index="0">
              <value>
                <![CDATA[[TestResult name=testLoginWithoutUsername status=SUCCESS method=SignInPagetest.testLoginWithoutUsername(java.lang.String,java.lang.String)[pri:2, instance:testCases.SignInPagetest@245a26e1] output={null}]]]>
              </value>
            </param>
          </params>
          <reporter-output>
          </reporter-output>
        </test-method> <!-- tearDown -->
        <test-method is-config="true" signature="setup(java.lang.String)[pri:0, instance:testCases.SignInPagetest@245a26e1]" started-at="2024-10-01T16:36:24 CDT" name="setup" finished-at="2024-10-01T16:36:26 CDT" duration-ms="1535" status="PASS">
          <params>
            <param index="0">
              <value>
                <![CDATA[chrome]]>
              </value>
            </param>
          </params>
          <reporter-output>
          </reporter-output>
        </test-method> <!-- setup -->
        <test-method signature="checkUsernameDisplayAfterLogin()[pri:3, instance:testCases.SignInPagetest@245a26e1]" started-at="2024-10-01T16:36:26 CDT" name="checkUsernameDisplayAfterLogin" finished-at="2024-10-01T16:36:27 CDT" duration-ms="1314" status="FAIL">
          <exception class="java.lang.AssertionError">
            <message>
              <![CDATA[expected [true] but found [false]]]>
            </message>
            <full-stacktrace>
              <![CDATA[java.lang.AssertionError: expected [true] but found [false]
at org.testng.Assert.fail(Assert.java:111)
at org.testng.Assert.failNotEquals(Assert.java:1578)
at org.testng.Assert.assertTrue(Assert.java:57)
at org.testng.Assert.assertTrue(Assert.java:67)
at testCases.SignInPagetest.checkUsernameDisplayAfterLogin(SignInPagetest.java:96)
at java.base/jdk.internal.reflect.DirectMethodHandleAccessor.invoke(DirectMethodHandleAccessor.java:103)
at java.base/java.lang.reflect.Method.invoke(Method.java:580)
at org.testng.internal.invokers.MethodInvocationHelper.invokeMethod(MethodInvocationHelper.java:141)
at org.testng.internal.invokers.TestInvoker.invokeMethod(TestInvoker.java:686)
at org.testng.internal.invokers.TestInvoker.invokeTestMethod(TestInvoker.java:230)
at org.testng.internal.invokers.MethodRunner.runInSequence(MethodRunner.java:63)
at org.testng.internal.invokers.TestInvoker$MethodInvocationAgent.invoke(TestInvoker.java:992)
at org.testng.internal.invokers.TestInvoker.invokeTestMethods(TestInvoker.java:203)
at org.testng.internal.invokers.TestMethodWorker.invokeTestMethods(TestMethodWorker.java:154)
at org.testng.internal.invokers.TestMethodWorker.run(TestMethodWorker.java:134)
at java.base/java.util.ArrayList.forEach(ArrayList.java:1597)
at org.testng.TestRunner.privateRun(TestRunner.java:739)
at org.testng.TestRunner.run(TestRunner.java:614)
at org.testng.SuiteRunner.runTest(SuiteRunner.java:421)
at org.testng.SuiteRunner.runSequentially(SuiteRunner.java:413)
at org.testng.SuiteRunner.privateRun(SuiteRunner.java:373)
at org.testng.SuiteRunner.run(SuiteRunner.java:312)
at org.testng.SuiteRunnerWorker.runSuite(SuiteRunnerWorker.java:52)
at org.testng.SuiteRunnerWorker.run(SuiteRunnerWorker.java:95)
at org.testng.TestNG.runSuitesSequentially(TestNG.java:1274)
at org.testng.TestNG.runSuitesLocally(TestNG.java:1208)
at org.testng.TestNG.runSuites(TestNG.java:1112)
at org.testng.TestNG.run(TestNG.java:1079)
at org.testng.remote.AbstractRemoteTestNG.run(AbstractRemoteTestNG.java:115)
at org.testng.remote.RemoteTestNG.initAndRun(RemoteTestNG.java:293)
at org.testng.remote.RemoteTestNG.main(RemoteTestNG.java:91)
]]>
            </full-stacktrace>
          </exception> <!-- java.lang.AssertionError -->
          <reporter-output>
          </reporter-output>
        </test-method> <!-- checkUsernameDisplayAfterLogin -->
        <test-method is-config="true" signature="tearDown(org.testng.ITestResult)[pri:0, instance:testCases.SignInPagetest@245a26e1]" started-at="2024-10-01T16:36:27 CDT" name="tearDown" finished-at="2024-10-01T16:36:27 CDT" duration-ms="333" status="PASS">
          <params>
            <param index="0">
              <value>
                <![CDATA[[TestResult name=checkUsernameDisplayAfterLogin status=FAILURE method=SignInPagetest.checkUsernameDisplayAfterLogin()[pri:3, instance:testCases.SignInPagetest@245a26e1] output={null}]]]>
              </value>
            </param>
          </params>
          <reporter-output>
          </reporter-output>
        </test-method> <!-- tearDown -->
        <test-method is-config="true" signature="setup(java.lang.String)[pri:0, instance:testCases.SignInPagetest@245a26e1]" started-at="2024-10-01T16:36:45 CDT" name="setup" finished-at="2024-10-01T16:36:46 CDT" duration-ms="1563" status="PASS">
          <params>
            <param index="0">
              <value>
                <![CDATA[chrome]]>
              </value>
            </param>
          </params>
          <reporter-output>
          </reporter-output>
        </test-method> <!-- setup -->
        <test-method signature="checkMovingToRegisterPageFromLoginPage()[pri:4, instance:testCases.SignInPagetest@245a26e1]" started-at="2024-10-01T16:36:46 CDT" name="checkMovingToRegisterPageFromLoginPage" finished-at="2024-10-01T16:36:47 CDT" duration-ms="752" status="PASS">
          <reporter-output>
          </reporter-output>
        </test-method> <!-- checkMovingToRegisterPageFromLoginPage -->
        <test-method is-config="true" signature="tearDown(org.testng.ITestResult)[pri:0, instance:testCases.SignInPagetest@245a26e1]" started-at="2024-10-01T16:36:47 CDT" name="tearDown" finished-at="2024-10-01T16:36:47 CDT" duration-ms="147" status="PASS">
          <params>
            <param index="0">
              <value>
                <![CDATA[[TestResult name=checkMovingToRegisterPageFromLoginPage status=SUCCESS method=SignInPagetest.checkMovingToRegisterPageFromLoginPage()[pri:4, instance:testCases.SignInPagetest@245a26e1] output={null}]]]>
              </value>
            </param>
          </params>
          <reporter-output>
          </reporter-output>
        </test-method> <!-- tearDown -->
      </class> <!-- testCases.SignInPagetest -->
      <class name="testCases.DS_IntroductionTests">
        <test-method signature="DS_PythonEditor_InValidCodes()[pri:0, instance:testCases.DS_IntroductionTests@5b800468]" started-at="2024-10-01T16:35:10 CDT" name="DS_PythonEditor_InValidCodes" finished-at="2024-10-01T16:35:10 CDT" duration-ms="93" status="FAIL">
          <exception class="java.lang.NullPointerException">
            <message>
              <![CDATA[Cannot invoke "org.openqa.selenium.SearchContext.findElement(org.openqa.selenium.By)" because "this.searchContext" is null]]>
            </message>
            <full-stacktrace>
              <![CDATA[java.lang.NullPointerException: Cannot invoke "org.openqa.selenium.SearchContext.findElement(org.openqa.selenium.By)" because "this.searchContext" is null
at org.openqa.selenium.support.pagefactory.DefaultElementLocator.findElement(DefaultElementLocator.java:68)
at org.openqa.selenium.support.pagefactory.internal.LocatingElementHandler.invoke(LocatingElementHandler.java:38)
at jdk.proxy2/jdk.proxy2.$Proxy22.click(Unknown Source)
at pageObject.GetStartedPage.clickGetStartedSP(GetStartedPage.java:25)
at pageObject.HomePage.Login_HomePage(HomePage.java:120)
at testCases.DS_IntroductionTests.DS_PythonEditor_InValidCodes(DS_IntroductionTests.java:100)
at java.base/jdk.internal.reflect.DirectMethodHandleAccessor.invoke(DirectMethodHandleAccessor.java:103)
at java.base/java.lang.reflect.Method.invoke(Method.java:580)
at org.testng.internal.invokers.MethodInvocationHelper.invokeMethod(MethodInvocationHelper.java:141)
at org.testng.internal.invokers.TestInvoker.invokeMethod(TestInvoker.java:686)
at org.testng.internal.invokers.TestInvoker.invokeTestMethod(TestInvoker.java:230)
at org.testng.internal.invokers.MethodRunner.runInSequence(MethodRunner.java:63)
at org.testng.internal.invokers.TestInvoker$MethodInvocationAgent.invoke(TestInvoker.java:992)
at org.testng.internal.invokers.TestInvoker.invokeTestMethods(TestInvoker.java:203)
at org.testng.internal.invokers.TestMethodWorker.invokeTestMethods(TestMethodWorker.java:154)
at org.testng.internal.invokers.TestMethodWorker.run(TestMethodWorker.java:134)
at java.base/java.util.ArrayList.forEach(ArrayList.java:1597)
at org.testng.TestRunner.privateRun(TestRunner.java:739)
at org.testng.TestRunner.run(TestRunner.java:614)
at org.testng.SuiteRunner.runTest(SuiteRunner.java:421)
at org.testng.SuiteRunner.runSequentially(SuiteRunner.java:413)
at org.testng.SuiteRunner.privateRun(SuiteRunner.java:373)
at org.testng.SuiteRunner.run(SuiteRunner.java:312)
at org.testng.SuiteRunnerWorker.runSuite(SuiteRunnerWorker.java:52)
at org.testng.SuiteRunnerWorker.run(SuiteRunnerWorker.java:95)
at org.testng.TestNG.runSuitesSequentially(TestNG.java:1274)
at org.testng.TestNG.runSuitesLocally(TestNG.java:1208)
at org.testng.TestNG.runSuites(TestNG.java:1112)
at org.testng.TestNG.run(TestNG.java:1079)
at org.testng.remote.AbstractRemoteTestNG.run(AbstractRemoteTestNG.java:115)
at org.testng.remote.RemoteTestNG.initAndRun(RemoteTestNG.java:293)
at org.testng.remote.RemoteTestNG.main(RemoteTestNG.java:91)
]]>
            </full-stacktrace>
          </exception> <!-- java.lang.NullPointerException -->
          <reporter-output>
          </reporter-output>
        </test-method> <!-- DS_PythonEditor_InValidCodes -->
        <test-method signature="DS_PythonEditor_WithoutCodes()[pri:0, instance:testCases.DS_IntroductionTests@5b800468]" started-at="2024-10-01T16:35:10 CDT" name="DS_PythonEditor_WithoutCodes" finished-at="2024-10-01T16:35:10 CDT" duration-ms="12" status="FAIL">
          <exception class="java.lang.NullPointerException">
            <message>
              <![CDATA[Cannot invoke "org.openqa.selenium.SearchContext.findElement(org.openqa.selenium.By)" because "this.searchContext" is null]]>
            </message>
            <full-stacktrace>
              <![CDATA[java.lang.NullPointerException: Cannot invoke "org.openqa.selenium.SearchContext.findElement(org.openqa.selenium.By)" because "this.searchContext" is null
at org.openqa.selenium.support.pagefactory.DefaultElementLocator.findElement(DefaultElementLocator.java:68)
at org.openqa.selenium.support.pagefactory.internal.LocatingElementHandler.invoke(LocatingElementHandler.java:38)
at jdk.proxy2/jdk.proxy2.$Proxy22.click(Unknown Source)
at pageObject.GetStartedPage.clickGetStartedSP(GetStartedPage.java:25)
at pageObject.HomePage.Login_HomePage(HomePage.java:120)
at testCases.DS_IntroductionTests.DS_PythonEditor_WithoutCodes(DS_IntroductionTests.java:130)
at java.base/jdk.internal.reflect.DirectMethodHandleAccessor.invoke(DirectMethodHandleAccessor.java:103)
at java.base/java.lang.reflect.Method.invoke(Method.java:580)
at org.testng.internal.invokers.MethodInvocationHelper.invokeMethod(MethodInvocationHelper.java:141)
at org.testng.internal.invokers.TestInvoker.invokeMethod(TestInvoker.java:686)
at org.testng.internal.invokers.TestInvoker.invokeTestMethod(TestInvoker.java:230)
at org.testng.internal.invokers.MethodRunner.runInSequence(MethodRunner.java:63)
at org.testng.internal.invokers.TestInvoker$MethodInvocationAgent.invoke(TestInvoker.java:992)
at org.testng.internal.invokers.TestInvoker.invokeTestMethods(TestInvoker.java:203)
at org.testng.internal.invokers.TestMethodWorker.invokeTestMethods(TestMethodWorker.java:154)
at org.testng.internal.invokers.TestMethodWorker.run(TestMethodWorker.java:134)
at java.base/java.util.ArrayList.forEach(ArrayList.java:1597)
at org.testng.TestRunner.privateRun(TestRunner.java:739)
at org.testng.TestRunner.run(TestRunner.java:614)
at org.testng.SuiteRunner.runTest(SuiteRunner.java:421)
at org.testng.SuiteRunner.runSequentially(SuiteRunner.java:413)
at org.testng.SuiteRunner.privateRun(SuiteRunner.java:373)
at org.testng.SuiteRunner.run(SuiteRunner.java:312)
at org.testng.SuiteRunnerWorker.runSuite(SuiteRunnerWorker.java:52)
at org.testng.SuiteRunnerWorker.run(SuiteRunnerWorker.java:95)
at org.testng.TestNG.runSuitesSequentially(TestNG.java:1274)
at org.testng.TestNG.runSuitesLocally(TestNG.java:1208)
at org.testng.TestNG.runSuites(TestNG.java:1112)
at org.testng.TestNG.run(TestNG.java:1079)
at org.testng.remote.AbstractRemoteTestNG.run(AbstractRemoteTestNG.java:115)
at org.testng.remote.RemoteTestNG.initAndRun(RemoteTestNG.java:293)
at org.testng.remote.RemoteTestNG.main(RemoteTestNG.java:91)
]]>
            </full-stacktrace>
          </exception> <!-- java.lang.NullPointerException -->
          <reporter-output>
          </reporter-output>
        </test-method> <!-- DS_PythonEditor_WithoutCodes -->
        <test-method signature="DS_TimeComplexity_SignOutBtn()[pri:0, instance:testCases.DS_IntroductionTests@5b800468]" started-at="2024-10-01T16:35:10 CDT" name="DS_TimeComplexity_SignOutBtn" finished-at="2024-10-01T16:35:10 CDT" duration-ms="6" status="FAIL">
          <exception class="java.lang.NullPointerException">
            <message>
              <![CDATA[Cannot invoke "org.openqa.selenium.SearchContext.findElement(org.openqa.selenium.By)" because "this.searchContext" is null]]>
            </message>
            <full-stacktrace>
              <![CDATA[java.lang.NullPointerException: Cannot invoke "org.openqa.selenium.SearchContext.findElement(org.openqa.selenium.By)" because "this.searchContext" is null
at org.openqa.selenium.support.pagefactory.DefaultElementLocator.findElement(DefaultElementLocator.java:68)
at org.openqa.selenium.support.pagefactory.internal.LocatingElementHandler.invoke(LocatingElementHandler.java:38)
at jdk.proxy2/jdk.proxy2.$Proxy22.click(Unknown Source)
at pageObject.GetStartedPage.clickGetStartedSP(GetStartedPage.java:25)
at pageObject.HomePage.Login_HomePage(HomePage.java:120)
at testCases.DS_IntroductionTests.DS_TimeComplexity_SignOutBtn(DS_IntroductionTests.java:115)
at java.base/jdk.internal.reflect.DirectMethodHandleAccessor.invoke(DirectMethodHandleAccessor.java:103)
at java.base/java.lang.reflect.Method.invoke(Method.java:580)
at org.testng.internal.invokers.MethodInvocationHelper.invokeMethod(MethodInvocationHelper.java:141)
at org.testng.internal.invokers.TestInvoker.invokeMethod(TestInvoker.java:686)
at org.testng.internal.invokers.TestInvoker.invokeTestMethod(TestInvoker.java:230)
at org.testng.internal.invokers.MethodRunner.runInSequence(MethodRunner.java:63)
at org.testng.internal.invokers.TestInvoker$MethodInvocationAgent.invoke(TestInvoker.java:992)
at org.testng.internal.invokers.TestInvoker.invokeTestMethods(TestInvoker.java:203)
at org.testng.internal.invokers.TestMethodWorker.invokeTestMethods(TestMethodWorker.java:154)
at org.testng.internal.invokers.TestMethodWorker.run(TestMethodWorker.java:134)
at java.base/java.util.ArrayList.forEach(ArrayList.java:1597)
at org.testng.TestRunner.privateRun(TestRunner.java:739)
at org.testng.TestRunner.run(TestRunner.java:614)
at org.testng.SuiteRunner.runTest(SuiteRunner.java:421)
at org.testng.SuiteRunner.runSequentially(SuiteRunner.java:413)
at org.testng.SuiteRunner.privateRun(SuiteRunner.java:373)
at org.testng.SuiteRunner.run(SuiteRunner.java:312)
at org.testng.SuiteRunnerWorker.runSuite(SuiteRunnerWorker.java:52)
at org.testng.SuiteRunnerWorker.run(SuiteRunnerWorker.java:95)
at org.testng.TestNG.runSuitesSequentially(TestNG.java:1274)
at org.testng.TestNG.runSuitesLocally(TestNG.java:1208)
at org.testng.TestNG.runSuites(TestNG.java:1112)
at org.testng.TestNG.run(TestNG.java:1079)
at org.testng.remote.AbstractRemoteTestNG.run(AbstractRemoteTestNG.java:115)
at org.testng.remote.RemoteTestNG.initAndRun(RemoteTestNG.java:293)
at org.testng.remote.RemoteTestNG.main(RemoteTestNG.java:91)
]]>
            </full-stacktrace>
          </exception> <!-- java.lang.NullPointerException -->
          <reporter-output>
          </reporter-output>
        </test-method> <!-- DS_TimeComplexity_SignOutBtn -->
        <test-method signature="Test_DS_TimeComplexityLink()[pri:0, instance:testCases.DS_IntroductionTests@5b800468]" started-at="2024-10-01T16:35:10 CDT" name="Test_DS_TimeComplexityLink" finished-at="2024-10-01T16:35:10 CDT" duration-ms="4" status="FAIL">
          <exception class="java.lang.NullPointerException">
            <message>
              <![CDATA[Cannot invoke "org.openqa.selenium.SearchContext.findElement(org.openqa.selenium.By)" because "this.searchContext" is null]]>
            </message>
            <full-stacktrace>
              <![CDATA[java.lang.NullPointerException: Cannot invoke "org.openqa.selenium.SearchContext.findElement(org.openqa.selenium.By)" because "this.searchContext" is null
at org.openqa.selenium.support.pagefactory.DefaultElementLocator.findElement(DefaultElementLocator.java:68)
at org.openqa.selenium.support.pagefactory.internal.LocatingElementHandler.invoke(LocatingElementHandler.java:38)
at jdk.proxy2/jdk.proxy2.$Proxy22.click(Unknown Source)
at pageObject.GetStartedPage.clickGetStartedSP(GetStartedPage.java:25)
at pageObject.HomePage.Login_HomePage(HomePage.java:120)
at testCases.DS_IntroductionTests.Test_DS_TimeComplexityLink(DS_IntroductionTests.java:18)
at java.base/jdk.internal.reflect.DirectMethodHandleAccessor.invoke(DirectMethodHandleAccessor.java:103)
at java.base/java.lang.reflect.Method.invoke(Method.java:580)
at org.testng.internal.invokers.MethodInvocationHelper.invokeMethod(MethodInvocationHelper.java:141)
at org.testng.internal.invokers.TestInvoker.invokeMethod(TestInvoker.java:686)
at org.testng.internal.invokers.TestInvoker.invokeTestMethod(TestInvoker.java:230)
at org.testng.internal.invokers.MethodRunner.runInSequence(MethodRunner.java:63)
at org.testng.internal.invokers.TestInvoker$MethodInvocationAgent.invoke(TestInvoker.java:992)
at org.testng.internal.invokers.TestInvoker.invokeTestMethods(TestInvoker.java:203)
at org.testng.internal.invokers.TestMethodWorker.invokeTestMethods(TestMethodWorker.java:154)
at org.testng.internal.invokers.TestMethodWorker.run(TestMethodWorker.java:134)
at java.base/java.util.ArrayList.forEach(ArrayList.java:1597)
at org.testng.TestRunner.privateRun(TestRunner.java:739)
at org.testng.TestRunner.run(TestRunner.java:614)
at org.testng.SuiteRunner.runTest(SuiteRunner.java:421)
at org.testng.SuiteRunner.runSequentially(SuiteRunner.java:413)
at org.testng.SuiteRunner.privateRun(SuiteRunner.java:373)
at org.testng.SuiteRunner.run(SuiteRunner.java:312)
at org.testng.SuiteRunnerWorker.runSuite(SuiteRunnerWorker.java:52)
at org.testng.SuiteRunnerWorker.run(SuiteRunnerWorker.java:95)
at org.testng.TestNG.runSuitesSequentially(TestNG.java:1274)
at org.testng.TestNG.runSuitesLocally(TestNG.java:1208)
at org.testng.TestNG.runSuites(TestNG.java:1112)
at org.testng.TestNG.run(TestNG.java:1079)
at org.testng.remote.AbstractRemoteTestNG.run(AbstractRemoteTestNG.java:115)
at org.testng.remote.RemoteTestNG.initAndRun(RemoteTestNG.java:293)
at org.testng.remote.RemoteTestNG.main(RemoteTestNG.java:91)
]]>
            </full-stacktrace>
          </exception> <!-- java.lang.NullPointerException -->
          <reporter-output>
          </reporter-output>
        </test-method> <!-- Test_DS_TimeComplexityLink -->
        <test-method signature="Test_LeftPanel_TimeComplexity()[pri:0, instance:testCases.DS_IntroductionTests@5b800468]" started-at="2024-10-01T16:35:10 CDT" name="Test_LeftPanel_TimeComplexity" finished-at="2024-10-01T16:35:10 CDT" duration-ms="4" status="FAIL">
          <exception class="java.lang.NullPointerException">
            <message>
              <![CDATA[Cannot invoke "org.openqa.selenium.SearchContext.findElement(org.openqa.selenium.By)" because "this.searchContext" is null]]>
            </message>
            <full-stacktrace>
              <![CDATA[java.lang.NullPointerException: Cannot invoke "org.openqa.selenium.SearchContext.findElement(org.openqa.selenium.By)" because "this.searchContext" is null
at org.openqa.selenium.support.pagefactory.DefaultElementLocator.findElement(DefaultElementLocator.java:68)
at org.openqa.selenium.support.pagefactory.internal.LocatingElementHandler.invoke(LocatingElementHandler.java:38)
at jdk.proxy2/jdk.proxy2.$Proxy22.click(Unknown Source)
at pageObject.GetStartedPage.clickGetStartedSP(GetStartedPage.java:25)
at pageObject.HomePage.Login_HomePage(HomePage.java:120)
at testCases.DS_IntroductionTests.Test_LeftPanel_TimeComplexity(DS_IntroductionTests.java:50)
at java.base/jdk.internal.reflect.DirectMethodHandleAccessor.invoke(DirectMethodHandleAccessor.java:103)
at java.base/java.lang.reflect.Method.invoke(Method.java:580)
at org.testng.internal.invokers.MethodInvocationHelper.invokeMethod(MethodInvocationHelper.java:141)
at org.testng.internal.invokers.TestInvoker.invokeMethod(TestInvoker.java:686)
at org.testng.internal.invokers.TestInvoker.invokeTestMethod(TestInvoker.java:230)
at org.testng.internal.invokers.MethodRunner.runInSequence(MethodRunner.java:63)
at org.testng.internal.invokers.TestInvoker$MethodInvocationAgent.invoke(TestInvoker.java:992)
at org.testng.internal.invokers.TestInvoker.invokeTestMethods(TestInvoker.java:203)
at org.testng.internal.invokers.TestMethodWorker.invokeTestMethods(TestMethodWorker.java:154)
at org.testng.internal.invokers.TestMethodWorker.run(TestMethodWorker.java:134)
at java.base/java.util.ArrayList.forEach(ArrayList.java:1597)
at org.testng.TestRunner.privateRun(TestRunner.java:739)
at org.testng.TestRunner.run(TestRunner.java:614)
at org.testng.SuiteRunner.runTest(SuiteRunner.java:421)
at org.testng.SuiteRunner.runSequentially(SuiteRunner.java:413)
at org.testng.SuiteRunner.privateRun(SuiteRunner.java:373)
at org.testng.SuiteRunner.run(SuiteRunner.java:312)
at org.testng.SuiteRunnerWorker.runSuite(SuiteRunnerWorker.java:52)
at org.testng.SuiteRunnerWorker.run(SuiteRunnerWorker.java:95)
at org.testng.TestNG.runSuitesSequentially(TestNG.java:1274)
at org.testng.TestNG.runSuitesLocally(TestNG.java:1208)
at org.testng.TestNG.runSuites(TestNG.java:1112)
at org.testng.TestNG.run(TestNG.java:1079)
at org.testng.remote.AbstractRemoteTestNG.run(AbstractRemoteTestNG.java:115)
at org.testng.remote.RemoteTestNG.initAndRun(RemoteTestNG.java:293)
at org.testng.remote.RemoteTestNG.main(RemoteTestNG.java:91)
]]>
            </full-stacktrace>
          </exception> <!-- java.lang.NullPointerException -->
          <reporter-output>
          </reporter-output>
        </test-method> <!-- Test_LeftPanel_TimeComplexity -->
        <test-method signature="Test_DS_TimeComplexity_Practice_Questions_link()[pri:1, instance:testCases.DS_IntroductionTests@5b800468]" started-at="2024-10-01T16:35:48 CDT" name="Test_DS_TimeComplexity_Practice_Questions_link" finished-at="2024-10-01T16:35:48 CDT" duration-ms="12" status="FAIL">
          <exception class="org.openqa.selenium.NoSuchSessionException">
            <message>
              <![CDATA[Session ID is null. Using WebDriver after calling quit()?
Build info: version: '4.20.0', revision: '866c76ca80'
System info: os.name: 'Windows 11', os.arch: 'amd64', os.version: '10.0', java.version: '22'
Driver info: org.openqa.selenium.chrome.ChromeDriver
Command: [null, findElement {value=//button[normalize-space()='Get Started'], using=xpath}]
Capabilities {acceptInsecureCerts: false, browserName: chrome, browserVersion: 129.0.6668.60, chrome: {chromedriverVersion: 129.0.6668.70 (df87d5cf12b1..., userDataDir: C:\Users\rushi\AppData\Loca...}, fedcm:accounts: true, goog:chromeOptions: {debuggerAddress: localhost:57981}, networkConnectionEnabled: false, pageLoadStrategy: normal, platformName: windows, proxy: Proxy(), se:cdp: ws://localhost:57981/devtoo..., se:cdpVersion: 129.0.6668.60, setWindowRect: true, strictFileInteractability: false, timeouts: {implicit: 0, pageLoad: 300000, script: 30000}, unhandledPromptBehavior: dismiss and notify, webauthn:extension:credBlob: true, webauthn:extension:largeBlob: true, webauthn:extension:minPinLength: true, webauthn:extension:prf: true, webauthn:virtualAuthenticators: true}]]>
            </message>
            <full-stacktrace>
              <![CDATA[org.openqa.selenium.NoSuchSessionException: Session ID is null. Using WebDriver after calling quit()?
Build info: version: '4.20.0', revision: '866c76ca80'
System info: os.name: 'Windows 11', os.arch: 'amd64', os.version: '10.0', java.version: '22'
Driver info: org.openqa.selenium.chrome.ChromeDriver
Command: [null, findElement {value=//button[normalize-space()='Get Started'], using=xpath}]
Capabilities {acceptInsecureCerts: false, browserName: chrome, browserVersion: 129.0.6668.60, chrome: {chromedriverVersion: 129.0.6668.70 (df87d5cf12b1..., userDataDir: C:\Users\rushi\AppData\Loca...}, fedcm:accounts: true, goog:chromeOptions: {debuggerAddress: localhost:57981}, networkConnectionEnabled: false, pageLoadStrategy: normal, platformName: windows, proxy: Proxy(), se:cdp: ws://localhost:57981/devtoo..., se:cdpVersion: 129.0.6668.60, setWindowRect: true, strictFileInteractability: false, timeouts: {implicit: 0, pageLoad: 300000, script: 30000}, unhandledPromptBehavior: dismiss and notify, webauthn:extension:credBlob: true, webauthn:extension:largeBlob: true, webauthn:extension:minPinLength: true, webauthn:extension:prf: true, webauthn:virtualAuthenticators: true}
at org.openqa.selenium.remote.HttpCommandExecutor.execute(HttpCommandExecutor.java:151)
at org.openqa.selenium.remote.service.DriverCommandExecutor.invokeExecute(DriverCommandExecutor.java:216)
at org.openqa.selenium.remote.service.DriverCommandExecutor.execute(DriverCommandExecutor.java:174)
at org.openqa.selenium.remote.RemoteWebDriver.execute(RemoteWebDriver.java:518)
at org.openqa.selenium.remote.ElementLocation$ElementFinder$2.findElement(ElementLocation.java:165)
at org.openqa.selenium.remote.ElementLocation.findElement(ElementLocation.java:59)
at org.openqa.selenium.remote.RemoteWebDriver.findElement(RemoteWebDriver.java:355)
at org.openqa.selenium.remote.RemoteWebDriver.findElement(RemoteWebDriver.java:349)
at java.base/jdk.internal.reflect.DirectMethodHandleAccessor.invoke(DirectMethodHandleAccessor.java:103)
at java.base/java.lang.reflect.Method.invoke(Method.java:580)
at org.openqa.selenium.support.ThreadGuard$WebDriverInvocationHandler.invokeUnderlying(ThreadGuard.java:99)
at org.openqa.selenium.support.ThreadGuard$WebDriverInvocationHandler.invoke(ThreadGuard.java:91)
at jdk.proxy2/jdk.proxy2.$Proxy25.findElement(Unknown Source)
at org.openqa.selenium.support.pagefactory.DefaultElementLocator.findElement(DefaultElementLocator.java:68)
at org.openqa.selenium.support.pagefactory.internal.LocatingElementHandler.invoke(LocatingElementHandler.java:38)
at jdk.proxy2/jdk.proxy2.$Proxy22.click(Unknown Source)
at pageObject.GetStartedPage.clickGetStartedSP(GetStartedPage.java:25)
at pageObject.HomePage.Login_HomePage(HomePage.java:120)
at testCases.DS_IntroductionTests.Test_DS_TimeComplexity_Practice_Questions_link(DS_IntroductionTests.java:34)
at java.base/jdk.internal.reflect.DirectMethodHandleAccessor.invoke(DirectMethodHandleAccessor.java:103)
at java.base/java.lang.reflect.Method.invoke(Method.java:580)
at org.testng.internal.invokers.MethodInvocationHelper.invokeMethod(MethodInvocationHelper.java:141)
at org.testng.internal.invokers.TestInvoker.invokeMethod(TestInvoker.java:686)
at org.testng.internal.invokers.TestInvoker.invokeTestMethod(TestInvoker.java:230)
at org.testng.internal.invokers.MethodRunner.runInSequence(MethodRunner.java:63)
at org.testng.internal.invokers.TestInvoker$MethodInvocationAgent.invoke(TestInvoker.java:992)
at org.testng.internal.invokers.TestInvoker.invokeTestMethods(TestInvoker.java:203)
at org.testng.internal.invokers.TestMethodWorker.invokeTestMethods(TestMethodWorker.java:154)
at org.testng.internal.invokers.TestMethodWorker.run(TestMethodWorker.java:134)
at java.base/java.util.ArrayList.forEach(ArrayList.java:1597)
at org.testng.TestRunner.privateRun(TestRunner.java:739)
at org.testng.TestRunner.run(TestRunner.java:614)
at org.testng.SuiteRunner.runTest(SuiteRunner.java:421)
at org.testng.SuiteRunner.runSequentially(SuiteRunner.java:413)
at org.testng.SuiteRunner.privateRun(SuiteRunner.java:373)
at org.testng.SuiteRunner.run(SuiteRunner.java:312)
at org.testng.SuiteRunnerWorker.runSuite(SuiteRunnerWorker.java:52)
at org.testng.SuiteRunnerWorker.run(SuiteRunnerWorker.java:95)
at org.testng.TestNG.runSuitesSequentially(TestNG.java:1274)
at org.testng.TestNG.runSuitesLocally(TestNG.java:1208)
at org.testng.TestNG.runSuites(TestNG.java:1112)
at org.testng.TestNG.run(TestNG.java:1079)
at org.testng.remote.AbstractRemoteTestNG.run(AbstractRemoteTestNG.java:115)
at org.testng.remote.RemoteTestNG.initAndRun(RemoteTestNG.java:293)
at org.testng.remote.RemoteTestNG.main(RemoteTestNG.java:91)
]]>
            </full-stacktrace>
          </exception> <!-- org.openqa.selenium.NoSuchSessionException -->
          <reporter-output>
          </reporter-output>
        </test-method> <!-- Test_DS_TimeComplexity_Practice_Questions_link -->
        <test-method signature="Test_DS_TryHere()[pri:3, instance:testCases.DS_IntroductionTests@5b800468]" started-at="2024-10-01T16:36:45 CDT" name="Test_DS_TryHere" finished-at="2024-10-01T16:36:45 CDT" duration-ms="4" status="FAIL">
          <exception class="org.openqa.selenium.NoSuchSessionException">
            <message>
              <![CDATA[Session ID is null. Using WebDriver after calling quit()?
Build info: version: '4.20.0', revision: '866c76ca80'
System info: os.name: 'Windows 11', os.arch: 'amd64', os.version: '10.0', java.version: '22'
Driver info: org.openqa.selenium.chrome.ChromeDriver
Command: [null, findElement {value=//button[normalize-space()='Get Started'], using=xpath}]
Capabilities {acceptInsecureCerts: false, browserName: chrome, browserVersion: 129.0.6668.60, chrome: {chromedriverVersion: 129.0.6668.70 (df87d5cf12b1..., userDataDir: C:\Users\rushi\AppData\Loca...}, fedcm:accounts: true, goog:chromeOptions: {debuggerAddress: localhost:58447}, networkConnectionEnabled: false, pageLoadStrategy: normal, platformName: windows, proxy: Proxy(), se:cdp: ws://localhost:58447/devtoo..., se:cdpVersion: 129.0.6668.60, setWindowRect: true, strictFileInteractability: false, timeouts: {implicit: 0, pageLoad: 300000, script: 30000}, unhandledPromptBehavior: dismiss and notify, webauthn:extension:credBlob: true, webauthn:extension:largeBlob: true, webauthn:extension:minPinLength: true, webauthn:extension:prf: true, webauthn:virtualAuthenticators: true}]]>
            </message>
            <full-stacktrace>
              <![CDATA[org.openqa.selenium.NoSuchSessionException: Session ID is null. Using WebDriver after calling quit()?
Build info: version: '4.20.0', revision: '866c76ca80'
System info: os.name: 'Windows 11', os.arch: 'amd64', os.version: '10.0', java.version: '22'
Driver info: org.openqa.selenium.chrome.ChromeDriver
Command: [null, findElement {value=//button[normalize-space()='Get Started'], using=xpath}]
Capabilities {acceptInsecureCerts: false, browserName: chrome, browserVersion: 129.0.6668.60, chrome: {chromedriverVersion: 129.0.6668.70 (df87d5cf12b1..., userDataDir: C:\Users\rushi\AppData\Loca...}, fedcm:accounts: true, goog:chromeOptions: {debuggerAddress: localhost:58447}, networkConnectionEnabled: false, pageLoadStrategy: normal, platformName: windows, proxy: Proxy(), se:cdp: ws://localhost:58447/devtoo..., se:cdpVersion: 129.0.6668.60, setWindowRect: true, strictFileInteractability: false, timeouts: {implicit: 0, pageLoad: 300000, script: 30000}, unhandledPromptBehavior: dismiss and notify, webauthn:extension:credBlob: true, webauthn:extension:largeBlob: true, webauthn:extension:minPinLength: true, webauthn:extension:prf: true, webauthn:virtualAuthenticators: true}
at org.openqa.selenium.remote.HttpCommandExecutor.execute(HttpCommandExecutor.java:151)
at org.openqa.selenium.remote.service.DriverCommandExecutor.invokeExecute(DriverCommandExecutor.java:216)
at org.openqa.selenium.remote.service.DriverCommandExecutor.execute(DriverCommandExecutor.java:174)
at org.openqa.selenium.remote.RemoteWebDriver.execute(RemoteWebDriver.java:518)
at org.openqa.selenium.remote.ElementLocation$ElementFinder$2.findElement(ElementLocation.java:165)
at org.openqa.selenium.remote.ElementLocation.findElement(ElementLocation.java:59)
at org.openqa.selenium.remote.RemoteWebDriver.findElement(RemoteWebDriver.java:355)
at org.openqa.selenium.remote.RemoteWebDriver.findElement(RemoteWebDriver.java:349)
at java.base/jdk.internal.reflect.DirectMethodHandleAccessor.invoke(DirectMethodHandleAccessor.java:103)
at java.base/java.lang.reflect.Method.invoke(Method.java:580)
at org.openqa.selenium.support.ThreadGuard$WebDriverInvocationHandler.invokeUnderlying(ThreadGuard.java:99)
at org.openqa.selenium.support.ThreadGuard$WebDriverInvocationHandler.invoke(ThreadGuard.java:91)
at jdk.proxy2/jdk.proxy2.$Proxy25.findElement(Unknown Source)
at org.openqa.selenium.support.pagefactory.DefaultElementLocator.findElement(DefaultElementLocator.java:68)
at org.openqa.selenium.support.pagefactory.internal.LocatingElementHandler.invoke(LocatingElementHandler.java:38)
at jdk.proxy2/jdk.proxy2.$Proxy22.click(Unknown Source)
at pageObject.GetStartedPage.clickGetStartedSP(GetStartedPage.java:25)
at pageObject.HomePage.Login_HomePage(HomePage.java:120)
at testCases.DS_IntroductionTests.Test_DS_TryHere(DS_IntroductionTests.java:64)
at java.base/jdk.internal.reflect.DirectMethodHandleAccessor.invoke(DirectMethodHandleAccessor.java:103)
at java.base/java.lang.reflect.Method.invoke(Method.java:580)
at org.testng.internal.invokers.MethodInvocationHelper.invokeMethod(MethodInvocationHelper.java:141)
at org.testng.internal.invokers.TestInvoker.invokeMethod(TestInvoker.java:686)
at org.testng.internal.invokers.TestInvoker.invokeTestMethod(TestInvoker.java:230)
at org.testng.internal.invokers.MethodRunner.runInSequence(MethodRunner.java:63)
at org.testng.internal.invokers.TestInvoker$MethodInvocationAgent.invoke(TestInvoker.java:992)
at org.testng.internal.invokers.TestInvoker.invokeTestMethods(TestInvoker.java:203)
at org.testng.internal.invokers.TestMethodWorker.invokeTestMethods(TestMethodWorker.java:154)
at org.testng.internal.invokers.TestMethodWorker.run(TestMethodWorker.java:134)
at java.base/java.util.ArrayList.forEach(ArrayList.java:1597)
at org.testng.TestRunner.privateRun(TestRunner.java:739)
at org.testng.TestRunner.run(TestRunner.java:614)
at org.testng.SuiteRunner.runTest(SuiteRunner.java:421)
at org.testng.SuiteRunner.runSequentially(SuiteRunner.java:413)
at org.testng.SuiteRunner.privateRun(SuiteRunner.java:373)
at org.testng.SuiteRunner.run(SuiteRunner.java:312)
at org.testng.SuiteRunnerWorker.runSuite(SuiteRunnerWorker.java:52)
at org.testng.SuiteRunnerWorker.run(SuiteRunnerWorker.java:95)
at org.testng.TestNG.runSuitesSequentially(TestNG.java:1274)
at org.testng.TestNG.runSuitesLocally(TestNG.java:1208)
at org.testng.TestNG.runSuites(TestNG.java:1112)
at org.testng.TestNG.run(TestNG.java:1079)
at org.testng.remote.AbstractRemoteTestNG.run(AbstractRemoteTestNG.java:115)
at org.testng.remote.RemoteTestNG.initAndRun(RemoteTestNG.java:293)
at org.testng.remote.RemoteTestNG.main(RemoteTestNG.java:91)
]]>
            </full-stacktrace>
          </exception> <!-- org.openqa.selenium.NoSuchSessionException -->
          <reporter-output>
          </reporter-output>
        </test-method> <!-- Test_DS_TryHere -->
        <test-method signature="DS_PythonEditor_ValidCodes()[pri:4, instance:testCases.DS_IntroductionTests@5b800468]" started-at="2024-10-01T16:37:11 CDT" name="DS_PythonEditor_ValidCodes" finished-at="2024-10-01T16:37:11 CDT" duration-ms="2" status="FAIL">
          <exception class="org.openqa.selenium.NoSuchSessionException">
            <message>
              <![CDATA[Session ID is null. Using WebDriver after calling quit()?
Build info: version: '4.20.0', revision: '866c76ca80'
System info: os.name: 'Windows 11', os.arch: 'amd64', os.version: '10.0', java.version: '22'
Driver info: org.openqa.selenium.chrome.ChromeDriver
Command: [null, findElement {value=//button[normalize-space()='Get Started'], using=xpath}]
Capabilities {acceptInsecureCerts: false, browserName: chrome, browserVersion: 129.0.6668.60, chrome: {chromedriverVersion: 129.0.6668.70 (df87d5cf12b1..., userDataDir: C:\Users\rushi\AppData\Loca...}, fedcm:accounts: true, goog:chromeOptions: {debuggerAddress: localhost:58639}, networkConnectionEnabled: false, pageLoadStrategy: normal, platformName: windows, proxy: Proxy(), se:cdp: ws://localhost:58639/devtoo..., se:cdpVersion: 129.0.6668.60, setWindowRect: true, strictFileInteractability: false, timeouts: {implicit: 0, pageLoad: 300000, script: 30000}, unhandledPromptBehavior: dismiss and notify, webauthn:extension:credBlob: true, webauthn:extension:largeBlob: true, webauthn:extension:minPinLength: true, webauthn:extension:prf: true, webauthn:virtualAuthenticators: true}]]>
            </message>
            <full-stacktrace>
              <![CDATA[org.openqa.selenium.NoSuchSessionException: Session ID is null. Using WebDriver after calling quit()?
Build info: version: '4.20.0', revision: '866c76ca80'
System info: os.name: 'Windows 11', os.arch: 'amd64', os.version: '10.0', java.version: '22'
Driver info: org.openqa.selenium.chrome.ChromeDriver
Command: [null, findElement {value=//button[normalize-space()='Get Started'], using=xpath}]
Capabilities {acceptInsecureCerts: false, browserName: chrome, browserVersion: 129.0.6668.60, chrome: {chromedriverVersion: 129.0.6668.70 (df87d5cf12b1..., userDataDir: C:\Users\rushi\AppData\Loca...}, fedcm:accounts: true, goog:chromeOptions: {debuggerAddress: localhost:58639}, networkConnectionEnabled: false, pageLoadStrategy: normal, platformName: windows, proxy: Proxy(), se:cdp: ws://localhost:58639/devtoo..., se:cdpVersion: 129.0.6668.60, setWindowRect: true, strictFileInteractability: false, timeouts: {implicit: 0, pageLoad: 300000, script: 30000}, unhandledPromptBehavior: dismiss and notify, webauthn:extension:credBlob: true, webauthn:extension:largeBlob: true, webauthn:extension:minPinLength: true, webauthn:extension:prf: true, webauthn:virtualAuthenticators: true}
at org.openqa.selenium.remote.HttpCommandExecutor.execute(HttpCommandExecutor.java:151)
at org.openqa.selenium.remote.service.DriverCommandExecutor.invokeExecute(DriverCommandExecutor.java:216)
at org.openqa.selenium.remote.service.DriverCommandExecutor.execute(DriverCommandExecutor.java:174)
at org.openqa.selenium.remote.RemoteWebDriver.execute(RemoteWebDriver.java:518)
at org.openqa.selenium.remote.ElementLocation$ElementFinder$2.findElement(ElementLocation.java:165)
at org.openqa.selenium.remote.ElementLocation.findElement(ElementLocation.java:59)
at org.openqa.selenium.remote.RemoteWebDriver.findElement(RemoteWebDriver.java:355)
at org.openqa.selenium.remote.RemoteWebDriver.findElement(RemoteWebDriver.java:349)
at java.base/jdk.internal.reflect.DirectMethodHandleAccessor.invoke(DirectMethodHandleAccessor.java:103)
at java.base/java.lang.reflect.Method.invoke(Method.java:580)
at org.openqa.selenium.support.ThreadGuard$WebDriverInvocationHandler.invokeUnderlying(ThreadGuard.java:99)
at org.openqa.selenium.support.ThreadGuard$WebDriverInvocationHandler.invoke(ThreadGuard.java:91)
at jdk.proxy2/jdk.proxy2.$Proxy25.findElement(Unknown Source)
at org.openqa.selenium.support.pagefactory.DefaultElementLocator.findElement(DefaultElementLocator.java:68)
at org.openqa.selenium.support.pagefactory.internal.LocatingElementHandler.invoke(LocatingElementHandler.java:38)
at jdk.proxy2/jdk.proxy2.$Proxy22.click(Unknown Source)
at pageObject.GetStartedPage.clickGetStartedSP(GetStartedPage.java:25)
at pageObject.HomePage.Login_HomePage(HomePage.java:120)
at testCases.DS_IntroductionTests.DS_PythonEditor_ValidCodes(DS_IntroductionTests.java:79)
at java.base/jdk.internal.reflect.DirectMethodHandleAccessor.invoke(DirectMethodHandleAccessor.java:103)
at java.base/java.lang.reflect.Method.invoke(Method.java:580)
at org.testng.internal.invokers.MethodInvocationHelper.invokeMethod(MethodInvocationHelper.java:141)
at org.testng.internal.invokers.TestInvoker.invokeMethod(TestInvoker.java:686)
at org.testng.internal.invokers.TestInvoker.invokeTestMethod(TestInvoker.java:230)
at org.testng.internal.invokers.MethodRunner.runInSequence(MethodRunner.java:63)
at org.testng.internal.invokers.TestInvoker$MethodInvocationAgent.invoke(TestInvoker.java:992)
at org.testng.internal.invokers.TestInvoker.invokeTestMethods(TestInvoker.java:203)
at org.testng.internal.invokers.TestMethodWorker.invokeTestMethods(TestMethodWorker.java:154)
at org.testng.internal.invokers.TestMethodWorker.run(TestMethodWorker.java:134)
at java.base/java.util.ArrayList.forEach(ArrayList.java:1597)
at org.testng.TestRunner.privateRun(TestRunner.java:739)
at org.testng.TestRunner.run(TestRunner.java:614)
at org.testng.SuiteRunner.runTest(SuiteRunner.java:421)
at org.testng.SuiteRunner.runSequentially(SuiteRunner.java:413)
at org.testng.SuiteRunner.privateRun(SuiteRunner.java:373)
at org.testng.SuiteRunner.run(SuiteRunner.java:312)
at org.testng.SuiteRunnerWorker.runSuite(SuiteRunnerWorker.java:52)
at org.testng.SuiteRunnerWorker.run(SuiteRunnerWorker.java:95)
at org.testng.TestNG.runSuitesSequentially(TestNG.java:1274)
at org.testng.TestNG.runSuitesLocally(TestNG.java:1208)
at org.testng.TestNG.runSuites(TestNG.java:1112)
at org.testng.TestNG.run(TestNG.java:1079)
at org.testng.remote.AbstractRemoteTestNG.run(AbstractRemoteTestNG.java:115)
at org.testng.remote.RemoteTestNG.initAndRun(RemoteTestNG.java:293)
at org.testng.remote.RemoteTestNG.main(RemoteTestNG.java:91)
]]>
            </full-stacktrace>
          </exception> <!-- org.openqa.selenium.NoSuchSessionException -->
          <reporter-output>
          </reporter-output>
        </test-method> <!-- DS_PythonEditor_ValidCodes -->
      </class> <!-- testCases.DS_IntroductionTests -->
      <class name="testCases.RegisterPageTest">
        <test-method is-config="true" signature="setup(java.lang.String)[pri:0, instance:testCases.RegisterPageTest@466cf502]" started-at="2024-10-01T16:35:45 CDT" name="setup" finished-at="2024-10-01T16:35:47 CDT" duration-ms="1493" status="PASS">
          <params>
            <param index="0">
              <value>
                <![CDATA[chrome]]>
              </value>
            </param>
          </params>
          <reporter-output>
          </reporter-output>
        </test-method> <!-- setup -->
        <test-method signature="RegisterNewAccount()[pri:1, instance:testCases.RegisterPageTest@466cf502]" started-at="2024-10-01T16:35:47 CDT" name="RegisterNewAccount" finished-at="2024-10-01T16:35:48 CDT" duration-ms="1319" status="PASS">
          <reporter-output>
          </reporter-output>
        </test-method> <!-- RegisterNewAccount -->
        <test-method is-config="true" signature="tearDown(org.testng.ITestResult)[pri:0, instance:testCases.RegisterPageTest@466cf502]" started-at="2024-10-01T16:35:48 CDT" name="tearDown" finished-at="2024-10-01T16:35:48 CDT" duration-ms="186" status="PASS">
          <params>
            <param index="0">
              <value>
                <![CDATA[[TestResult name=RegisterNewAccount status=SUCCESS method=RegisterPageTest.RegisterNewAccount()[pri:1, instance:testCases.RegisterPageTest@466cf502] output={null}]]]>
              </value>
            </param>
          </params>
          <reporter-output>
          </reporter-output>
        </test-method> <!-- tearDown -->
        <test-method is-config="true" signature="setup(java.lang.String)[pri:0, instance:testCases.RegisterPageTest@466cf502]" started-at="2024-10-01T16:36:21 CDT" name="setup" finished-at="2024-10-01T16:36:23 CDT" duration-ms="1478" status="PASS">
          <params>
            <param index="0">
              <value>
                <![CDATA[chrome]]>
              </value>
            </param>
          </params>
          <reporter-output>
          </reporter-output>
        </test-method> <!-- setup -->
        <test-method signature="checkUsernameLinkDisplayAtHomePageAfterRegister()[pri:2, instance:testCases.RegisterPageTest@466cf502]" started-at="2024-10-01T16:36:23 CDT" name="checkUsernameLinkDisplayAtHomePageAfterRegister" finished-at="2024-10-01T16:36:24 CDT" duration-ms="1261" status="PASS">
          <reporter-output>
          </reporter-output>
        </test-method> <!-- checkUsernameLinkDisplayAtHomePageAfterRegister -->
        <test-method is-config="true" signature="tearDown(org.testng.ITestResult)[pri:0, instance:testCases.RegisterPageTest@466cf502]" started-at="2024-10-01T16:36:24 CDT" name="tearDown" finished-at="2024-10-01T16:36:24 CDT" duration-ms="223" status="PASS">
          <params>
            <param index="0">
              <value>
                <![CDATA[[TestResult name=checkUsernameLinkDisplayAtHomePageAfterRegister status=SUCCESS method=RegisterPageTest.checkUsernameLinkDisplayAtHomePageAfterRegister()[pri:2, instance:testCases.RegisterPageTest@466cf502] output={null}]]]>
              </value>
            </param>
          </params>
          <reporter-output>
          </reporter-output>
        </test-method> <!-- tearDown -->
        <test-method is-config="true" signature="setup(java.lang.String)[pri:0, instance:testCases.RegisterPageTest@466cf502]" started-at="2024-10-01T16:36:42 CDT" name="setup" finished-at="2024-10-01T16:36:43 CDT" duration-ms="1562" status="PASS">
          <params>
            <param index="0">
              <value>
                <![CDATA[chrome]]>
              </value>
            </param>
          </params>
          <reporter-output>
          </reporter-output>
        </test-method> <!-- setup -->
        <test-method signature="RegisterNewUserWithExistingPwd()[pri:3, instance:testCases.RegisterPageTest@466cf502]" started-at="2024-10-01T16:36:43 CDT" name="RegisterNewUserWithExistingPwd" finished-at="2024-10-01T16:36:45 CDT" duration-ms="1267" status="PASS">
          <reporter-output>
          </reporter-output>
        </test-method> <!-- RegisterNewUserWithExistingPwd -->
        <test-method is-config="true" signature="tearDown(org.testng.ITestResult)[pri:0, instance:testCases.RegisterPageTest@466cf502]" started-at="2024-10-01T16:36:45 CDT" name="tearDown" finished-at="2024-10-01T16:36:45 CDT" duration-ms="203" status="PASS">
          <params>
            <param index="0">
              <value>
                <![CDATA[[TestResult name=RegisterNewUserWithExistingPwd status=SUCCESS method=RegisterPageTest.RegisterNewUserWithExistingPwd()[pri:3, instance:testCases.RegisterPageTest@466cf502] output={null}]]]>
              </value>
            </param>
          </params>
          <reporter-output>
          </reporter-output>
        </test-method> <!-- tearDown -->
        <test-method is-config="true" signature="setup(java.lang.String)[pri:0, instance:testCases.RegisterPageTest@466cf502]" started-at="2024-10-01T16:37:08 CDT" name="setup" finished-at="2024-10-01T16:37:10 CDT" duration-ms="1572" status="PASS">
          <params>
            <param index="0">
              <value>
                <![CDATA[chrome]]>
              </value>
            </param>
          </params>
          <reporter-output>
          </reporter-output>
        </test-method> <!-- setup -->
        <test-method signature="checkMovingToLoginPageFromRegisterPage()[pri:4, instance:testCases.RegisterPageTest@466cf502]" started-at="2024-10-01T16:37:10 CDT" name="checkMovingToLoginPageFromRegisterPage" finished-at="2024-10-01T16:37:10 CDT" duration-ms="789" status="PASS">
          <reporter-output>
          </reporter-output>
        </test-method> <!-- checkMovingToLoginPageFromRegisterPage -->
        <test-method is-config="true" signature="tearDown(org.testng.ITestResult)[pri:0, instance:testCases.RegisterPageTest@466cf502]" started-at="2024-10-01T16:37:10 CDT" name="tearDown" finished-at="2024-10-01T16:37:11 CDT" duration-ms="145" status="PASS">
          <params>
            <param index="0">
              <value>
                <![CDATA[[TestResult name=checkMovingToLoginPageFromRegisterPage status=SUCCESS method=RegisterPageTest.checkMovingToLoginPageFromRegisterPage()[pri:4, instance:testCases.RegisterPageTest@466cf502] output={null}]]]>
              </value>
            </param>
          </params>
          <reporter-output>
          </reporter-output>
        </test-method> <!-- tearDown -->
        <test-method is-config="true" signature="setup(java.lang.String)[pri:0, instance:testCases.RegisterPageTest@466cf502]" started-at="2024-10-01T16:37:36 CDT" name="setup" finished-at="2024-10-01T16:37:38 CDT" duration-ms="1538" status="PASS">
          <params>
            <param index="0">
              <value>
                <![CDATA[chrome]]>
              </value>
            </param>
          </params>
          <reporter-output>
          </reporter-output>
        </test-method> <!-- setup -->
        <test-method signature="checkRegisterWithImproperPassword(java.lang.String,java.lang.String,java.lang.String,java.lang.String)[pri:5, instance:testCases.RegisterPageTest@466cf502]" started-at="2024-10-01T16:37:38 CDT" name="checkRegisterWithImproperPassword" data-provider="RegisterWithInvalidData" finished-at="2024-10-01T16:37:39 CDT" duration-ms="1253" status="PASS">
          <params>
            <param index="0">
              <value>
                <![CDATA[DiffPwdTrial]]>
              </value>
            </param>
            <param index="1">
              <value>
                <![CDATA[Password@143]]>
              </value>
            </param>
            <param index="2">
              <value>
                <![CDATA[Pdfgjjjjhjd@143]]>
              </value>
            </param>
            <param index="3">
              <value>
                <![CDATA[pwdMismatch]]>
              </value>
            </param>
          </params>
          <reporter-output>
          </reporter-output>
        </test-method> <!-- checkRegisterWithImproperPassword -->
        <test-method is-config="true" signature="tearDown(org.testng.ITestResult)[pri:0, instance:testCases.RegisterPageTest@466cf502]" started-at="2024-10-01T16:37:39 CDT" name="tearDown" finished-at="2024-10-01T16:37:39 CDT" duration-ms="166" status="PASS">
          <params>
            <param index="0">
              <value>
                <![CDATA[[TestResult name=checkRegisterWithImproperPassword status=SUCCESS method=RegisterPageTest.checkRegisterWithImproperPassword(java.lang.String,java.lang.String,java.lang.String,java.lang.String)[pri:5, instance:testCases.RegisterPageTest@466cf502] output={null}]]]>
              </value>
            </param>
          </params>
          <reporter-output>
          </reporter-output>
        </test-method> <!-- tearDown -->
        <test-method is-config="true" signature="setup(java.lang.String)[pri:0, instance:testCases.RegisterPageTest@466cf502]" started-at="2024-10-01T16:37:39 CDT" name="setup" finished-at="2024-10-01T16:37:41 CDT" duration-ms="1443" status="PASS">
          <params>
            <param index="0">
              <value>
                <![CDATA[chrome]]>
              </value>
            </param>
          </params>
          <reporter-output>
          </reporter-output>
        </test-method> <!-- setup -->
        <test-method signature="checkRegisterWithImproperPassword(java.lang.String,java.lang.String,java.lang.String,java.lang.String)[pri:5, instance:testCases.RegisterPageTest@466cf502]" started-at="2024-10-01T16:37:41 CDT" name="checkRegisterWithImproperPassword" data-provider="RegisterWithInvalidData" finished-at="2024-10-01T16:37:42 CDT" duration-ms="1196" status="FAIL">
          <params>
            <param index="0">
              <value>
                <![CDATA[Testing]]>
              </value>
            </param>
            <param index="1">
              <value>
                <![CDATA[existingUser@143]]>
              </value>
            </param>
            <param index="2">
              <value>
                <![CDATA[existingUser@143]]>
              </value>
            </param>
            <param index="3">
              <value>
                <![CDATA[NotpwdMismatch]]>
              </value>
            </param>
          </params>
          <exception class="java.lang.AssertionError">
            <message>
              <![CDATA[expected [true] but found [false]]]>
            </message>
            <full-stacktrace>
              <![CDATA[java.lang.AssertionError: expected [true] but found [false]
at org.testng.Assert.fail(Assert.java:111)
at org.testng.Assert.failNotEquals(Assert.java:1578)
at org.testng.Assert.assertTrue(Assert.java:57)
at org.testng.Assert.assertTrue(Assert.java:67)
at testCases.RegisterPageTest.checkRegisterWithImproperPassword(RegisterPageTest.java:119)
at java.base/jdk.internal.reflect.DirectMethodHandleAccessor.invoke(DirectMethodHandleAccessor.java:103)
at java.base/java.lang.reflect.Method.invoke(Method.java:580)
at org.testng.internal.invokers.MethodInvocationHelper.invokeMethod(MethodInvocationHelper.java:141)
at org.testng.internal.invokers.TestInvoker.invokeMethod(TestInvoker.java:686)
at org.testng.internal.invokers.TestInvoker.invokeTestMethod(TestInvoker.java:230)
at org.testng.internal.invokers.MethodRunner.runInSequence(MethodRunner.java:63)
at org.testng.internal.invokers.TestInvoker$MethodInvocationAgent.invoke(TestInvoker.java:992)
at org.testng.internal.invokers.TestInvoker.invokeTestMethods(TestInvoker.java:203)
at org.testng.internal.invokers.TestMethodWorker.invokeTestMethods(TestMethodWorker.java:154)
at org.testng.internal.invokers.TestMethodWorker.run(TestMethodWorker.java:134)
at java.base/java.util.ArrayList.forEach(ArrayList.java:1597)
at org.testng.TestRunner.privateRun(TestRunner.java:739)
at org.testng.TestRunner.run(TestRunner.java:614)
at org.testng.SuiteRunner.runTest(SuiteRunner.java:421)
at org.testng.SuiteRunner.runSequentially(SuiteRunner.java:413)
at org.testng.SuiteRunner.privateRun(SuiteRunner.java:373)
at org.testng.SuiteRunner.run(SuiteRunner.java:312)
at org.testng.SuiteRunnerWorker.runSuite(SuiteRunnerWorker.java:52)
at org.testng.SuiteRunnerWorker.run(SuiteRunnerWorker.java:95)
at org.testng.TestNG.runSuitesSequentially(TestNG.java:1274)
at org.testng.TestNG.runSuitesLocally(TestNG.java:1208)
at org.testng.TestNG.runSuites(TestNG.java:1112)
at org.testng.TestNG.run(TestNG.java:1079)
at org.testng.remote.AbstractRemoteTestNG.run(AbstractRemoteTestNG.java:115)
at org.testng.remote.RemoteTestNG.initAndRun(RemoteTestNG.java:293)
at org.testng.remote.RemoteTestNG.main(RemoteTestNG.java:91)
]]>
            </full-stacktrace>
          </exception> <!-- java.lang.AssertionError -->
          <reporter-output>
          </reporter-output>
        </test-method> <!-- checkRegisterWithImproperPassword -->
        <test-method is-config="true" signature="tearDown(org.testng.ITestResult)[pri:0, instance:testCases.RegisterPageTest@466cf502]" started-at="2024-10-01T16:37:42 CDT" name="tearDown" finished-at="2024-10-01T16:37:42 CDT" duration-ms="249" status="PASS">
          <params>
            <param index="0">
              <value>
                <![CDATA[[TestResult name=checkRegisterWithImproperPassword status=FAILURE method=RegisterPageTest.checkRegisterWithImproperPassword(java.lang.String,java.lang.String,java.lang.String,java.lang.String)[pri:5, instance:testCases.RegisterPageTest@466cf502] output={null}]]]>
              </value>
            </param>
          </params>
          <reporter-output>
          </reporter-output>
        </test-method> <!-- tearDown -->
        <test-method is-config="true" signature="setup(java.lang.String)[pri:0, instance:testCases.RegisterPageTest@466cf502]" started-at="2024-10-01T16:37:42 CDT" name="setup" finished-at="2024-10-01T16:37:44 CDT" duration-ms="1412" status="PASS">
          <params>
            <param index="0">
              <value>
                <![CDATA[chrome]]>
              </value>
            </param>
          </params>
          <reporter-output>
          </reporter-output>
        </test-method> <!-- setup -->
        <test-method signature="checkRegisterWithImproperPassword(java.lang.String,java.lang.String,java.lang.String,java.lang.String)[pri:5, instance:testCases.RegisterPageTest@466cf502]" started-at="2024-10-01T16:37:44 CDT" name="checkRegisterWithImproperPassword" data-provider="RegisterWithInvalidData" finished-at="2024-10-01T16:37:45 CDT" duration-ms="1155" status="FAIL">
          <params>
            <param index="0">
              <value>
                <![CDATA[LessCharPassword]]>
              </value>
            </param>
            <param index="1">
              <value>
                <![CDATA[trial45]]>
              </value>
            </param>
            <param index="2">
              <value>
                <![CDATA[trial45]]>
              </value>
            </param>
            <param index="3">
              <value>
                <![CDATA[NotpwdMismatch]]>
              </value>
            </param>
          </params>
          <exception class="java.lang.AssertionError">
            <message>
              <![CDATA[expected [true] but found [false]]]>
            </message>
            <full-stacktrace>
              <![CDATA[java.lang.AssertionError: expected [true] but found [false]
at org.testng.Assert.fail(Assert.java:111)
at org.testng.Assert.failNotEquals(Assert.java:1578)
at org.testng.Assert.assertTrue(Assert.java:57)
at org.testng.Assert.assertTrue(Assert.java:67)
at testCases.RegisterPageTest.checkRegisterWithImproperPassword(RegisterPageTest.java:119)
at java.base/jdk.internal.reflect.DirectMethodHandleAccessor.invoke(DirectMethodHandleAccessor.java:103)
at java.base/java.lang.reflect.Method.invoke(Method.java:580)
at org.testng.internal.invokers.MethodInvocationHelper.invokeMethod(MethodInvocationHelper.java:141)
at org.testng.internal.invokers.TestInvoker.invokeMethod(TestInvoker.java:686)
at org.testng.internal.invokers.TestInvoker.invokeTestMethod(TestInvoker.java:230)
at org.testng.internal.invokers.MethodRunner.runInSequence(MethodRunner.java:63)
at org.testng.internal.invokers.TestInvoker$MethodInvocationAgent.invoke(TestInvoker.java:992)
at org.testng.internal.invokers.TestInvoker.invokeTestMethods(TestInvoker.java:203)
at org.testng.internal.invokers.TestMethodWorker.invokeTestMethods(TestMethodWorker.java:154)
at org.testng.internal.invokers.TestMethodWorker.run(TestMethodWorker.java:134)
at java.base/java.util.ArrayList.forEach(ArrayList.java:1597)
at org.testng.TestRunner.privateRun(TestRunner.java:739)
at org.testng.TestRunner.run(TestRunner.java:614)
at org.testng.SuiteRunner.runTest(SuiteRunner.java:421)
at org.testng.SuiteRunner.runSequentially(SuiteRunner.java:413)
at org.testng.SuiteRunner.privateRun(SuiteRunner.java:373)
at org.testng.SuiteRunner.run(SuiteRunner.java:312)
at org.testng.SuiteRunnerWorker.runSuite(SuiteRunnerWorker.java:52)
at org.testng.SuiteRunnerWorker.run(SuiteRunnerWorker.java:95)
at org.testng.TestNG.runSuitesSequentially(TestNG.java:1274)
at org.testng.TestNG.runSuitesLocally(TestNG.java:1208)
at org.testng.TestNG.runSuites(TestNG.java:1112)
at org.testng.TestNG.run(TestNG.java:1079)
at org.testng.remote.AbstractRemoteTestNG.run(AbstractRemoteTestNG.java:115)
at org.testng.remote.RemoteTestNG.initAndRun(RemoteTestNG.java:293)
at org.testng.remote.RemoteTestNG.main(RemoteTestNG.java:91)
]]>
            </full-stacktrace>
          </exception> <!-- java.lang.AssertionError -->
          <reporter-output>
          </reporter-output>
        </test-method> <!-- checkRegisterWithImproperPassword -->
        <test-method is-config="true" signature="tearDown(org.testng.ITestResult)[pri:0, instance:testCases.RegisterPageTest@466cf502]" started-at="2024-10-01T16:37:45 CDT" name="tearDown" finished-at="2024-10-01T16:37:45 CDT" duration-ms="290" status="PASS">
          <params>
            <param index="0">
              <value>
                <![CDATA[[TestResult name=checkRegisterWithImproperPassword status=FAILURE method=RegisterPageTest.checkRegisterWithImproperPassword(java.lang.String,java.lang.String,java.lang.String,java.lang.String)[pri:5, instance:testCases.RegisterPageTest@466cf502] output={null}]]]>
              </value>
            </param>
          </params>
          <reporter-output>
          </reporter-output>
        </test-method> <!-- tearDown -->
        <test-method is-config="true" signature="setup(java.lang.String)[pri:0, instance:testCases.RegisterPageTest@466cf502]" started-at="2024-10-01T16:37:45 CDT" name="setup" finished-at="2024-10-01T16:37:47 CDT" duration-ms="1472" status="PASS">
          <params>
            <param index="0">
              <value>
                <![CDATA[chrome]]>
              </value>
            </param>
          </params>
          <reporter-output>
          </reporter-output>
        </test-method> <!-- setup -->
        <test-method signature="checkRegisterWithImproperPassword(java.lang.String,java.lang.String,java.lang.String,java.lang.String)[pri:5, instance:testCases.RegisterPageTest@466cf502]" started-at="2024-10-01T16:37:47 CDT" name="checkRegisterWithImproperPassword" data-provider="RegisterWithInvalidData" finished-at="2024-10-01T16:37:48 CDT" duration-ms="1146" status="FAIL">
          <params>
            <param index="0">
              <value>
                <![CDATA[entireNumbers]]>
              </value>
            </param>
            <param index="1">
              <value>
                <![CDATA[12345678]]>
              </value>
            </param>
            <param index="2">
              <value>
                <![CDATA[12345678]]>
              </value>
            </param>
            <param index="3">
              <value>
                <![CDATA[NotpwdMismatch]]>
              </value>
            </param>
          </params>
          <exception class="java.lang.AssertionError">
            <message>
              <![CDATA[expected [true] but found [false]]]>
            </message>
            <full-stacktrace>
              <![CDATA[java.lang.AssertionError: expected [true] but found [false]
at org.testng.Assert.fail(Assert.java:111)
at org.testng.Assert.failNotEquals(Assert.java:1578)
at org.testng.Assert.assertTrue(Assert.java:57)
at org.testng.Assert.assertTrue(Assert.java:67)
at testCases.RegisterPageTest.checkRegisterWithImproperPassword(RegisterPageTest.java:119)
at java.base/jdk.internal.reflect.DirectMethodHandleAccessor.invoke(DirectMethodHandleAccessor.java:103)
at java.base/java.lang.reflect.Method.invoke(Method.java:580)
at org.testng.internal.invokers.MethodInvocationHelper.invokeMethod(MethodInvocationHelper.java:141)
at org.testng.internal.invokers.TestInvoker.invokeMethod(TestInvoker.java:686)
at org.testng.internal.invokers.TestInvoker.invokeTestMethod(TestInvoker.java:230)
at org.testng.internal.invokers.MethodRunner.runInSequence(MethodRunner.java:63)
at org.testng.internal.invokers.TestInvoker$MethodInvocationAgent.invoke(TestInvoker.java:992)
at org.testng.internal.invokers.TestInvoker.invokeTestMethods(TestInvoker.java:203)
at org.testng.internal.invokers.TestMethodWorker.invokeTestMethods(TestMethodWorker.java:154)
at org.testng.internal.invokers.TestMethodWorker.run(TestMethodWorker.java:134)
at java.base/java.util.ArrayList.forEach(ArrayList.java:1597)
at org.testng.TestRunner.privateRun(TestRunner.java:739)
at org.testng.TestRunner.run(TestRunner.java:614)
at org.testng.SuiteRunner.runTest(SuiteRunner.java:421)
at org.testng.SuiteRunner.runSequentially(SuiteRunner.java:413)
at org.testng.SuiteRunner.privateRun(SuiteRunner.java:373)
at org.testng.SuiteRunner.run(SuiteRunner.java:312)
at org.testng.SuiteRunnerWorker.runSuite(SuiteRunnerWorker.java:52)
at org.testng.SuiteRunnerWorker.run(SuiteRunnerWorker.java:95)
at org.testng.TestNG.runSuitesSequentially(TestNG.java:1274)
at org.testng.TestNG.runSuitesLocally(TestNG.java:1208)
at org.testng.TestNG.runSuites(TestNG.java:1112)
at org.testng.TestNG.run(TestNG.java:1079)
at org.testng.remote.AbstractRemoteTestNG.run(AbstractRemoteTestNG.java:115)
at org.testng.remote.RemoteTestNG.initAndRun(RemoteTestNG.java:293)
at org.testng.remote.RemoteTestNG.main(RemoteTestNG.java:91)
]]>
            </full-stacktrace>
          </exception> <!-- java.lang.AssertionError -->
          <reporter-output>
          </reporter-output>
        </test-method> <!-- checkRegisterWithImproperPassword -->
        <test-method is-config="true" signature="tearDown(org.testng.ITestResult)[pri:0, instance:testCases.RegisterPageTest@466cf502]" started-at="2024-10-01T16:37:48 CDT" name="tearDown" finished-at="2024-10-01T16:37:48 CDT" duration-ms="268" status="PASS">
          <params>
            <param index="0">
              <value>
                <![CDATA[[TestResult name=checkRegisterWithImproperPassword status=FAILURE method=RegisterPageTest.checkRegisterWithImproperPassword(java.lang.String,java.lang.String,java.lang.String,java.lang.String)[pri:5, instance:testCases.RegisterPageTest@466cf502] output={null}]]]>
              </value>
            </param>
          </params>
          <reporter-output>
          </reporter-output>
        </test-method> <!-- tearDown -->
        <test-method is-config="true" signature="setup(java.lang.String)[pri:0, instance:testCases.RegisterPageTest@466cf502]" started-at="2024-10-01T16:37:48 CDT" name="setup" finished-at="2024-10-01T16:37:49 CDT" duration-ms="1375" status="PASS">
          <params>
            <param index="0">
              <value>
                <![CDATA[chrome]]>
              </value>
            </param>
          </params>
          <reporter-output>
          </reporter-output>
        </test-method> <!-- setup -->
        <test-method signature="checkRegisterWithImproperPassword(java.lang.String,java.lang.String,java.lang.String,java.lang.String)[pri:5, instance:testCases.RegisterPageTest@466cf502]" started-at="2024-10-01T16:37:49 CDT" name="checkRegisterWithImproperPassword" data-provider="RegisterWithInvalidData" finished-at="2024-10-01T16:37:51 CDT" duration-ms="1270" status="FAIL">
          <params>
            <param index="0">
              <value>
                <![CDATA[commomPassword]]>
              </value>
            </param>
            <param index="1">
              <value>
                <![CDATA[Password123]]>
              </value>
            </param>
            <param index="2">
              <value>
                <![CDATA[Password123]]>
              </value>
            </param>
            <param index="3">
              <value>
                <![CDATA[NotpwdMismatch]]>
              </value>
            </param>
          </params>
          <exception class="java.lang.AssertionError">
            <message>
              <![CDATA[expected [true] but found [false]]]>
            </message>
            <full-stacktrace>
              <![CDATA[java.lang.AssertionError: expected [true] but found [false]
at org.testng.Assert.fail(Assert.java:111)
at org.testng.Assert.failNotEquals(Assert.java:1578)
at org.testng.Assert.assertTrue(Assert.java:57)
at org.testng.Assert.assertTrue(Assert.java:67)
at testCases.RegisterPageTest.checkRegisterWithImproperPassword(RegisterPageTest.java:119)
at java.base/jdk.internal.reflect.DirectMethodHandleAccessor.invoke(DirectMethodHandleAccessor.java:103)
at java.base/java.lang.reflect.Method.invoke(Method.java:580)
at org.testng.internal.invokers.MethodInvocationHelper.invokeMethod(MethodInvocationHelper.java:141)
at org.testng.internal.invokers.TestInvoker.invokeMethod(TestInvoker.java:686)
at org.testng.internal.invokers.TestInvoker.invokeTestMethod(TestInvoker.java:230)
at org.testng.internal.invokers.MethodRunner.runInSequence(MethodRunner.java:63)
at org.testng.internal.invokers.TestInvoker$MethodInvocationAgent.invoke(TestInvoker.java:992)
at org.testng.internal.invokers.TestInvoker.invokeTestMethods(TestInvoker.java:203)
at org.testng.internal.invokers.TestMethodWorker.invokeTestMethods(TestMethodWorker.java:154)
at org.testng.internal.invokers.TestMethodWorker.run(TestMethodWorker.java:134)
at java.base/java.util.ArrayList.forEach(ArrayList.java:1597)
at org.testng.TestRunner.privateRun(TestRunner.java:739)
at org.testng.TestRunner.run(TestRunner.java:614)
at org.testng.SuiteRunner.runTest(SuiteRunner.java:421)
at org.testng.SuiteRunner.runSequentially(SuiteRunner.java:413)
at org.testng.SuiteRunner.privateRun(SuiteRunner.java:373)
at org.testng.SuiteRunner.run(SuiteRunner.java:312)
at org.testng.SuiteRunnerWorker.runSuite(SuiteRunnerWorker.java:52)
at org.testng.SuiteRunnerWorker.run(SuiteRunnerWorker.java:95)
at org.testng.TestNG.runSuitesSequentially(TestNG.java:1274)
at org.testng.TestNG.runSuitesLocally(TestNG.java:1208)
at org.testng.TestNG.runSuites(TestNG.java:1112)
at org.testng.TestNG.run(TestNG.java:1079)
at org.testng.remote.AbstractRemoteTestNG.run(AbstractRemoteTestNG.java:115)
at org.testng.remote.RemoteTestNG.initAndRun(RemoteTestNG.java:293)
at org.testng.remote.RemoteTestNG.main(RemoteTestNG.java:91)
]]>
            </full-stacktrace>
          </exception> <!-- java.lang.AssertionError -->
          <reporter-output>
          </reporter-output>
        </test-method> <!-- checkRegisterWithImproperPassword -->
        <test-method is-config="true" signature="tearDown(org.testng.ITestResult)[pri:0, instance:testCases.RegisterPageTest@466cf502]" started-at="2024-10-01T16:37:51 CDT" name="tearDown" finished-at="2024-10-01T16:37:51 CDT" duration-ms="296" status="PASS">
          <params>
            <param index="0">
              <value>
                <![CDATA[[TestResult name=checkRegisterWithImproperPassword status=FAILURE method=RegisterPageTest.checkRegisterWithImproperPassword(java.lang.String,java.lang.String,java.lang.String,java.lang.String)[pri:5, instance:testCases.RegisterPageTest@466cf502] output={null}]]]>
              </value>
            </param>
          </params>
          <reporter-output>
          </reporter-output>
        </test-method> <!-- tearDown -->
      </class> <!-- testCases.RegisterPageTest -->
      <class name="testCases.GetStartedPageTest">
        <test-method is-config="true" signature="setup(java.lang.String)[pri:0, instance:testCases.GetStartedPageTest@578524c3]" started-at="2024-10-01T16:35:10 CDT" name="setup" finished-at="2024-10-01T16:35:12 CDT" duration-ms="2036" status="PASS">
          <params>
            <param index="0">
              <value>
                <![CDATA[chrome]]>
              </value>
            </param>
          </params>
          <reporter-output>
          </reporter-output>
        </test-method> <!-- setup -->
        <test-method signature="TestGetStartedButton()[pri:1, instance:testCases.GetStartedPageTest@578524c3]" started-at="2024-10-01T16:35:13 CDT" name="TestGetStartedButton" finished-at="2024-10-01T16:35:13 CDT" duration-ms="395" status="PASS">
          <reporter-output>
          </reporter-output>
        </test-method> <!-- TestGetStartedButton -->
        <test-method is-config="true" signature="tearDown(org.testng.ITestResult)[pri:0, instance:testCases.GetStartedPageTest@578524c3]" started-at="2024-10-01T16:35:13 CDT" name="tearDown" finished-at="2024-10-01T16:35:13 CDT" duration-ms="176" status="PASS">
          <params>
            <param index="0">
              <value>
                <![CDATA[[TestResult name=TestGetStartedButton status=SUCCESS method=GetStartedPageTest.TestGetStartedButton()[pri:1, instance:testCases.GetStartedPageTest@578524c3] output={null}]]]>
              </value>
            </param>
          </params>
          <reporter-output>
          </reporter-output>
        </test-method> <!-- tearDown -->
        <test-method is-config="true" signature="setup(java.lang.String)[pri:0, instance:testCases.GetStartedPageTest@578524c3]" started-at="2024-10-01T16:35:48 CDT" name="setup" finished-at="2024-10-01T16:35:50 CDT" duration-ms="1585" status="PASS">
          <params>
            <param index="0">
              <value>
                <![CDATA[chrome]]>
              </value>
            </param>
          </params>
          <reporter-output>
          </reporter-output>
        </test-method> <!-- setup -->
        <test-method signature="CopyrightNumpyNinja2021Display()[pri:2, instance:testCases.GetStartedPageTest@578524c3]" started-at="2024-10-01T16:35:50 CDT" name="CopyrightNumpyNinja2021Display" finished-at="2024-10-01T16:35:50 CDT" duration-ms="50" status="PASS">
          <reporter-output>
          </reporter-output>
        </test-method> <!-- CopyrightNumpyNinja2021Display -->
        <test-method is-config="true" signature="tearDown(org.testng.ITestResult)[pri:0, instance:testCases.GetStartedPageTest@578524c3]" started-at="2024-10-01T16:35:50 CDT" name="tearDown" finished-at="2024-10-01T16:35:50 CDT" duration-ms="123" status="PASS">
          <params>
            <param index="0">
              <value>
                <![CDATA[[TestResult name=CopyrightNumpyNinja2021Display status=SUCCESS method=GetStartedPageTest.CopyrightNumpyNinja2021Display()[pri:2, instance:testCases.GetStartedPageTest@578524c3] output={null}]]]>
              </value>
            </param>
          </params>
          <reporter-output>
          </reporter-output>
        </test-method> <!-- tearDown -->
      </class> <!-- testCases.GetStartedPageTest -->
    </test> <!-- Test -->
  </suite> <!-- Suite -->
</testng-results>
